Determining if the pthread_create exist failed with the following output:
Change Dir: /home/carnd/CYML/triangulate/gDel3D-master/build/CMakeFiles/CMakeTmp

Run Build Command:"/usr/bin/make" "cmTC_80975/fast"
/usr/bin/make -f CMakeFiles/cmTC_80975.dir/build.make CMakeFiles/cmTC_80975.dir/build
make[1]: Entering directory '/home/carnd/CYML/triangulate/gDel3D-master/build/CMakeFiles/CMakeTmp'
Building C object CMakeFiles/cmTC_80975.dir/CheckSymbolExists.c.o
/usr/bin/cc    -fPIC    -o CMakeFiles/cmTC_80975.dir/CheckSymbolExists.c.o   -c /home/carnd/CYML/triangulate/gDel3D-master/build/CMakeFiles/CMakeTmp/CheckSymbolExists.c
Linking C executable cmTC_80975
/usr/bin/cmake -E cmake_link_script CMakeFiles/cmTC_80975.dir/link.txt --verbose=1
/usr/bin/cc  -fPIC     CMakeFiles/cmTC_80975.dir/CheckSymbolExists.c.o  -o cmTC_80975 -rdynamic 
CMakeFiles/cmTC_80975.dir/CheckSymbolExists.c.o: In function `main':
CheckSymbolExists.c:(.text+0x1b): undefined reference to `pthread_create'
collect2: error: ld returned 1 exit status
CMakeFiles/cmTC_80975.dir/build.make:97: recipe for target 'cmTC_80975' failed
make[1]: *** [cmTC_80975] Error 1
make[1]: Leaving directory '/home/carnd/CYML/triangulate/gDel3D-master/build/CMakeFiles/CMakeTmp'
Makefile:126: recipe for target 'cmTC_80975/fast' failed
make: *** [cmTC_80975/fast] Error 2

File /home/carnd/CYML/triangulate/gDel3D-master/build/CMakeFiles/CMakeTmp/CheckSymbolExists.c:
/* */
#include <pthread.h>

int main(int argc, char** argv)
{
  (void)argv;
#ifndef pthread_create
  return ((int*)(&pthread_create))[argc];
#else
  (void)argc;
  return 0;
#endif
}

Determining if the function pthread_create exists in the pthreads failed with the following output:
Change Dir: /home/carnd/CYML/triangulate/gDel3D-master/build/CMakeFiles/CMakeTmp

Run Build Command:"/usr/bin/make" "cmTC_7add6/fast"
/usr/bin/make -f CMakeFiles/cmTC_7add6.dir/build.make CMakeFiles/cmTC_7add6.dir/build
make[1]: Entering directory '/home/carnd/CYML/triangulate/gDel3D-master/build/CMakeFiles/CMakeTmp'
Building C object CMakeFiles/cmTC_7add6.dir/CheckFunctionExists.c.o
/usr/bin/cc    -fPIC -DCHECK_FUNCTION_EXISTS=pthread_create   -o CMakeFiles/cmTC_7add6.dir/CheckFunctionExists.c.o   -c /usr/share/cmake-3.5/Modules/CheckFunctionExists.c
Linking C executable cmTC_7add6
/usr/bin/cmake -E cmake_link_script CMakeFiles/cmTC_7add6.dir/link.txt --verbose=1
/usr/bin/cc  -fPIC -DCHECK_FUNCTION_EXISTS=pthread_create    CMakeFiles/cmTC_7add6.dir/CheckFunctionExists.c.o  -o cmTC_7add6 -rdynamic -lpthreads 
/usr/bin/ld: cannot find -lpthreads
collect2: error: ld returned 1 exit status
CMakeFiles/cmTC_7add6.dir/build.make:97: recipe for target 'cmTC_7add6' failed
make[1]: *** [cmTC_7add6] Error 1
make[1]: Leaving directory '/home/carnd/CYML/triangulate/gDel3D-master/build/CMakeFiles/CMakeTmp'
Makefile:126: recipe for target 'cmTC_7add6/fast' failed
make: *** [cmTC_7add6/fast] Error 2


