('solution: ', array([ 4.11456281e+14,  2.63225015e+00, -2.07586832e+16]))
('guessed vol: ', -2.22072130337867e-46)
('volume: ', 2.22072130337867e-46, ' is out of bounds.')
('reset starting point: ', 0.3043422120946485, 0.5960538539301468, 0.7632997303544252)
/usr/lib64/python2.7/site-packages/scipy/optimize/minpack.py:161: RuntimeWarning: The iteration is not making good progress, as measured by the 
  improvement from the last ten iterations.
  warnings.warn(msg, RuntimeWarning)
('solution: ', array([ 9.10440239e+14,  2.35153283e+00, -7.74279017e+16]))
('guessed vol: ', -5.83207098095970e-48)
('volume: ', 5.83207098095970e-48, ' is out of bounds.')
('reset starting point: ', 0.692713174107518, 0.25069770582376916, 0.9352609062123004)
('solution: ', array([ 2.19874695e+14,  2.68277131e+00, -1.04273485e+16]))
('guessed vol: ', -1.73532645650125e-45)
('volume: ', 1.73532645650125e-45, ' is out of bounds.')
('range ', 1, 1, 1, ' does not work')
('try bound: ', [[0, 1], [0, 1], [1, 2]])
('reset starting point: ', 0.3358931579157115, 0.2804462135382636, 1.5157335362075355)
('solution: ', array([ 7.83660279e+14,  2.44212621e+00, -5.39139041e+16]))
('guessed vol: ', -1.47607708218524e-47)
('volume: ', 1.47607708218524e-47, ' is out of bounds.')
('reset starting point: ', 0.27323292965575696, 0.08328212276525104, 1.702774750912464)
('solution: ', array([ 1.07494433e+15,  2.86082611e+00, -4.29220525e+16]))
('guessed vol: ', -2.61468887874988e-47)
('volume: ', 2.61468887874988e-47, ' is out of bounds.')
('reset starting point: ', 0.9428632141397685, 0.2885765269191125, 1.9809584170718963)
('solution: ', array([2.75409713, 1.00039981, 1.43772827]))
('guessed vol: ', -0.00909504402718868)
('volume: ', 0.00909504402718868, ' is out of bounds.')
('range ', 1, 1, 2, ' does not work')
('try bound: ', [[0, 1], [0, 1], [2, 3]])
('reset starting point: ', 0.0371312912362759, 0.004423421262611749, 2.9750620957326666)
('solution: ', array([ 2.3223119 ,  0.94158668, 49.3741417 ]))
('guessed vol: ', 0.0421640287314962)
('volume: ', 0.0421640287314962, ' is out of bounds.')
('reset starting point: ', 0.06424073358944316, 0.6992738487797999, 2.2333008177863833)
('solution: ', array([ 0.92686906,  2.83404966, 63.91025963]))
('guessed vol: ', 0.0251496514707788)
('volume: ', 0.0251496514707788, ' is out of bounds.')
('reset starting point: ', 0.19296626323136745, 0.04872676649013552, 2.4721549507729272)
('solution: ', array([ 2.3223119 ,  0.94158668, 49.3741417 ]))
('guessed vol: ', 0.0421640287314962)
('volume: ', 0.0421640287314962, ' is out of bounds.')
('range ', 1, 1, 3, ' does not work')
('try bound: ', [[0, 1], [1, 2], [0, 1]])
('reset starting point: ', 0.29390741011760235, 1.6613724383989976, 0.9401075025101732)
('solution: ', array([  1.53615393,   1.34758431, -32.64898929]))
('guessed vol: ', -0.00298807384506814)
('volume: ', 0.00298807384506814, ' is out of bounds.')
('reset starting point: ', 0.2155481719048059, 1.7902708628403698, 0.5409737668552428)
('solution: ', array([ 1.52409583e+15,  2.28773531e+00, -1.56788546e+17]))
('guessed vol: ', -8.23798336875264e-49)
('volume: ', 8.23798336875264e-49, ' is out of bounds.')
('reset starting point: ', 0.543158666636412, 1.7583275295264045, 0.8923981663673547)
('solution: ', array([ 1.09796319e+15,  2.29186832e+00, -1.11416827e+17]))
('guessed vol: ', -2.26860336262003e-48)
('volume: ', 2.26860336262003e-48, ' is out of bounds.')
('range ', 1, 2, 1, ' does not work')
('try bound: ', [[0, 1], [1, 2], [1, 2]])
('reset starting point: ', 0.10878391448482927, 1.2947738423301995, 1.5173555786517388)
/usr/lib64/python2.7/site-packages/scipy/optimize/minpack.py:161: RuntimeWarning: The iteration is not making good progress, as measured by the 
  improvement from the last five Jacobian evaluations.
  warnings.warn(msg, RuntimeWarning)
('solution: ', array([1.42206782, 2.17828346, 0.54043925]))
('guessed vol: ', -0.00601505838034439)
('volume: ', 0.00601505838034439, ' is out of bounds.')
('reset starting point: ', 0.21915186869588066, 1.1561912953862892, 1.924700887085743)
('solution: ', array([ 1.41662893e+15,  2.29294123e+00, -1.43249219e+17]))
('guessed vol: ', -1.06417539596675e-48)
('volume: ', 1.06417539596675e-48, ' is out of bounds.')
('reset starting point: ', 0.9670631411633546, 1.729631711619398, 1.623739580501045)
('solution: ', array([ 1.59290320e+15,  2.38984595e+00, -1.22995609e+17]))
('guessed vol: ', -1.34980165978737e-48)
('volume: ', 1.34980165978737e-48, ' is out of bounds.')
('range ', 1, 2, 2, ' does not work')
('try bound: ', [[0, 1], [1, 2], [2, 3]])
('reset starting point: ', 0.9064090195328971, 1.9231069548684785, 2.631231692301573)
('solution: ', array([ 5.41464146e+14,  2.35904911e+00, -4.51429494e+16]))
('guessed vol: ', -2.89653892821024e-47)
('volume: ', 2.89653892821024e-47, ' is out of bounds.')
('reset starting point: ', 0.09308719316532466, 1.3784186619019687, 2.4261082384652095)
('solution: ', array([ 6.26404698e+14,  2.41900436e+00, -4.52574083e+16]))
('guessed vol: ', -2.58109619269709e-47)
('volume: ', 2.58109619269709e-47, ' is out of bounds.')
('reset starting point: ', 0.8009381090332551, 1.9820024652862356, 2.578234479010249)
('solution: ', array([ 8.27021501e+14,  2.46363589e+00, -5.45093537e+16]))
('guessed vol: ', -1.38883626893174e-47)
('volume: ', 1.38883626893174e-47, ' is out of bounds.')
('range ', 1, 2, 3, ' does not work')
('try bound: ', [[0, 1], [2, 3], [0, 1]])
('reset starting point: ', 0.5575642695200068, 2.1034216459059207, 0.9555513915165141)
('solution: ', array([ 3.95557870e+14,  2.28702316e+00, -4.07891604e+16]))
('guessed vol: ', -4.68843600592456e-47)
('volume: ', 4.68843600592456e-47, ' is out of bounds.')
('reset starting point: ', 0.333452836342108, 2.6647562138701644, 0.7073002630534463)
('solution: ', array([ 1.01834403e+15,  2.31790353e+00, -9.52431130e+16]))
('guessed vol: ', -3.38766296454306e-48)
('volume: ', 3.38766296454306e-48, ' is out of bounds.')
('reset starting point: ', 0.8985619309507369, 2.6330256229426183, 0.6160498073903189)
('solution: ', array([ 1.56580889e+14,  2.70969579e+00, -7.20395371e+15]))
('guessed vol: ', -5.25918542178401e-45)
('volume: ', 5.25918542178401e-45, ' is out of bounds.')
('range ', 1, 3, 1, ' does not work')
('try bound: ', [[0, 1], [2, 3], [1, 2]])
('reset starting point: ', 0.3188631134275872, 2.21313217259474, 1.4005518000104042)
('solution: ', array([ 2.92282830e+15,  2.12428360e+00, -6.84638497e+17]))
('guessed vol: ', -2.14144312936041e-50)
('volume: ', 2.14144312936041e-50, ' is out of bounds.')
('reset starting point: ', 0.20809318081909145, 2.6940481356116757, 1.8724261841489889)
('solution: ', array([ 8.62101670e+14,  2.07931312e+00, -3.15714059e+17]))
('guessed vol: ', -3.39079221161073e-49)
('volume: ', 3.39079221161073e-49, ' is out of bounds.')
('reset starting point: ', 0.5605368504374687, 2.132099705749272, 1.2195995074802095)
('solution: ', array([ 2.06825988e+15,  2.17702895e+00, -3.41466543e+17]))
('guessed vol: ', -1.23116981923611e-49)
('volume: ', 1.23116981923611e-49, ' is out of bounds.')
('range ', 1, 3, 2, ' does not work')
('try bound: ', [[0, 1], [2, 3], [2, 3]])
('reset starting point: ', 0.5788803771508607, 2.011836226170132, 2.4309271029587602)
('solution: ', array([ 1.20072120e+15,  2.34289151e+00, -1.04535770e+17]))
('guessed vol: ', -2.41502261974154e-48)
('volume: ', 2.41502261974154e-48, ' is out of bounds.')
('reset starting point: ', 0.14350112939319482, 2.303197763094517, 2.677056038031024)
('solution: ', array([ 2.40528995e+14,  2.31080591e+00, -2.29847495e+16]))
('guessed vol: ', -2.45441812481368e-46)
('volume: ', 2.45441812481368e-46, ' is out of bounds.')
('reset starting point: ', 0.08369966410400986, 2.650390043158661, 2.331333741912834)
/usr/lib64/python2.7/site-packages/scipy/optimize/minpack.py:161: RuntimeWarning: The number of calls to function has reached maxfev = 800.
  warnings.warn(msg, RuntimeWarning)
('solution: ', array([ 6.54540001e+34,  1.94141688e+38, -3.60313137e+36]))
('guessed vol: ', -3.88278710326715e-149)
('volume: ', 3.88278710326715e-149, ' is out of bounds.')
('range ', 1, 3, 3, ' does not work')
('try bound: ', [[1, 2], [0, 1], [0, 1]])
('reset starting point: ', 1.1140879498443659, 0.35565550745384555, 0.2860359099799048)
('solution: ', array([ 1.38247336e+15,  2.88331208e+00, -5.42413299e+16]))
('guessed vol: ', -1.31505326785561e-47)
('volume: ', 1.31505326785561e-47, ' is out of bounds.')
('reset starting point: ', 1.3977706026483936, 0.5546822327633785, 0.3101888324667166)
('solution: ', array([ 5.80550681e+14,  2.74474909e+00, -2.57408740e+16]))
('guessed vol: ', -1.15707099682673e-46)
('volume: ', 1.15707099682673e-46, ' is out of bounds.')
('reset starting point: ', 1.5058236556734566, 0.8201232429303009, 0.1451670354106307)
('solution: ', array([ 1.73616249e+15,  2.77411621e+00, -7.47841890e+16]))
('guessed vol: ', -4.75102935715263e-48)
('volume: ', 4.75102935715263e-48, ' is out of bounds.')
('range ', 2, 1, 1, ' does not work')
('try bound: ', [[1, 2], [0, 1], [1, 2]])
('reset starting point: ', 1.88758067831066, 0.515833461182788, 1.6775122517173964)
('solution: ', array([ 4.32552976e+14,  2.61665110e+00, -2.22760174e+16]))
('guessed vol: ', -1.80670913598930e-46)
('volume: ', 1.80670913598930e-46, ' is out of bounds.')
('reset starting point: ', 1.5150415441074632, 0.5922740409143229, 1.0084458622337635)
('solution: ', array([ 2.47058611e+14,  2.72046912e+00, -1.12349786e+16]))
('guessed vol: ', -1.38731145947190e-45)
('volume: ', 1.38731145947190e-45, ' is out of bounds.')
('reset starting point: ', 1.5704509786833494, 0.7615350429772831, 1.0180104806409707)
('solution: ', array([ 1.13376523e+15,  2.57673569e+00, -6.17497663e+16]))
('guessed vol: ', -8.64379306498670e-48)
('volume: ', 8.64379306498670e-48, ' is out of bounds.')
('range ', 2, 1, 2, ' does not work')
('try bound: ', [[1, 2], [0, 1], [2, 3]])
('reset starting point: ', 1.5421164390734794, 0.5443051107150815, 2.4777715773442854)
('solution: ', array([ 5.20732357e+14,  2.77641147e+00, -2.23812391e+16]))
('guessed vol: ', -1.77361850902328e-46)
('volume: ', 1.77361850902328e-46, ' is out of bounds.')
('reset starting point: ', 1.931799736807478, 0.92463852285446, 2.414885474050862)
('solution: ', array([ 3.51043974e+14,  2.60408977e+00, -1.83897057e+16]))
('guessed vol: ', -3.22772671239029e-46)
('volume: ', 3.22772671239029e-46, ' is out of bounds.')
('reset starting point: ', 1.5465685798320994, 0.83806250739052, 2.584386295477489)
('solution: ', array([ 2.63443683e+14,  2.61001435e+00, -1.36891842e+16]))
('guessed vol: ', -7.80549532508979e-46)
('volume: ', 7.80549532508979e-46, ' is out of bounds.')
('range ', 2, 1, 3, ' does not work')
('try bound: ', [[1, 2], [1, 2], [0, 1]])
('reset starting point: ', 1.908222888822855, 1.9258191073618594, 0.7271054518222707)
('solution: ', array([1.90822289, 1.92581911, 0.72710545]))
('guessed vol: ', -0.00418704877900491)
('volume: ', 0.00418704877900491, ' is out of bounds.')
('reset starting point: ', 1.3125209419032844, 1.5377366005877402, 0.861429029710374)
('solution: ', array([ 7.10927723e+14,  2.55996942e+00, -3.97041194e+16]))
('guessed vol: ', -3.28537419738149e-47)
('volume: ', 3.28537419738149e-47, ' is out of bounds.')
('reset starting point: ', 1.8587750125051556, 1.8124872759874617, 0.6608038834389812)
('solution: ', array([ 1.20541116e+14,  2.72678961e+00, -5.44493028e+15]))
('guessed vol: ', -1.21944535967092e-44)
('volume: ', 1.21944535967092e-44, ' is out of bounds.')
('range ', 2, 2, 1, ' does not work')
('try bound: ', [[1, 2], [1, 2], [1, 2]])
('reset starting point: ', 1.8171276609747777, 1.313329552737279, 1.0127365898572116)
('solution: ', array([ 3.55943511e+14,  2.69276185e+00, -1.66880382e+16]))
('guessed vol: ', -4.23088461041010e-46)
('volume: ', 4.23088461041010e-46, ' is out of bounds.')
('reset starting point: ', 1.4104586676552746, 1.0764402881347053, 1.2082299747242633)
('solution: ', array([ 7.44819776e+14,  2.46766144e+00, -4.87121195e+16]))
('guessed vol: ', -1.93656248911711e-47)
('volume: ', 1.93656248911711e-47, ' is out of bounds.')
('reset starting point: ', 1.8303870714413448, 1.5608996662330843, 1.7884660773434071)
('solution: ', array([ 3.68582178e+14,  2.46041301e+00, -2.44461835e+16]))
('guessed vol: ', -1.54583573241175e-46)
('volume: ', 1.54583573241175e-46, ' is out of bounds.')
('range ', 2, 2, 2, ' does not work')
('try bound: ', [[1, 2], [1, 2], [2, 3]])
('reset starting point: ', 1.5731868155822042, 1.4707748718121743, 2.7948324099809727)
('solution: ', array([ 1.29077424e+15,  2.45259515e+00, -8.69416980e+16]))
('guessed vol: ', -3.47089556252580e-48)
('volume: ', 3.47089556252580e-48, ' is out of bounds.')
('reset starting point: ', 1.1754035947992347, 1.4147289232962184, 2.697810546159716)
('solution: ', array([ 7.45133191e+14,  2.39664407e+00, -5.66219837e+16]))
('guessed vol: ', -1.36710253706446e-47)
('volume: ', 1.36710253706446e-47, ' is out of bounds.')
('reset starting point: ', 1.6140934318466988, 1.8542164274381356, 2.6203160019363105)
('solution: ', array([ 6.14612426e+14,  2.39569747e+00, -4.68071118e+16]))
('guessed vol: ', -2.42399799718876e-47)
('volume: ', 2.42399799718876e-47, ' is out of bounds.')
('range ', 2, 2, 3, ' does not work')
('try bound: ', [[1, 2], [2, 3], [0, 1]])
('reset starting point: ', 1.2772461439745084, 2.2436266389691744, 0.5217769504434218)
('solution: ', array([ 2.28039796e+14,  2.75487416e+00, -1.00086294e+16]))
('guessed vol: ', -1.97228023999361e-45)
('volume: ', 1.97228023999361e-45, ' is out of bounds.')
('reset starting point: ', 1.0064159419378207, 2.995682994963553, 0.8687252863378027)
('solution: ', array([2.03515537, 1.94141669, 3.35559311]))
('guessed vol: ', -0.00421507486516326)
('volume: ', 0.00421507486516326, ' is out of bounds.')
('reset starting point: ', 1.2901872528242944, 2.6940915591572585, 0.46204224573127506)
('solution: ', array([2.05154247, 1.88573958, 2.57776006]))
('guessed vol: ', -0.00418757836490453)
('volume: ', 0.00418757836490453, ' is out of bounds.')
('range ', 2, 3, 1, ' does not work')
('try bound: ', [[1, 2], [2, 3], [1, 2]])
('reset starting point: ', 1.155549131898646, 2.5761094997363227, 1.5804682999118738)
('solution: ', array([ 5.69514790e+14,  2.52125477e+00, -3.38371972e+16]))
('guessed vol: ', -5.46695433105162e-47)
('volume: ', 5.46695433105162e-47, ' is out of bounds.')
('reset starting point: ', 1.460661489983821, 2.860356392842885, 1.6483686170143297)
('solution: ', array([ 3.64928913e+14,  2.60952451e+00, -1.89752537e+16]))
('guessed vol: ', -2.93128185379386e-46)
('volume: ', 2.93128185379386e-46, ' is out of bounds.')
('reset starting point: ', 1.9011763792510115, 2.4989533512241846, 1.1200920000741659)
('solution: ', array([ 1.85248269e+14,  2.71960375e+00, -8.43196104e+15]))
('guessed vol: ', -3.28153045535744e-45)
('volume: ', 3.28153045535744e-45, ' is out of bounds.')
('range ', 2, 3, 2, ' does not work')
('try bound: ', [[1, 2], [2, 3], [2, 3]])
('reset starting point: ', 1.4596890172120625, 2.7809960405313148, 2.992175484764179)
('solution: ', array([ 7.66126475e+14,  2.43628951e+00, -5.33474732e+16]))
('guessed vol: ', -1.53606455446129e-47)
('volume: ', 1.53606455446129e-47, ' is out of bounds.')
('reset starting point: ', 1.2980810583930762, 2.618236498317003, 2.541911905879948)
('solution: ', array([ 6.64570798e+14,  2.39773754e+00, -5.03718081e+16]))
('guessed vol: ', -1.93809884349927e-47)
('volume: ', 1.93809884349927e-47, ' is out of bounds.')
('reset starting point: ', 1.7628779351436166, 2.796325230157227, 2.088527392932564)
('solution: ', array([ 1.42102764e+15,  2.79182594e+00, -6.02017633e+16]))
('guessed vol: ', -9.16009022815327e-48)
('volume: ', 9.16009022815327e-48, ' is out of bounds.')
('range ', 2, 3, 3, ' does not work')
('try bound: ', [[2, 3], [0, 1], [0, 1]])
('reset starting point: ', 2.2182435385107135, 0.24036102363672684, 0.21202995233960953)
('solution: ', array([ 1.03382966e+15,  2.32308861e+00, -9.52167991e+16]))
('guessed vol: ', -3.34717398429993e-48)
('volume: ', 3.34717398429993e-48, ' is out of bounds.')
('reset starting point: ', 2.7729963387164043, 0.9871413850101407, 0.6677317915681886)
('solution: ', array([ 7.48989443e+14,  2.44263009e+00, -5.14754454e+16]))
('guessed vol: ', -1.69476874542413e-47)
('volume: ', 1.69476874542413e-47, ' is out of bounds.')
('reset starting point: ', 2.870903777876548, 0.08839372213734686, 0.5699095223873197)
('solution: ', array([ 1.65752694e+15,  2.50049216e+00, -1.02056476e+17]))
('guessed vol: ', -2.03145417272384e-48)
('volume: ', 2.03145417272384e-48, ' is out of bounds.')
('range ', 3, 1, 1, ' does not work')
('try bound: ', [[2, 3], [0, 1], [1, 2]])
('reset starting point: ', 2.662397132328263, 0.34047752083368765, 1.5677674177516034)
('solution: ', array([ 1.35035085e+15,  2.49643409e+00, -8.37430391e+16]))
('guessed vol: ', -3.69193861729937e-48)
('volume: ', 3.69193861729937e-48, ' is out of bounds.')
('reset starting point: ', 2.2591609086997844, 0.8310737418661318, 1.077920944503492)
('solution: ', array([ 2.09366072e+14,  2.64750668e+00, -1.03597695e+16]))
('guessed vol: ', -1.77933265620671e-45)
('volume: ', 1.77933265620671e-45, ' is out of bounds.')
('reset starting point: ', 2.8986762201582783, 0.4092786301985938, 1.4954009495614398)
('solution: ', array([ 5.66199280e+14,  2.65051703e+00, -2.79114577e+16]))
('guessed vol: ', -9.09204318974930e-47)
('volume: ', 9.09204318974930e-47, ' is out of bounds.')
('range ', 3, 1, 2, ' does not work')
('try bound: ', [[2, 3], [0, 1], [2, 3]])
('reset starting point: ', 2.335084324592211, 0.5198073492792417, 2.354970261840761)
('solution: ', array([ 9.39513706e+14,  2.57896296e+00, -5.10034195e+16]))
('guessed vol: ', -1.53201925449840e-47)
('volume: ', 1.53201925449840e-47, ' is out of bounds.')
('reset starting point: ', 2.428207948595714, 0.09027240857303132, 2.8241115974027795)
('solution: ', array([ 2.3223119 ,  0.94158668, 49.3741417 ]))
('guessed vol: ', 0.0421640287314962)
('volume: ', 0.0421640287314962, ' is out of bounds.')
('reset starting point: ', 2.2849649430664156, 0.05731211048877194, 2.640081963793709)
('solution: ', array([ 2.3223119 ,  0.94158668, 49.37414169]))
('guessed vol: ', 0.0421640287314962)
('volume: ', 0.0421640287314962, ' is out of bounds.')
('range ', 3, 1, 3, ' does not work')
('try bound: ', [[2, 3], [1, 2], [0, 1]])
('reset starting point: ', 2.0604164915987946, 1.6063816735962635, 0.04702994145649242)
('solution: ', array([1.8725057 , 1.79777966, 0.17321814]))
('guessed vol: ', -0.00440462890040130)
('volume: ', 0.00440462890040130, ' is out of bounds.')
('reset starting point: ', 2.7258920907958872, 1.9289652673520608, 0.35432551106499555)
('solution: ', array([5.37920564, 3.29090793, 0.13537589]))
('guessed vol: ', -0.00108236413744101)
('volume: ', 0.00108236413744101, ' is out of bounds.')
('reset starting point: ', 2.731385039969147, 1.7951825140703677, 0.7092629731779615)
('solution: ', array([ 1.89823059e+14,  2.72984956e+00, -8.54690195e+15]))
('guessed vol: ', -3.15397988026431e-45)
('volume: ', 3.15397988026431e-45, ' is out of bounds.')
('range ', 3, 2, 1, ' does not work')
('try bound: ', [[2, 3], [1, 2], [1, 2]])
('reset starting point: ', 2.0156037648345966, 1.334349872721479, 1.2435199602630416)
('solution: ', array([ 2.26743981e+15,  2.77419550e+00, -9.76612538e+16]))
('guessed vol: ', -2.13334086467763e-48)
('volume: ', 2.13334086467763e-48, ' is out of bounds.')
('reset starting point: ', 2.9509562355428938, 1.9847971245333436, 1.630610481563371)
('solution: ', array([ 7.82125045e+15,  2.93448526e+00, -2.95706974e+17]))
('guessed vol: ', -8.45465120145210e-50)
('volume: ', 8.45465120145210e-50, ' is out of bounds.')
('reset starting point: ', 2.5913107401546687, 1.007455398753415, 1.1197121042528542)
('solution: ', array([ 7.64066949e+14,  2.43553921e+00, -5.32873974e+16]))
('guessed vol: ', -1.54290890327252e-47)
('volume: ', 1.54290890327252e-47, ' is out of bounds.')
('range ', 3, 2, 2, ' does not work')
('try bound: ', [[2, 3], [1, 2], [2, 3]])
('reset starting point: ', 2.2977009424372183, 1.6254700562909696, 2.090889869604024)
('solution: ', array([-5.07022869e+38, -3.93852230e+37, -2.05496578e+39]))
('guessed vol: ', -1.71032195173496e-154)
('volume: ', 1.71032195173496e-154, ' is out of bounds.')
('reset starting point: ', 2.737830439799856, 1.4268732948619822, 2.4109757463828534)
('solution: ', array([ 2.10429505,  1.85997795, -2.3479374 ]))
('guessed vol: ', -0.00343666479408232)
('volume: ', 0.00343666479408232, ' is out of bounds.')
('reset starting point: ', 2.138192637513515, 1.3544744650580385, 2.356667065387071)
('solution: ', array([2.95149118e+38, 5.90903762e+38, 4.07065275e+40]))
('guessed vol: ', 9.23135308853229e-158)
('volume: ', 9.23135308853229e-158, ' is out of bounds.')
('range ', 3, 2, 3, ' does not work')
('try bound: ', [[2, 3], [2, 3], [0, 1]])
('reset starting point: ', 2.9731635185411367, 2.7576692905094347, 0.78843831266616)
('solution: ', array([ 3.09575305e+14,  2.72135380e+00, -1.40646257e+16]))
('guessed vol: ', -7.07190982835543e-46)
('volume: ', 7.07190982835543e-46, ' is out of bounds.')
('reset starting point: ', 2.644897928357434, 2.743763563756985, 0.2634205110637329)
('solution: ', array([5.37920564, 3.29090793, 0.13537589]))
('guessed vol: ', -0.00108236413744101)
('volume: ', 0.00108236413744101, ' is out of bounds.')
('reset starting point: ', 2.668589515950247, 2.158656575034968, 0.538962055173208)
('solution: ', array([ 1.39528497e+15,  2.74524480e+00, -6.18340248e+16]))
('guessed vol: ', -8.34805733005915e-48)
('volume: ', 8.34805733005915e-48, ' is out of bounds.')
('range ', 3, 3, 1, ' does not work')
('try bound: ', [[2, 3], [2, 3], [1, 2]])
('reset starting point: ', 2.4724211911275087, 2.4631751777688757, 1.6043426086220078)
('solution: ', array([ 4.99201077e+14,  2.70997324e+00, -2.29602124e+16]))
('guessed vol: ', -1.62445464601486e-46)
('volume: ', 1.62445464601486e-46, ' is out of bounds.')
('reset starting point: ', 2.4227532171985304, 2.5313704357837272, 1.248557896273753)
('solution: ', array([ 3.88785783e+14,  2.70298671e+00, -1.80199145e+16]))
('guessed vol: ', -3.35982723216076e-46)
('volume: ', 3.35982723216076e-46, ' is out of bounds.')
('reset starting point: ', 2.2879913889651116, 2.086782792938716, 1.6291616208041297)
('solution: ', array([ 3.41738028e+14,  2.71934365e+00, -1.55592537e+16]))
('guessed vol: ', -5.22261021762903e-46)
('volume: ', 5.22261021762903e-46, ' is out of bounds.')
('range ', 3, 3, 2, ' does not work')
('try bound: ', [[2, 3], [2, 3], [2, 3]])
('reset starting point: ', 2.3596878265039334, 2.997292651381362, 2.7355094351654614)
('solution: ', array([ 5.88601130e+14,  2.48122403e+00, -3.75244209e+16]))
('guessed vol: ', -4.17053442784920e-47)
('volume: ', 4.17053442784920e-47, ' is out of bounds.')
('reset starting point: ', 2.0533133923688576, 2.2480366754864223, 2.838169946376595)
('solution: ', array([ 3.69508171e+14,  2.60598269e+00, -1.93066271e+16]))
('guessed vol: ', -2.78705997568794e-46)
('volume: ', 2.78705997568794e-46, ' is out of bounds.')
('reset starting point: ', 2.527410034723454, 2.413776627176117, 2.959813392124511)
('solution: ', array([ 1.62790936e+15,  2.56206296e+00, -9.06266897e+16]))
('guessed vol: ', -2.75885616607607e-48)
('volume: ', 2.75885616607607e-48, ' is out of bounds.')
('range ', 3, 3, 3, ' does not work')
Done.
('vol_list: ', [])
('sol_list: ', [])
('dist_list: ', [])
('try bound: ', [[0, 1], [0, 1], [3, 4]])
('reset starting point: ', 0.5692057727522873, 0.09952348238983744, 3.3669956885884327)
('solution: ', array([ 2.3223119 ,  0.94158668, 49.3741417 ]))
('guessed vol: ', 0.0421640287314962)
('volume: ', 0.0421640287314962, ' is out of bounds.')
('reset starting point: ', 0.4104484876790826, 0.041464366778068085, 3.71355515949592)
('solution: ', array([ 2.3223119 ,  0.94158668, 49.37414173]))
('guessed vol: ', 0.0421640287314962)
('volume: ', 0.0421640287314962, ' is out of bounds.')
('reset starting point: ', 0.13667586812391175, 0.9441345867585638, 3.4459550221583566)
('solution: ', array([  1.50436926,   1.32195572, -33.76990778]))
('guessed vol: ', -0.00306773519529504)
('volume: ', 0.00306773519529504, ' is out of bounds.')
('range ', 1, 1, 4, ' does not work')
('try bound: ', [[0, 1], [1, 2], [3, 4]])
('reset starting point: ', 0.7788878611112761, 1.7367691207041127, 3.150763061632514)
('solution: ', array([ 3.18946858e+15,  2.29976815e+00, -3.15485493e+17]))
('guessed vol: ', -9.77473539292991e-50)
('volume: ', 9.77473539292991e-50, ' is out of bounds.')
('reset starting point: ', 0.43231149531279855, 1.3968461041573659, 3.4927170298063346)
('solution: ', array([ 1.86947318e+15,  2.42133007e+00, -1.34385753e+17]))
('guessed vol: ', -9.82336007330026e-49)
('volume: ', 9.82336007330026e-49, ' is out of bounds.')
('reset starting point: ', 0.7569885348352707, 1.6491289941302192, 3.280651898700853)
('solution: ', array([ 3.99649410e+15,  2.40998808e+00, -2.94566304e+17]))
('guessed vol: ', -9.49553068690723e-50)
('volume: ', 9.49553068690723e-50, ' is out of bounds.')
('range ', 1, 2, 4, ' does not work')
('try bound: ', [[0, 1], [2, 3], [3, 4]])
('reset starting point: ', 0.74673768907657, 2.035149255207114, 3.0454455149299156)
('solution: ', array([ 2.48830983e+14,  2.37605178e+00, -1.98675156e+16]))
('guessed vol: ', -3.28517868064173e-46)
('volume: ', 3.28517868064173e-46, ' is out of bounds.')
('reset starting point: ', 0.4898270346045075, 2.585105608651468, 3.8321756363235955)
('solution: ', array([ 2.10429505,  1.85997795, -2.3479374 ]))
('guessed vol: ', -0.00343666479408232)
('volume: ', 0.00343666479408232, ' is out of bounds.')
('reset starting point: ', 0.6148015976021113, 2.833588285148296, 3.860540438161374)
('solution: ', array([ 4.36341671e+14,  2.64028411e+00, -2.17884828e+16]))
('guessed vol: ', -1.91608456001771e-46)
('volume: ', 1.91608456001771e-46, ' is out of bounds.')
('range ', 1, 3, 4, ' does not work')
('try bound: ', [[0, 1], [3, 4], [0, 1]])
('reset starting point: ', 0.8539403197452584, 3.0095770099272867, 0.4813704942884429)
('solution: ', array([ 3.74216795e+14,  2.66153521e+00, -1.81994930e+16]))
('guessed vol: ', -3.27256873527545e-46)
('volume: ', 3.27256873527545e-46, ' is out of bounds.')
('reset starting point: ', 0.6753554151479207, 3.6318800027407234, 0.5324260517794367)
('solution: ', array([ 2.54620685e+14,  2.74591192e+00, -1.12762453e+16]))
('guessed vol: ', -1.37665895746780e-45)
('volume: ', 1.37665895746780e-45, ' is out of bounds.')
('reset starting point: ', 0.9074866552392895, 3.198675579189069, 0.150073372278423)
('solution: ', array([ 2.49159426e+14,  2.74889477e+00, -1.10011906e+16]))
('guessed vol: ', -1.48334624828712e-45)
('volume: ', 1.48334624828712e-45, ' is out of bounds.')
('range ', 1, 4, 1, ' does not work')
('try bound: ', [[0, 1], [3, 4], [1, 2]])
('reset starting point: ', 0.7019158607800987, 3.1460646408125386, 1.8983252394895966)
('solution: ', array([ 2.42698848e+15,  2.14942969e+00, -4.73637879e+17]))
('guessed vol: ', -5.41648279418050e-50)
('volume: ', 5.41648279418050e-50, ' is out of bounds.')
('reset starting point: ', 0.9110889787159432, 3.1032559809842066, 1.446031862404773)
('solution: ', array([2.05774158, 1.97383563, 4.54677994]))
('guessed vol: ', -0.00425474690117026)
('volume: ', 0.00425474690117026, ' is out of bounds.')
('reset starting point: ', 0.8413842964145313, 3.6262999166121634, 1.8045151204630203)
('solution: ', array([ 1.75899367e+15,  2.33490492e+00, -1.56585267e+17]))
('guessed vol: ', -7.31721115034789e-49)
('volume: ', 7.31721115034789e-49, ' is out of bounds.')
('range ', 1, 4, 2, ' does not work')
('try bound: ', [[0, 1], [3, 4], [2, 3]])
('reset starting point: ', 0.3398206863914842, 3.345907007427787, 2.263672353164105)
('solution: ', array([ 1.79828656e+15,  2.50242610e+00, -1.10347396e+17]))
('guessed vol: ', -1.60403278876350e-48)
('volume: ', 1.60403278876350e-48, ' is out of bounds.')
('reset starting point: ', 0.6759598743337519, 3.2850617447632326, 2.880073696479141)
('solution: ', array([ 7.46890352e+15,  2.03998655e+00, -5.41894158e+18]))
('guessed vol: ', -1.32383252714509e-52)
('volume: ', 1.32383252714509e-52, ' is out of bounds.')
('reset starting point: ', 0.4257844197689269, 3.741920577518629, 2.681849744640716)
('solution: ', array([ 1.02756874e+14,  2.72297830e+00, -4.66037839e+15]))
('guessed vol: ', -1.94409456370049e-44)
('volume: ', 1.94409456370049e-44, ' is out of bounds.')
('range ', 1, 4, 3, ' does not work')
('try bound: ', [[0, 1], [3, 4], [3, 4]])
('reset starting point: ', 0.295995218449006, 3.120194277358455, 3.0829371770218827)
('solution: ', array([ 1.52894782e+15,  2.57539443e+00, -8.34374648e+16]))
('guessed vol: ', -3.50640780604265e-48)
('volume: ', 3.50640780604265e-48, ' is out of bounds.')
('reset starting point: ', 0.9241666389785558, 3.217795660046672, 3.1377984467347657)
('solution: ', array([ 6.57402051e+14,  2.59435238e+00, -3.49091388e+16]))
('guessed vol: ', -4.73971140664487e-47)
('volume: ', 4.73971140664487e-47, ' is out of bounds.')
('reset starting point: ', 0.26496430171255514, 3.8178255633761102, 3.992404169764919)
('solution: ', array([ 1.61261742e+15,  2.40551857e+00, -1.20064820e+17]))
('guessed vol: ', -1.41252420714542e-48)
('volume: ', 1.41252420714542e-48, ' is out of bounds.')
('range ', 1, 4, 4, ' does not work')
('try bound: ', [[1, 2], [0, 1], [3, 4]])
('reset starting point: ', 1.3812427264525047, 0.7984844281978746, 3.7269409779627845)
('solution: ', array([ 1.05908414e+15,  2.63192290e+00, -5.34552760e+16]))
('guessed vol: ', -1.30066394120537e-47)
('volume: ', 1.30066394120537e-47, ' is out of bounds.')
('reset starting point: ', 1.1437093655276902, 0.09586349602671984, 3.2260997492198547)
('solution: ', array([ 2.3223119 ,  0.94158668, 49.3741417 ]))
('guessed vol: ', 0.0421640287314962)
('volume: ', 0.0421640287314962, ' is out of bounds.')
('reset starting point: ', 1.8805506373657748, 0.525395808047898, 3.368845273830687)
('solution: ', array([  1.53615393,   1.34758431, -32.64898929]))
('guessed vol: ', -0.00298807384506814)
('volume: ', 0.00298807384506814, ' is out of bounds.')
('range ', 2, 1, 4, ' does not work')
('try bound: ', [[1, 2], [1, 2], [3, 4]])
('reset starting point: ', 1.5204427237322302, 1.774239748988549, 3.5487161351209258)
('solution: ', array([ 7.09063949e+14,  2.42794265e+00, -5.02504214e+16]))
('guessed vol: ', -1.86029329208330e-47)
('volume: ', 1.86029329208330e-47, ' is out of bounds.')
('reset starting point: ', 1.8220682878351346, 1.8190482585608239, 3.4957039588052714)
('solution: ', array([ 3.09782247e+14,  2.40774356e+00, -2.29484442e+16]))
('guessed vol: ', -2.01555340626953e-46)
('volume: ', 2.01555340626953e-46, ' is out of bounds.')
('reset starting point: ', 1.4337761912026918, 1.5069148624165356, 3.835288233110425)
('solution: ', array([ 1.17176163e+15,  2.36424923e+00, -9.63851564e+16]))
('guessed vol: ', -2.94448359319906e-48)
('volume: ', 2.94448359319906e-48, ' is out of bounds.')
('range ', 2, 2, 4, ' does not work')
('try bound: ', [[1, 2], [2, 3], [3, 4]])
('reset starting point: ', 1.5382386055372423, 2.9006166423733317, 3.458208884495352)
('solution: ', array([ 7.67236190e+14,  2.51089913e+00, -4.63922340e+16]))
('guessed vol: ', -2.14113933140656e-47)
('volume: ', 2.14113933140656e-47, ' is out of bounds.')
('reset starting point: ', 1.0551190154793768, 2.6307821319111095, 3.860676667741705)
('solution: ', array([ 9.45621478e+14,  2.63887295e+00, -4.73040200e+16]))
('guessed vol: ', -1.87312812956658e-47)
('volume: ', 1.87312812956658e-47, ' is out of bounds.')
('reset starting point: ', 1.266708752329517, 2.212965828686542, 3.2740299658204393)
('solution: ', array([ 1.37040782e+15,  2.38528831e+00, -1.06976297e+17]))
('guessed vol: ', -2.06845872689729e-48)
('volume: ', 2.06845872689729e-48, ' is out of bounds.')
('range ', 2, 3, 4, ' does not work')
('try bound: ', [[1, 2], [3, 4], [0, 1]])
('reset starting point: ', 1.5850799696104039, 3.1894477678129682, 0.4711756168585892)
('solution: ', array([5.37920564, 3.29090793, 0.13537589]))
('guessed vol: ', -0.00108236413744101)
('volume: ', 0.00108236413744101, ' is out of bounds.')
('reset starting point: ', 1.0116259539776142, 3.902493222842092, 0.03850392817223647)
('solution: ', array([ 3.65118811e+14,  2.72051888e+00, -1.66028774e+16]))
('guessed vol: ', -4.29875132099031e-46)
('volume: ', 4.29875132099031e-46, ' is out of bounds.')
('reset starting point: ', 1.9891801176015953, 3.019514140823669, 0.42609924090491536)
('solution: ', array([5.37920564, 3.29090793, 0.13537589]))
('guessed vol: ', -0.00108236413744101)
('volume: ', 0.00108236413744101, ' is out of bounds.')
('range ', 2, 4, 1, ' does not work')
('try bound: ', [[1, 2], [3, 4], [1, 2]])
('reset starting point: ', 1.9837884862419504, 3.9642738525896495, 1.9778396491322998)
('solution: ', array([ 2.17149484e+14,  2.73213119e+00, -9.75399404e+15]))
('guessed vol: ', -2.12254577823259e-45)
('volume: ', 2.12254577823259e-45, ' is out of bounds.')
('reset starting point: ', 1.5972340338512918, 3.5361856931648488, 1.6424305834905961)
('solution: ', array([ 1.92818130e+15,  2.51170106e+00, -1.16430427e+17]))
('guessed vol: ', -1.35349867370341e-48)
('volume: ', 1.35349867370341e-48, ' is out of bounds.')
('reset starting point: ', 1.6279807782938853, 3.0170685897216543, 1.9886376915218025)
('solution: ', array([ 1.81326110e+14,  2.68339458e+00, -8.59301383e+15]))
('guessed vol: ', -3.10059440694029e-45)
('volume: ', 3.10059440694029e-45, ' is out of bounds.')
('range ', 2, 4, 2, ' does not work')
('try bound: ', [[1, 2], [3, 4], [2, 3]])
('reset starting point: ', 1.9231920025024047, 3.0177682985807097, 2.169595558614699)
('solution: ', array([ 6.26715285e+14,  2.57873861e+00, -3.40336684e+16]))
('guessed vol: ', -5.15692178816478e-47)
('volume: ', 5.15692178816478e-47, ' is out of bounds.')
('reset starting point: ', 1.021294596969127, 3.0568571880793396, 2.6558458044386413)
('solution: ', array([ 8.55668517e+14,  2.47607593e+00, -5.50761339e+16]))
('guessed vol: ', -1.32668273966215e-47)
('volume: ', 1.32668273966215e-47, ' is out of bounds.')
('reset starting point: ', 1.8386023807340242, 3.480813625348512, 2.7419550906144727)
('solution: ', array([ 8.88951919e+14,  2.55682169e+00, -4.98864368e+16]))
('guessed vol: ', -1.65980176861464e-47)
('volume: ', 1.65980176861464e-47, ' is out of bounds.')
('range ', 2, 4, 3, ' does not work')
('try bound: ', [[1, 2], [3, 4], [3, 4]])
('reset starting point: ', 1.8180867964501868, 3.915789015972344, 3.9034029264153167)
('solution: ', array([ 5.10524173e+14,  2.63313761e+00, -2.57272919e+16]))
('guessed vol: ', -1.16625818292455e-46)
('volume: ', 1.16625818292455e-46, ' is out of bounds.')
('reset starting point: ', 1.6649307616982092, 3.690724003924071, 3.5624184701056523)
('solution: ', array([ 9.51867246e+14,  2.54780622e+00, -5.41707869e+16]))
('guessed vol: ', -1.30450905257687e-47)
('volume: ', 1.30450905257687e-47, ' is out of bounds.')
('reset starting point: ', 1.0828733690041483, 3.9069985731775136, 3.5231839289414015)
('solution: ', array([ 1.39083831e+15,  2.53865448e+00, -8.03113107e+16]))
('guessed vol: ', -4.03076279197396e-48)
('volume: ', 4.03076279197396e-48, ' is out of bounds.')
('range ', 2, 4, 4, ' does not work')
('try bound: ', [[2, 3], [0, 1], [3, 4]])
('reset starting point: ', 2.737208564628979, 0.22839337310328978, 3.968415254991211)
('solution: ', array([ 6.71840621e+15,  2.33121349e+00, -6.04375178e+17]))
('guessed vol: ', -1.28358078484701e-50)
('volume: ', 1.28358078484701e-50, ' is out of bounds.')
('reset starting point: ', 2.4848743603216645, 0.3950900147973665, 3.048053642464305)
('solution: ', array([2.80176056, 0.84568093, 0.38952331]))
('guessed vol: ', -0.0119964934122174)
('volume: ', 0.0119964934122174, ' is out of bounds.')
('reset starting point: ', 2.92498332614901, 0.5960889276594059, 3.577226446104316)
('solution: ', array([ 1.14961700e+15,  2.56344103e+00, -6.38662795e+16]))
('guessed vol: ', -7.87584037086834e-48)
('volume: ', 7.87584037086834e-48, ' is out of bounds.')
('range ', 3, 1, 4, ' does not work')
('try bound: ', [[2, 3], [1, 2], [3, 4]])
('reset starting point: ', 2.3108441668671835, 1.3713351871315909, 3.523266977910205)
('solution: ', array([ 7.64259053e+14,  2.52654553e+00, -4.50098250e+16]))
('guessed vol: ', -2.31227617150575e-47)
('volume: ', 2.31227617150575e-47, ' is out of bounds.')
('reset starting point: ', 2.740570082162343, 1.1907938084765959, 3.227625512610047)
('solution: ', array([  0.6399794 ,  12.81091085, 418.25034536]))
('guessed vol: ', -6.67332294919649e-5)
('volume: ', 6.67332294919649e-5, ' is out of bounds.')
('reset starting point: ', 2.5891658622961837, 1.3243176677322666, 3.0965221034032364)
('solution: ', array([ 1.60562152e+14,  2.69838071e+00, -7.48025180e+15]))
('guessed vol: ', -4.69715873273998e-45)
('volume: ', 4.69715873273998e-45, ' is out of bounds.')
('range ', 3, 2, 4, ' does not work')
('try bound: ', [[2, 3], [2, 3], [3, 4]])
('reset starting point: ', 2.6308065445489928, 2.2328827698180302, 3.0282016015816566)
('solution: ', array([ 1.14907892e+15,  2.42763356e+00, -8.14874069e+16]))
('guessed vol: ', -4.36443222875079e-48)
('volume: ', 4.36443222875079e-48, ' is out of bounds.')
('reset starting point: ', 2.8436788148241128, 2.623648034923476, 3.8193834555000654)
('solution: ', array([ 1.00528465e+15,  2.40779024e+00, -7.44629142e+16]))
('guessed vol: ', -5.89930451362336e-48)
('volume: ', 5.89930451362336e-48, ' is out of bounds.')
('reset starting point: ', 2.595797175930772, 2.5345224516727702, 3.471284649336876)
('solution: ', array([ 2.57400868e+14,  2.40759773e+00, -1.90743474e+16]))
('guessed vol: ', -3.51082040616890e-46)
('volume: ', 3.51082040616890e-46, ' is out of bounds.')
('range ', 3, 3, 4, ' does not work')
('try bound: ', [[2, 3], [3, 4], [0, 1]])
('reset starting point: ', 2.7710521812490208, 3.89385471393613, 0.9356199529889923)
('solution: ', array([ 1.44018582e+15,  2.77091372e+00, -6.22258536e+16]))
('guessed vol: ', -8.23961826246567e-48)
('volume: ', 8.23961826246567e-48, ' is out of bounds.')
('reset starting point: ', 2.4110993855336913, 3.52545223066805, 0.2014301713278941)
('solution: ', array([5.37920564, 3.29090793, 0.13537589]))
('guessed vol: ', -0.00108236413744101)
('volume: ', 0.00108236413744101, ' is out of bounds.')
('reset starting point: ', 2.744509847237543, 3.049600243034714, 0.30568414846138936)
('solution: ', array([5.37920564, 3.29090793, 0.13537589]))
('guessed vol: ', -0.00108236413744101)
('volume: ', 0.00108236413744101, ' is out of bounds.')
('range ', 3, 4, 1, ' does not work')
('try bound: ', [[2, 3], [3, 4], [1, 2]])
('reset starting point: ', 2.324908853185941, 3.414272571268909, 1.3824722145781427)
('solution: ', array([ 1.71018499e+14,  2.63730703e+00, -8.57220749e+15]))
('guessed vol: ', -3.14899827728552e-45)
('volume: ', 3.14899827728552e-45, ' is out of bounds.')
('reset starting point: ', 2.2296153458871464, 3.0227637166528116, 1.6701732401108655)
('solution: ', array([ 5.22178957e+14,  2.72167875e+00, -2.37154131e+16]))
('guessed vol: ', -1.47516544015724e-46)
('volume: ', 1.47516544015724e-46, ' is out of bounds.')
('reset starting point: ', 2.5355101574732717, 3.0321488231791145, 1.1018104473952115)
('solution: ', array([ 3.65350278e+14,  2.62959942e+00, -1.84960879e+16]))
('guessed vol: ', -3.14203685893237e-46)
('volume: ', 3.14203685893237e-46, ' is out of bounds.')
('range ', 3, 4, 2, ' does not work')
('try bound: ', [[2, 3], [3, 4], [2, 3]])
('reset starting point: ', 2.4562002371263008, 3.3271915017182074, 2.131780954171745)
('solution: ', array([ 2.13975836e+15,  2.38099495e+00, -1.68781373e+17]))
('guessed vol: ', -5.30850060069295e-49)
('volume: ', 5.30850060069295e-49, ' is out of bounds.')
('reset starting point: ', 2.9264558452648153, 3.0085153105062545, 2.5289921609401955)
('solution: ', array([ 8.51609900e+14,  2.38255305e+00, -6.69194975e+16]))
('guessed vol: ', -8.49243676489855e-48)
('volume: ', 8.49243676489855e-48, ' is out of bounds.')
('reset starting point: ', 2.510724187616974, 3.474538800244711, 2.8075363825500013)
('solution: ', array([ 2.09032922e+15,  2.48794370e+00, -1.31629448e+17]))
('guessed vol: ', -9.59158179333707e-49)
('volume: ', 9.59158179333707e-49, ' is out of bounds.')
('range ', 3, 4, 3, ' does not work')
('try bound: ', [[2, 3], [3, 4], [3, 4]])
('reset starting point: ', 2.0905219037534284, 3.823698202983837, 3.0845801568041136)
('solution: ', array([ 1.18125970e+15,  2.54360100e+00, -6.76732564e+16]))
('guessed vol: ', -6.71171745829835e-48)
('volume: ', 6.71171745829835e-48, ' is out of bounds.')
('reset starting point: ', 2.511177084401149, 3.545395147228323, 3.0577449300395148)
('solution: ', array([ 1.42001946e+15,  2.51230679e+00, -8.56568957e+16]))
('guessed vol: ', -3.39724651222758e-48)
('volume: ', 3.39724651222758e-48, ' is out of bounds.')
('reset starting point: ', 2.0431909053599067, 3.158390975641187, 3.4666337684605275)
('solution: ', array([ 2.07980867e+15,  2.36726597e+00, -1.69763401e+17]))
('guessed vol: ', -5.35654594159749e-49)
('volume: ', 5.35654594159749e-49, ' is out of bounds.')
('range ', 3, 4, 4, ' does not work')
('try bound: ', [[3, 4], [0, 1], [0, 1]])
('reset starting point: ', 3.216324916885959, 0.49689552895065514, 0.8306539632781144)
('solution: ', array([ 9.15315170e+14,  2.56740366e+00, -5.05470671e+16]))
('guessed vol: ', -1.58467003878496e-47)
('volume: ', 1.58467003878496e-47, ' is out of bounds.')
('reset starting point: ', 3.7393388306184123, 0.7327309767899485, 0.21087520072439836)
('solution: ', array([5.37920564, 3.29090793, 0.13537588]))
('guessed vol: ', -0.00108236413744101)
('volume: ', 0.00108236413744101, ' is out of bounds.')
('reset starting point: ', 3.2837466998556537, 0.14690190576297235, 0.4690777202666646)
('solution: ', array([ 3.75648411e+14,  2.92822552e+00, -1.42641375e+16]))
('guessed vol: ', -7.49115859847592e-46)
('volume: ', 7.49115859847592e-46, ' is out of bounds.')
('range ', 4, 1, 1, ' does not work')
('try bound: ', [[3, 4], [0, 1], [1, 2]])
('reset starting point: ', 3.1027925862301693, 0.14183889423628204, 1.0747473247843216)
('solution: ', array([ 4.01598502e+14,  2.63649414e+00, -2.01508746e+16]))
('guessed vol: ', -2.42475956173056e-46)
('volume: ', 2.42475956173056e-46, ' is out of bounds.')
('reset starting point: ', 3.3030199301486722, 0.6629681730649613, 1.5491982205566694)
('solution: ', array([ 4.01062812e+14,  2.54381772e+00, -2.29686148e+16]))
('guessed vol: ', -1.71636749104770e-46)
('volume: ', 1.71636749104770e-46, ' is out of bounds.')
('reset starting point: ', 3.8689713295178674, 0.16302746909562005, 1.456374217742275)
('solution: ', array([ 4.39965308e+14,  2.49902410e+00, -2.71596525e+16]))
('guessed vol: ', -1.07942408344957e-46)
('volume: ', 1.07942408344957e-46, ' is out of bounds.')
('range ', 4, 1, 2, ' does not work')
('try bound: ', [[3, 4], [0, 1], [2, 3]])
('reset starting point: ', 3.9037201303058326, 0.8994921250787477, 2.8716306623689247)
('solution: ', array([ 4.57145122e+14,  2.55487259e+00, -2.57313627e+16]))
('guessed vol: ', -1.21113209287780e-46)
('volume: ', 1.21113209287780e-46, ' is out of bounds.')
('reset starting point: ', 3.536640906687687, 0.8468135969853002, 2.208805533681851)
('solution: ', array([ 1.17023590e+15,  2.48016455e+00, -7.47513404e+16]))
('guessed vol: ', -5.28189937873979e-48)
('volume: ', 5.28189937873979e-48, ' is out of bounds.')
('reset starting point: ', 3.6522641280854757, 0.22255423589295142, 2.157899546028633)
('solution: ', array([ 2.16504653e+14,  2.62048171e+00, -1.10929131e+16]))
('guessed vol: ', -1.46100499108978e-45)
('volume: ', 1.46100499108978e-45, ' is out of bounds.')
('range ', 4, 1, 3, ' does not work')
('try bound: ', [[3, 4], [0, 1], [3, 4]])
('reset starting point: ', 3.3049807970640392, 0.10270626973309305, 3.660208266746096)
('solution: ', array([ 2.3223119 ,  0.94158668, 49.37414169]))
('guessed vol: ', 0.0421640287314962)
('volume: ', 0.0421640287314962, ' is out of bounds.')
('reset starting point: ', 3.128715082296562, 0.9554500206622011, 3.4011122736593995)
('solution: ', array([ 3.48118800e+14,  2.46006514e+00, -2.31046531e+16]))
('guessed vol: ', -1.83183769811776e-46)
('volume: ', 1.83183769811776e-46, ' is out of bounds.')
('reset starting point: ', 3.9331275633828477, 0.9742294485934475, 3.511947161367798)
('solution: ', array([ 1.09624082e+15,  2.74587102e+00, -4.85506224e+16]))
('guessed vol: ', -1.72477441416578e-47)
('volume: ', 1.72477441416578e-47, ' is out of bounds.')
('range ', 4, 1, 4, ' does not work')
('try bound: ', [[3, 4], [1, 2], [0, 1]])
('reset starting point: ', 3.986538896051294, 1.6087272906917494, 0.5531066644146203)
('solution: ', array([ 1.53703831e+15,  2.72356339e+00, -6.96666505e+16]))
('guessed vol: ', -5.82007757969219e-48)
('volume: ', 5.82007757969219e-48, ' is out of bounds.')
('reset starting point: ', 3.528042917683561, 1.5395500541402551, 0.44729457356516455)
('solution: ', array([5.37920564, 3.29090793, 0.1353759 ]))
('guessed vol: ', -0.00108236413744101)
('volume: ', 0.00108236413744101, ' is out of bounds.')
('reset starting point: ', 3.4433011605157517, 1.5372948503849, 0.6475968876176367)
('solution: ', array([ 3.58378770e+14,  2.66727645e+00, -1.73089786e+16]))
('guessed vol: ', -3.80061246458505e-46)
('volume: ', 3.80061246458505e-46, ' is out of bounds.')
('range ', 4, 2, 1, ' does not work')
('try bound: ', [[3, 4], [1, 2], [1, 2]])
('reset starting point: ', 3.8451704471836554, 1.720455182793518, 1.4316172558799694)
('solution: ', array([ 1.79947312e+15,  2.83580802e+00, -7.33403547e+16]))
('guessed vol: ', -5.16642251395391e-48)
('volume: ', 5.16642251395391e-48, ' is out of bounds.')
('reset starting point: ', 3.1319482558840424, 1.7028080543948403, 1.771971791965302)
('solution: ', array([ 2.47666531e+15,  2.89719986e+00, -9.61626876e+16]))
('guessed vol: ', -2.38406125204492e-48)
('volume: ', 2.38406125204492e-48, ' is out of bounds.')
('reset starting point: ', 3.2338880091444206, 1.0221107735619945, 1.0146531418381992)
('solution: ', array([ 6.23552127e+14,  2.52233491e+00, -3.69809205e+16]))
('guessed vol: ', -4.18396706456976e-47)
('volume: ', 4.18396706456976e-47, ' is out of bounds.')
('range ', 4, 2, 2, ' does not work')
('try bound: ', [[3, 4], [1, 2], [2, 3]])
('reset starting point: ', 3.5787892953277356, 1.0148054721726547, 2.214490240086632)
('solution: ', array([ 3.86290614e+14,  2.56197760e+00, -2.15078184e+16]))
('guessed vol: ', -2.06410772069689e-46)
('volume: ', 2.06410772069689e-46, ' is out of bounds.')
('reset starting point: ', 3.0569021563743313, 1.1622642770331861, 2.2749217699864666)
('solution: ', array([ 8.20319593e+14,  2.65344737e+00, -4.02920495e+16]))
('guessed vol: ', -3.02049031203342e-47)
('volume: ', 3.02049031203342e-47, ' is out of bounds.')
('reset starting point: ', 3.5214326810626493, 1.5608236334327716, 2.823246570329233)
('solution: ', array([ 4.12431292e+14,  2.77009553e+00, -1.78338831e+16]))
('guessed vol: ', -3.49931627454119e-46)
('volume: ', 3.49931627454119e-46, ' is out of bounds.')
('range ', 4, 2, 3, ' does not work')
('try bound: ', [[3, 4], [1, 2], [3, 4]])
('reset starting point: ', 3.0623258927187074, 1.9148295610699664, 3.8534049487695734)
('solution: ', array([ 7.73106560e+14,  2.60384585e+00, -4.05134004e+16]))
('guessed vol: ', -3.01905738494282e-47)
('volume: ', 3.01905738494282e-47, ' is out of bounds.')
('reset starting point: ', 3.2857356598280396, 1.0994094608895288, 3.9484002440804744)
('solution: ', array([ 2.73271658e+15,  2.85526850e+00, -1.09604281e+17]))
('guessed vol: ', -1.56496483035002e-48)
('volume: ', 1.56496483035002e-48, ' is out of bounds.')
('reset starting point: ', 3.5053844302486814, 1.3530352654706574, 3.4934537516334747)
('solution: ', array([ 4.41943748e+14,  2.67816644e+00, -2.10714672e+16]))
('guessed vol: ', -2.10377277947655e-46)
('volume: ', 2.10377277947655e-46, ' is out of bounds.')
('range ', 4, 2, 4, ' does not work')
('try bound: ', [[3, 4], [2, 3], [0, 1]])
('reset starting point: ', 3.9541743438202595, 2.8627050921593344, 0.00875725372540781)
('solution: ', array([5.37920564, 3.29090793, 0.13537589]))
('guessed vol: ', -0.00108236413744101)
('volume: ', 0.00108236413744101, ' is out of bounds.')
('reset starting point: ', 3.2493064448822335, 2.9041028885954363, 0.15890019022394086)
('solution: ', array([5.37920564, 3.29090793, 0.13537589]))
('guessed vol: ', -0.00108236413744101)
('volume: ', 0.00108236413744101, ' is out of bounds.')
('reset starting point: ', 3.4600801298403314, 2.5776513114815476, 0.8237760738634409)
('solution: ', array([ 3.34311219e+14,  2.74556620e+00, -1.48106450e+16]))
('guessed vol: ', -6.07534554375769e-46)
('volume: ', 6.07534554375769e-46, ' is out of bounds.')
('range ', 4, 3, 1, ' does not work')
('try bound: ', [[3, 4], [2, 3], [1, 2]])
('reset starting point: ', 3.411849969049016, 2.7011516445651296, 1.417115620362397)
('solution: ', array([ 2.43669176e+14,  2.73356735e+00, -1.09288555e+16]))
('guessed vol: ', -1.50924708988184e-45)
('volume: ', 1.50924708988184e-45, ' is out of bounds.')
('reset starting point: ', 3.972927767448961, 2.0751622865809556, 1.4852359220019515)
('solution: ', array([ 1.01293192e+15,  2.79302996e+00, -4.28653271e+16]))
('guessed vol: ', -2.53862615618582e-47)
('volume: ', 2.53862615618582e-47, ' is out of bounds.')
('reset starting point: ', 3.4148395555952846, 2.792096166920082, 1.916510579627546)
('solution: ', array([ 1.34504671e+15,  2.60735183e+00, -7.01463006e+16]))
('guessed vol: ', -5.80762705825380e-48)
('volume: ', 5.80762705825380e-48, ' is out of bounds.')
('range ', 4, 3, 2, ' does not work')
('try bound: ', [[3, 4], [2, 3], [2, 3]])
('reset starting point: ', 3.0988090123522714, 2.661704745081614, 2.3073014625709862)
('solution: ', array([ 1.75188781e+15,  2.57633171e+00, -9.54720164e+16]))
('guessed vol: ', -2.33928231036005e-48)
('volume: ', 2.33928231036005e-48, ' is out of bounds.')
('reset starting point: ', 3.5391573007683217, 2.2256527801355785, 2.6931763631646537)
('solution: ', array([ 3.70128193e+14,  2.62032726e+00, -1.89679188e+16]))
('guessed vol: ', -2.92249379366379e-46)
('volume: ', 2.92249379366379e-46, ' is out of bounds.')
('reset starting point: ', 3.980916677437894, 2.9646493936200686, 2.0290784883208155)
('solution: ', array([ 8.93638880e+14,  2.59523372e+00, -4.73948551e+16]))
('guessed vol: ', -1.89317648731756e-47)
('volume: ', 1.89317648731756e-47, ' is out of bounds.')
('range ', 4, 3, 3, ' does not work')
('try bound: ', [[3, 4], [2, 3], [3, 4]])
('reset starting point: ', 3.626048575253484, 2.498851759073077, 3.257707092112158)
('solution: ', array([ 4.93560235e+14,  2.55058497e+00, -2.79666004e+16]))
('guessed vol: ', -9.46148316911785e-47)
('volume: ', 9.46148316911785e-47, ' is out of bounds.')
('reset starting point: ', 3.0954707997784463, 2.492161598761417, 3.155604994183568)
('solution: ', array([ 1.63825144e+15,  2.49322733e+00, -1.02181536e+17]))
('guessed vol: ', -2.03898645591708e-48)
('volume: ', 2.03898645591708e-48, ' is out of bounds.')
('reset starting point: ', 3.7959244312968212, 2.9094761294927745, 3.315610892464053)
('solution: ', array([ 1.34810180e+15,  2.43628314e+00, -9.38732455e+16]))
('guessed vol: ', -2.81922312509312e-48)
('volume: ', 2.81922312509312e-48, ' is out of bounds.')
('range ', 4, 3, 4, ' does not work')
('try bound: ', [[3, 4], [3, 4], [0, 1]])
('reset starting point: ', 3.1017091036570674, 3.2053389513754205, 0.24833888376044233)
('solution: ', array([5.37920564, 3.29090793, 0.13537591]))
('guessed vol: ', -0.00108236413744101)
('volume: ', 0.00108236413744101, ' is out of bounds.')
('reset starting point: ', 3.976414978301223, 3.0373275420821706, 0.9349450341402276)
('solution: ', array([ 4.06359225e+14,  2.71499336e+00, -1.85883009e+16]))
('guessed vol: ', -3.06206049555097e-46)
('volume: ', 3.06206049555097e-46, ' is out of bounds.')
('reset starting point: ', 3.1987053408839197, 3.3976920131947024, 0.7006895841599121)
('solution: ', array([ 2.52572506e+14,  2.75501570e+00, -1.10838062e+16]))
('guessed vol: ', -1.45224198899062e-45)
('volume: ', 1.45224198899062e-45, ' is out of bounds.')
('range ', 4, 4, 1, ' does not work')
('try bound: ', [[3, 4], [3, 4], [1, 2]])
('reset starting point: ', 3.9609596466605557, 3.8418075463808172, 1.6181044361301482)
('solution: ', array([ 2.54801370e+14,  2.65851821e+00, -1.24374978e+16]))
('guessed vol: ', -1.02589376958642e-45)
('volume: ', 1.02589376958642e-45, ' is out of bounds.')
('reset starting point: ', 3.587206869454182, 3.819727049199611, 1.85528912244629)
('solution: ', array([ 2.34488142e+14,  2.66448109e+00, -1.13634281e+16]))
('guessed vol: ', -1.34377356837852e-45)
('volume: ', 1.34377356837852e-45, ' is out of bounds.')
('reset starting point: ', 3.556091031279082, 3.518226952107276, 1.9463956679724062)
('solution: ', array([ 1.86469840e+14,  2.59728804e+00, -9.86110822e+15]))
('guessed vol: ', -2.09982764823692e-45)
('volume: ', 2.09982764823692e-45, ' is out of bounds.')
('range ', 4, 4, 2, ' does not work')
('try bound: ', [[3, 4], [3, 4], [2, 3]])
('reset starting point: ', 3.9277231435552427, 3.9653606077052173, 2.1229087703845333)
('solution: ', array([ 2.76362421e+15,  2.91892079e+00, -1.05628302e+17]))
('guessed vol: ', -1.83020665791703e-48)
('volume: ', 1.83020665791703e-48, ' is out of bounds.')
('reset starting point: ', 3.8321357034792287, 3.5130498495492106, 2.3981191658303294)
('solution: ', array([ 1.77312640e+15,  2.58387093e+00, -9.55743066e+16]))
('guessed vol: ', -2.32203618042497e-48)
('volume: ', 2.32203618042497e-48, ' is out of bounds.')
('reset starting point: ', 3.563231729880516, 3.170572758356859, 2.798638599145337)
('solution: ', array([ 1.57599760e+15,  2.53428982e+00, -9.16462452e+16]))
('guessed vol: ', -2.72183836413841e-48)
('volume: ', 2.72183836413841e-48, ' is out of bounds.')
('range ', 4, 4, 3, ' does not work')
('try bound: ', [[3, 4], [3, 4], [3, 4]])
('reset starting point: ', 3.8185079482826376, 3.4062108475911295, 3.094337311842547)
('solution: ', array([ 5.35624118e+14,  2.58863761e+00, -2.86740629e+16]))
('guessed vol: ', -8.57706914464397e-47)
('volume: ', 8.57706914464397e-47, ' is out of bounds.')
('reset starting point: ', 3.4692373269797265, 3.9798855482506106, 3.6101088140963085)
('solution: ', array([ 8.75264711e+14,  3.06164009e+00, -3.06457449e+16]))
('guessed vol: ', -8.76599275559784e-47)
('volume: ', 8.76599275559784e-47, ' is out of bounds.')
('reset starting point: ', 3.1760544449492825, 3.7421456368362844, 3.2264504380921024)
('solution: ', array([ 2.16698167e+15,  2.59164961e+00, -1.15510865e+17]))
('guessed vol: ', -1.31001795051106e-48)
('volume: ', 1.31001795051106e-48, ' is out of bounds.')
('range ', 4, 4, 4, ' does not work')
Done.
('vol_list: ', [])
('sol_list: ', [])
('dist_list: ', [])
('try bound: ', [[0, 1], [0, 1], [4, 5]])
('reset starting point: ', 0.6838651322364334, 0.8468119911107854, 4.325301796413813)
('solution: ', array([ 1.03595901e+15,  2.75650318e+00, -4.53946069e+16]))
('guessed vol: ', -2.11463288615029e-47)
('volume: ', 2.11463288615029e-47, ' is out of bounds.')
('reset starting point: ', 0.8425245728642892, 0.7227546491939505, 4.307390795913912)
('solution: ', array([ 1.56686531e+14,  2.69239142e+00, -7.34917200e+15]))
('guessed vol: ', -4.95379460327422e-45)
('volume: ', 4.95379460327422e-45, ' is out of bounds.')
('reset starting point: ', 0.3076458974120476, 0.5773571826652112, 4.067995344120026)
('solution: ', array([ 4.92453485e+14,  2.41987767e+00, -3.55117311e+16]))
('guessed vol: ', -5.33546464601449e-47)
('volume: ', 5.33546464601449e-47, ' is out of bounds.')
('range ', 1, 1, 5, ' does not work')
('try bound: ', [[0, 1], [1, 2], [4, 5]])
('reset starting point: ', 0.05019610941363062, 1.7991958133954666, 4.119084251531823)
('solution: ', array([ 0.92686906,  2.83404966, 63.91025963]))
('guessed vol: ', 0.0251496514707788)
('volume: ', 0.0251496514707788, ' is out of bounds.')
('reset starting point: ', 0.3761470881908804, 1.529969824072672, 4.905448958328909)
('solution: ', array([ 6.66332787e+14,  2.87173315e+00, -2.63782004e+16]))
('guessed vol: ', -1.13439470198958e-46)
('volume: ', 1.13439470198958e-46, ' is out of bounds.')
('reset starting point: ', 0.45018767339507637, 1.9785578676033224, 4.266029257740094)
('solution: ', array([ 1.36804566e+15,  2.22384778e+00, -1.79453688e+17]))
('guessed vol: ', -6.83516065499244e-49)
('volume: ', 6.83516065499244e-49, ' is out of bounds.')
('range ', 1, 2, 5, ' does not work')
('try bound: ', [[0, 1], [2, 3], [4, 5]])
('reset starting point: ', 0.724330564258926, 2.397747169986303, 4.078080856571321)
('solution: ', array([ 7.39639760e+14,  2.66877366e+00, -3.56591874e+16]))
('guessed vol: ', -4.34570169063264e-47)
('volume: ', 4.34570169063264e-47, ' is out of bounds.')
('reset starting point: ', 0.1335062094996856, 2.855521246039538, 4.7733303781534975)
('solution: ', array([ 0.92686906,  2.83404966, 63.91025965]))
('guessed vol: ', 0.0251496514707788)
('volume: ', 0.0251496514707788, ' is out of bounds.')
('reset starting point: ', 0.17036572155168417, 2.874526700335408, 4.305522833486674)
('solution: ', array([ 7.75288686e+14,  2.39453766e+00, -5.92042651e+16]))
('guessed vol: ', -1.20028663315404e-47)
('volume: ', 1.20028663315404e-47, ' is out of bounds.')
('range ', 1, 3, 5, ' does not work')
('try bound: ', [[0, 1], [3, 4], [4, 5]])
('reset starting point: ', 0.910289494117711, 3.415389778529968, 4.013380773064418)
('solution: ', array([ 2.15064933e+15,  2.19319951e+00, -3.25833264e+17]))
('guessed vol: ', -1.30621507647039e-49)
('volume: ', 1.30621507647039e-49, ' is out of bounds.')
('reset starting point: ', 0.6033031355005568, 3.287449669306863, 4.478556387267732)
('solution: ', array([ 6.58809307e+14,  2.46225888e+00, -4.35385899e+16]))
('guessed vol: ', -2.73009368941761e-47)
('volume: ', 2.73009368941761e-47, ' is out of bounds.')
('reset starting point: ', 0.9359733188457566, 3.783265998900397, 4.745990002263051)
('solution: ', array([ 8.90585711e+14,  2.42098510e+00, -6.40671239e+16]))
('guessed vol: ', -9.07075316301731e-48)
('volume: ', 9.07075316301731e-48, ' is out of bounds.')
('range ', 1, 4, 5, ' does not work')
('try bound: ', [[0, 1], [4, 5], [0, 1]])
('reset starting point: ', 0.7779029080570758, 4.488519082288903, 0.7216568045656822)
('solution: ', array([ 1.99861756e+35,  3.64972622e+36, -1.85489855e+38]))
('guessed vol: ', -3.72251253027265e-149)
('volume: ', 3.72251253027265e-149, ' is out of bounds.')
('reset starting point: ', 0.6671653639951743, 4.617247531799289, 0.39087568422596153)
('solution: ', array([ 6.62172051e+36,  1.30358405e+38, -3.78055023e+39]))
('guessed vol: ', -8.74408566708121e-155)
('volume: ', 8.74408566708121e-155, ' is out of bounds.')
('reset starting point: ', 0.8719785108140112, 4.245695452622026, 0.2816250301904928)
('solution: ', array([ 2.17678523e+36,  2.72081050e+37, -4.40549752e+39]))
('guessed vol: ', -5.65479972154545e-154)
('volume: ', 5.65479972154545e-154, ' is out of bounds.')
('range ', 1, 5, 1, ' does not work')
('try bound: ', [[0, 1], [4, 5], [1, 2]])
('reset starting point: ', 0.11532724483515511, 4.669145579869709, 1.1764038598557982)
('solution: ', array([6.43659436e+37, 9.72769061e+38, 5.68306825e+38]))
('guessed vol: ', 4.45228707485602e-155)
('volume: ', 4.45228707485602e-155, ' is out of bounds.')
('reset starting point: ', 0.6053076562310877, 4.028826939258688, 1.1000031584745988)
('solution: ', array([ 1.20056866e+36,  6.31454859e+35, -7.76254934e+38]))
('guessed vol: ', -5.50446797140615e-150)
('volume: ', 5.50446797140615e-150, ' is out of bounds.')
('reset starting point: ', 0.9890436260759815, 4.031904146289516, 1.8958642558535503)
('solution: ', array([ 1.51768650e+36,  1.67896281e+36, -2.68131177e+39]))
('guessed vol: ', -5.05853530117970e-152)
('volume: ', 5.05853530117970e-152, ' is out of bounds.')
('range ', 1, 5, 2, ' does not work')
('try bound: ', [[0, 1], [4, 5], [2, 3]])
('reset starting point: ', 0.814163549091769, 4.232244461446972, 2.2855795499597806)
('solution: ', array([ 2.40863022e+37,  1.20751861e+38, -1.76177554e+40]))
('guessed vol: ', -1.93856235903847e-156)
('volume: ', 1.93856235903847e-156, ' is out of bounds.')
('reset starting point: ', 0.03326056391669863, 4.73867896157174, 2.8280352343272392)
('solution: ', array([2.00000911e+00, 1.05285394e+26, 8.69998679e+01]))
('guessed vol: ', -3.11071207131434e-54)
('volume: ', 3.11071207131434e-54, ' is out of bounds.')
('reset starting point: ', 0.8186347052488571, 4.942175994266908, 2.2796260595750732)
('solution: ', array([ 5.19992493e+37,  6.28429907e+38, -1.23174523e+40]))
('guessed vol: ', -3.79818586124578e-157)
('volume: ', 3.79818586124578e-157, ' is out of bounds.')
('range ', 1, 5, 3, ' does not work')
('try bound: ', [[0, 1], [4, 5], [3, 4]])
('reset starting point: ', 0.9577118299074737, 4.222308937293957, 3.374363158629456)
('solution: ', array([ 1.36122343e+37,  1.85780607e+38, -3.43074988e+40]))
('guessed vol: ', -1.80368515172045e-157)
('volume: ', 1.80368515172045e-157, ' is out of bounds.')
('reset starting point: ', 0.8200473565452726, 4.8384620305109705, 3.042595572167586)
('solution: ', array([ 6.56684434e+37,  2.43965055e+38, -3.86944380e+38]))
('guessed vol: ', -7.35861255852025e-154)
('volume: ', 7.35861255852025e-154, ' is out of bounds.')
('reset starting point: ', 0.3038772698750688, 4.149838456697568, 3.194507447249448)
('solution: ', array([ 3.05011983e+36,  4.42876206e+37, -1.82157932e+39]))
('guessed vol: ', -2.86955225839335e-153)
('volume: ', 2.86955225839335e-153, ' is out of bounds.')
('range ', 1, 5, 4, ' does not work')
('try bound: ', [[0, 1], [4, 5], [4, 5]])
('reset starting point: ', 0.2905093123861776, 4.5338501107427245, 4.603999463955527)
('solution: ', array([ 1.44196067e+37,  2.44091312e+38, -1.29262177e+39]))
('guessed vol: ', -2.26145428134230e-154)
('volume: ', 2.26145428134230e-154, ' is out of bounds.')
('reset starting point: ', 0.24510827392572787, 4.618393517803224, 4.299628096694368)
('solution: ', array([ 1.98726705e+37,  4.37117931e+38, -1.45115852e+39]))
('guessed vol: ', -5.32108350422710e-155)
('volume: ', 5.32108350422710e-155, ' is out of bounds.')
('reset starting point: ', 0.5456782446729126, 4.300336585197254, 4.978571953696645)
('solution: ', array([ 1.23229119e+37,  1.78109954e+38, -6.83476643e+39]))
('guessed vol: ', -1.29494671925164e-155)
('volume: ', 1.29494671925164e-155, ' is out of bounds.')
('range ', 1, 5, 5, ' does not work')
('try bound: ', [[1, 2], [0, 1], [4, 5]])
('reset starting point: ', 1.3037366895204647, 0.38740576812014904, 4.032207606038961)
('solution: ', array([ 2.73186658e+15,  2.43909963e+00, -1.89120866e+17]))
('guessed vol: ', -3.43411778624411e-49)
('volume: ', 3.43411778624411e-49, ' is out of bounds.')
('reset starting point: ', 1.5614070968810676, 0.18350712602801755, 4.179964779971279)
('solution: ', array([ 2.40267600e+14,  2.54169699e+00, -1.38064413e+16]))
('guessed vol: ', -7.91518626862950e-46)
('volume: ', 7.91518626862950e-46, ' is out of bounds.')
('reset starting point: ', 1.5169732811335717, 0.7574585968782395, 4.930923370035489)
('solution: ', array([ 2.10429505,  1.85997795, -2.3479374 ]))
('guessed vol: ', -0.00343666479408232)
('volume: ', 0.00343666479408232, ' is out of bounds.')
('range ', 2, 1, 5, ' does not work')
('try bound: ', [[1, 2], [1, 2], [4, 5]])
('reset starting point: ', 1.9523264800952211, 1.4382194373945834, 4.363034818170217)
('solution: ', array([ 5.85612390e+14,  2.48576930e+00, -3.70229704e+16]))
('guessed vol: ', -4.32068436882686e-47)
('volume: ', 4.32068436882686e-47, ' is out of bounds.')
('reset starting point: ', 1.718831119263185, 1.0534120085475358, 4.526546374064464)
('solution: ', array([ 6.70276024e+14,  2.59105188e+00, -3.57593554e+16]))
('guessed vol: ', -4.41678549617262e-47)
('volume: ', 4.41678549617262e-47, ' is out of bounds.')
('reset starting point: ', 1.8325087556656565, 1.726277466375879, 4.370903835758089)
('solution: ', array([ 3.27377753e+14,  2.48207545e+00, -2.08381195e+16]))
('guessed vol: ', -2.43303199810365e-46)
('volume: ', 2.43303199810365e-46, ' is out of bounds.')
('range ', 2, 2, 5, ' does not work')
('try bound: ', [[1, 2], [2, 3], [4, 5]])
('reset starting point: ', 1.7858039078669035, 2.9472254269735423, 4.479560753787922)
('solution: ', array([ 8.79685078e+14,  2.45481018e+00, -5.89918911e+16]))
('guessed vol: ', -1.10790847229834e-47)
('volume: ', 1.10790847229834e-47, ' is out of bounds.')
('reset starting point: ', 1.0244799129967772, 2.878550925062902, 4.026809245374294)
('solution: ', array([ 7.91684651e+14,  2.49898706e+00, -4.88749652e+16]))
('guessed vol: ', -1.85234325407388e-47)
('volume: ', 1.85234325407388e-47, ' is out of bounds.')
('reset starting point: ', 1.6625024880685941, 2.6876803449999174, 4.265685596781197)
('solution: ', array([ 2.46702749e+15,  2.48111560e+00, -1.57309174e+17]))
('guessed vol: ', -5.66140141935125e-49)
('volume: ', 5.66140141935125e-49, ' is out of bounds.')
('range ', 2, 3, 5, ' does not work')
('try bound: ', [[1, 2], [3, 4], [4, 5]])
('reset starting point: ', 1.2058814499196098, 3.229524427416999, 4.125567596830365)
('solution: ', array([ 1.63012427e+15,  2.35909923e+00, -1.35888939e+17]))
('guessed vol: ', -1.06182236484066e-48)
('volume: ', 1.06182236484066e-48, ' is out of bounds.')
('reset starting point: ', 1.5632318816160344, 3.4668414121570197, 4.8725194138050325)
('solution: ', array([ 5.22100388e+15,  2.38883377e+00, -4.04111151e+17]))
('guessed vol: ', -3.81261131691453e-50)
('volume: ', 3.81261131691453e-50, ' is out of bounds.')
('reset starting point: ', 1.5960520733409713, 3.055127371622523, 4.844252451045593)
('solution: ', array([ 1.23988778e+15,  2.40471641e+00, -9.24823704e+16]))
('guessed vol: ', -3.09487813527325e-48)
('volume: ', 3.09487813527325e-48, ' is out of bounds.')
('range ', 2, 4, 5, ' does not work')
('try bound: ', [[1, 2], [4, 5], [0, 1]])
('reset starting point: ', 1.756573388474337, 4.255278443315099, 0.5451048113122543)
('solution: ', array([ 1.53637525e+36,  1.27408639e+37, -4.03052317e+39]))
('guessed vol: ', -1.76793827655550e-153)
('volume: ', 1.76793827655550e-153, ' is out of bounds.')
('reset starting point: ', 1.6943917103711876, 4.060186072645948, 0.7187614943021162)
('solution: ', array([ 6.78328383e+34,  5.48157763e+34, -7.60735957e+37]))
('guessed vol: ', -6.75808690389203e-146)
('volume: ', 6.75808690389203e-146, ' is out of bounds.')
('reset starting point: ', 1.0069021631875121, 4.475125969194068, 0.9007994739876641)
('solution: ', array([ 7.94270770e+35,  1.38329324e+37, -1.06691539e+39]))
('guessed vol: ', -6.24730277346582e-152)
('volume: ', 6.24730277346582e-152, ' is out of bounds.')
('range ', 2, 5, 1, ' does not work')
('try bound: ', [[1, 2], [4, 5], [1, 2]])
('reset starting point: ', 1.886288766790279, 4.969585295924806, 1.7740774510838424)
('solution: ', array([ 5.49802508e+36,  9.02510410e+37, -5.85337085e+39]))
('guessed vol: ', -5.38692440048494e-155)
('volume: ', 5.38692440048494e-155, ' is out of bounds.')
('reset starting point: ', 1.5935532389349847, 4.789309736785486, 1.4902734905947344)
('solution: ', array([ 1.16388361e+37,  2.07369237e+38, -1.43476332e+40]))
('guessed vol: ', -1.63862029895897e-156)
('volume: ', 1.63862029895897e-156, ' is out of bounds.')
('reset starting point: ', 1.0336719086165251, 4.63622374258293, 1.2824654760714593)
('solution: ', array([ 2.65495253e+38,  1.85166365e+39, -9.11162786e+40]))
('guessed vol: ', -5.99370865059411e-160)
('volume: ', 5.99370865059411e-160, ' is out of bounds.')
('range ', 2, 5, 2, ' does not work')
('try bound: ', [[1, 2], [4, 5], [2, 3]])
('reset starting point: ', 1.340392326435975, 4.5263079849007415, 2.0691785315215645)
('solution: ', array([ 4.14271860e+37,  7.71711892e+38, -7.33787167e+40]))
('guessed vol: ', -3.71975176140050e-159)
('volume: ', 3.71975176140050e-159, ' is out of bounds.')
('reset starting point: ', 1.5324939953754106, 4.036720331884035, 2.527396608803885)
('solution: ', array([ 1.95505286e+37,  1.05357988e+38, -2.14635263e+41]))
('guessed vol: ', -1.58068332649108e-159)
('volume: ', 1.58068332649108e-159, ' is out of bounds.')
('reset starting point: ', 1.8811356753823087, 4.005538591986602, 2.9903577934813845)
('solution: ', array([ 3.40929158e+15,  5.75949356e+00, -1.19223381e+17]))
('guessed vol: ', -4.22683842853409e-49)
('volume: ', 4.22683842853409e-49, ' is out of bounds.')
('range ', 2, 5, 3, ' does not work')
('try bound: ', [[1, 2], [4, 5], [3, 4]])
('reset starting point: ', 1.7707305634750559, 4.090925302515976, 3.1920204875920257)
('solution: ', array([ 1.44361208e+36,  9.78486523e+37, -8.81936327e+40]))
('guessed vol: ', -2.38988723471071e-158)
('volume: ', 2.38988723471071e-158, ' is out of bounds.')
('reset starting point: ', 1.6218976420504836, 4.338861057016125, 3.289866771834993)
('solution: ', array([ 1.19411394e+35,  3.39655758e+36, -6.89326664e+38]))
('guessed vol: ', -1.23938621802559e-150)
('volume: ', 1.23938621802559e-150, ' is out of bounds.')
('reset starting point: ', 1.8736354747433008, 4.845706531501958, 3.091313401598571)
('solution: ', array([ 6.68937602e+36,  6.56964920e+37, -4.94375049e+39]))
('guessed vol: ', -1.30396606963958e-154)
('volume: ', 1.30396606963958e-154, ' is out of bounds.')
('range ', 2, 5, 4, ' does not work')
('try bound: ', [[1, 2], [4, 5], [4, 5]])
('reset starting point: ', 1.2519078639932875, 4.799679702503636, 4.7194002890609745)
('solution: ', array([ 9.50002122e+37,  1.02474236e+39, -4.30650196e+40]))
('guessed vol: ', -9.45339657387158e-159)
('volume: ', 9.45339657387158e-159, ' is out of bounds.')
('reset starting point: ', 1.6167326218346454, 4.880424465460969, 4.252682609513278)
('solution: ', array([ 2.94649677e+36,  4.20928957e+37, -2.36189132e+39]))
('guessed vol: ', -1.63996275850439e-153)
('volume: ', 1.63996275850439e-153, ' is out of bounds.')
('reset starting point: ', 1.5184214787744843, 4.984500859159957, 4.6117792211242925)
('solution: ', array([ 1.57418728e+36,  2.02879623e+37, -7.90476584e+38]))
('guessed vol: ', -7.40140642585861e-152)
('volume: ', 7.40140642585861e-152, ' is out of bounds.')
('range ', 2, 5, 5, ' does not work')
('try bound: ', [[2, 3], [0, 1], [4, 5]])
('reset starting point: ', 2.8155207088785152, 0.5328429717787775, 4.661732863842397)
('solution: ', array([ 1.57340415e+15,  2.47382661e+00, -1.01703375e+17]))
('guessed vol: ', -2.11240511297139e-48)
('volume: ', 2.11240511297139e-48, ' is out of bounds.')
('reset starting point: ', 2.596335342207392, 0.6961376710656674, 4.075146595739927)
('solution: ', array([ 8.49050394e+14,  2.79973863e+00, -3.57110189e+16]))
('guessed vol: ', -4.40161696609832e-47)
('volume: ', 4.40161696609832e-47, ' is out of bounds.')
('reset starting point: ', 2.967552514463587, 0.037820282285682905, 4.548615229123748)
('solution: ', array([ 2.3223119 ,  0.94158668, 49.3741417 ]))
('guessed vol: ', 0.0421640287314962)
('volume: ', 0.0421640287314962, ' is out of bounds.')
('range ', 3, 1, 5, ' does not work')
('try bound: ', [[2, 3], [1, 2], [4, 5]])
('reset starting point: ', 2.7902262741080657, 1.2900453697449612, 4.657904628782685)
('solution: ', array([  1.53615393,   1.34758431, -32.64898929]))
('guessed vol: ', -0.00298807384506814)
('volume: ', 0.00298807384506814, ' is out of bounds.')
('reset starting point: ', 2.9335061887800107, 1.584876247878379, 4.418393569599474)
('solution: ', array([ 2.50567327e+14,  2.59699853e+00, -1.32561574e+16]))
('guessed vol: ', -8.64504101521194e-46)
('volume: ', 8.64504101521194e-46, ' is out of bounds.')
('reset starting point: ', 2.961069396816126, 1.686827486149106, 4.91500091583779)
('solution: ', array([ 9.16580162e+14,  2.60212465e+00, -4.81462957e+16]))
('guessed vol: ', -1.80015340008782e-47)
('volume: ', 1.80015340008782e-47, ' is out of bounds.')
('range ', 3, 2, 5, ' does not work')
('try bound: ', [[2, 3], [2, 3], [4, 5]])
('reset starting point: ', 2.579913420097878, 2.3860233309161827, 4.901394876784895)
('solution: ', array([ 2.04567716e+15,  2.40716250e+00, -1.51741298e+17]))
('guessed vol: ', -6.97840241077492e-49)
('volume: ', 6.97840241077492e-49, ' is out of bounds.')
('reset starting point: ', 2.544011555118045, 2.4397094844010927, 4.192448245971622)
('solution: ', array([ 3.42001138e+15,  2.44301755e+00, -2.34859150e+17]))
('guessed vol: ', -1.78343679619486e-49)
('volume: ', 1.78343679619486e-49, ' is out of bounds.')
('reset starting point: ', 2.4417468823545234, 2.0726565555481717, 4.2872374935785835)
('solution: ', array([ 6.15276250e+14,  2.43906495e+00, -4.25972204e+16]))
('guessed vol: ', -3.00545887519088e-47)
('volume: ', 3.00545887519088e-47, ' is out of bounds.')
('range ', 3, 3, 5, ' does not work')
('try bound: ', [[2, 3], [3, 4], [4, 5]])
('reset starting point: ', 2.9946719086196216, 3.9573067673041287, 4.108708410372674)
('solution: ', array([ 6.79312547e+14,  2.86394532e+00, -2.70573873e+16]))
('guessed vol: ', -1.04581098432377e-46)
('volume: ', 1.04581098432377e-46, ' is out of bounds.')
('reset starting point: ', 2.7542428736783506, 3.4290085761982345, 4.213311648006702)
('solution: ', array([ 8.93746502e+14,  2.51956691e+00, -5.32517203e+16]))
('guessed vol: ', -1.40465528791130e-47)
('volume: ', 1.40465528791130e-47, ' is out of bounds.')
('reset starting point: ', 2.321773676981266, 3.298887944526463, 4.0753563830563735)
('solution: ', array([ 2.71038230e+15,  2.35159794e+00, -2.30462883e+17]))
('guessed vol: ', -2.21132090800973e-49)
('volume: ', 2.21132090800973e-49, ' is out of bounds.')
('range ', 3, 4, 5, ' does not work')
('try bound: ', [[2, 3], [4, 5], [0, 1]])
('reset starting point: ', 2.440901072591778, 4.585032269932251, 0.590712056159486)
('solution: ', array([ 2.07628268e+37,  5.37689072e+37, -1.44890894e+38]))
('guessed vol: ', -1.42271615006334e-151)
('volume: ', 1.42271615006334e-151, ' is out of bounds.')
('reset starting point: ', 2.8399379079757945, 4.932755161828402, 0.22477512596085203)
