('solution: ', array([ 2.69287705e+15,  2.35340627e+00, -2.51446312e+17]))
('guessed vol: ', -2.06513848145379e-49)
('volume: ', 2.06513848145379e-49, ' is out of bounds.')
('reset starting point: ', 0.3355001345474746, 0.059456974509183524, 0.2118278233527211)
/usr/lib64/python2.7/site-packages/scipy/optimize/minpack.py:161: RuntimeWarning: The iteration is not making good progress, as measured by the 
  improvement from the last ten iterations.
  warnings.warn(msg, RuntimeWarning)
('solution: ', array([ 9.61528076e+14,  2.86191594e+00, -4.23283099e+16]))
('guessed vol: ', -3.32175501830129e-47)
('volume: ', 3.32175501830129e-47, ' is out of bounds.')
('reset starting point: ', 0.8152377653418894, 0.43949732164586974, 0.9299336783760864)
('solution: ', array([ 1.13366666e+14,  2.68555538e+00, -5.91342370e+15]))
('guessed vol: ', -1.15824375984188e-44)
('volume: ', 1.15824375984188e-44, ' is out of bounds.')
('range ', 1, 1, 1, ' does not work')
('try bound: ', [[0, 1], [0, 1], [1, 2]])
('reset starting point: ', 0.8539902620624968, 0.9086395841875247, 1.7868815982556563)
('solution: ', array([ 6.15452271e+14,  2.47832888e+00, -4.35286058e+16]))
('guessed vol: ', -3.26380045667989e-47)
('volume: ', 3.26380045667989e-47, ' is out of bounds.')
('reset starting point: ', 0.057844261948748255, 0.18136364139384054, 1.7270549961518544)
('solution: ', array([ 5.36766248,  3.28516292, -0.13000653]))
('guessed vol: ', -0.000968527998801598)
('volume: ', 0.000968527998801598, ' is out of bounds.')
('reset starting point: ', 0.5372270039981432, 0.49936702583562087, 1.3446091084295406)
('solution: ', array([ 5.57987340e+14,  2.47338920e+00, -3.98317972e+16]))
('guessed vol: ', -4.28369119102165e-47)
('volume: ', 4.28369119102165e-47, ' is out of bounds.')
('range ', 1, 1, 2, ' does not work')
('try bound: ', [[0, 1], [0, 1], [2, 3]])
('reset starting point: ', 0.16898356856130536, 0.3550420238427735, 2.5920320914588513)
('solution: ', array([ 4.66994564e+15,  2.22923828e+00, -6.60454771e+17]))
('guessed vol: ', -1.63420730796129e-50)
('volume: ', 1.63420730796129e-50, ' is out of bounds.')
('reset starting point: ', 0.9244081827446061, 0.746257321006639, 2.2983823734924034)
('solution: ', array([ 7.78084175e+14,  2.50622202e+00, -5.23363900e+16]))
('guessed vol: ', -1.82386586940588e-47)
('volume: ', 1.82386586940588e-47, ' is out of bounds.')
('reset starting point: ', 0.8921237080894835, 0.13394640723906892, 2.2225150754600462)
('solution: ', array([ 8.88239611e+14,  2.43367896e+00, -6.86224904e+16]))
('guessed vol: ', -8.82009874660399e-48)
('volume: ', 8.82009874660399e-48, ' is out of bounds.')
('range ', 1, 1, 3, ' does not work')
('try bound: ', [[0, 1], [1, 2], [0, 1]])
('reset starting point: ', 0.38902454128274844, 1.8268769239763047, 0.33819445115947777)
('solution: ', array([ 6.12984885e+14,  2.42584850e+00, -4.81505037e+16]))
('guessed vol: ', -2.58258327498225e-47)
('volume: ', 2.58258327498225e-47, ' is out of bounds.')
('reset starting point: ', 0.9621853772354152, 1.924864206008603, 0.9630488973591503)
('solution: ', array([ 4.95226021e+14,  2.46744866e+00, -3.57534890e+16]))
('guessed vol: ', -5.96488731124934e-47)
('volume: ', 5.96488731124934e-47, ' is out of bounds.')
('reset starting point: ', 0.6916009748774805, 1.7698813078390476, 0.3954917537735051)
('solution: ', array([ 7.02598166e+14,  2.44999920e+00, -5.24919738e+16]))
('guessed vol: ', -1.92676642120450e-47)
('volume: ', 1.92676642120450e-47, ' is out of bounds.')
('range ', 1, 2, 1, ' does not work')
('try bound: ', [[0, 1], [1, 2], [1, 2]])
('reset starting point: ', 0.14007345005185334, 1.4714452419617694, 1.4559573884442947)
('solution: ', array([ 5.21362414e+15,  2.30687114e+00, -5.56467137e+17]))
('guessed vol: ', -2.12779787671636e-50)
('volume: ', 2.12779787671636e-50, ' is out of bounds.')
('reset starting point: ', 0.6282842994818792, 1.0808906495195485, 1.2039610503312905)
('solution: ', array([ 5.32016331e+14,  2.32192683e+00, -5.42533678e+16]))
('guessed vol: ', -2.20943728204100e-47)
('volume: ', 2.20943728204100e-47, ' is out of bounds.')
('reset starting point: ', 0.8148675735602502, 1.3870363940568167, 1.494647117452642)
/usr/lib64/python2.7/site-packages/scipy/optimize/minpack.py:161: RuntimeWarning: The number of calls to function has reached maxfev = 800.
  warnings.warn(msg, RuntimeWarning)
('solution: ', array([-2.51764462e+37, -9.08502768e+37, -7.22391530e+39]))
('guessed vol: ', 1.26880599296485e-154)
('volume: ', 1.26880599296485e-154, ' is out of bounds.')
('range ', 1, 2, 2, ' does not work')
('try bound: ', [[0, 1], [1, 2], [2, 3]])
('reset starting point: ', 0.19831803156175265, 1.4971772466012159, 2.0588096525551354)
('solution: ', array([ 1.50782677e+15,  2.24713266e+00, -1.98222183e+17]))
('guessed vol: ', -5.65508908973391e-49)
('volume: ', 5.65508908973391e-49, ' is out of bounds.')
('reset starting point: ', 0.7424990781611952, 1.23509814888447, 2.4440043063927464)
('solution: ', array([ 1.74560184e+15,  2.39130610e+00, -1.48215318e+17]))
('guessed vol: ', -9.36776421240003e-49)
('volume: ', 9.36776421240003e-49, ' is out of bounds.')
('reset starting point: ', 0.2544331535958452, 1.7637788741051712, 2.223610936649105)
('solution: ', array([ 1.44927332e+14,  2.71513588e+00, -7.31416764e+15]))
('guessed vol: ', -6.11991666750776e-45)
('volume: ', 6.11991666750776e-45, ' is out of bounds.')
('range ', 1, 2, 3, ' does not work')
('try bound: ', [[0, 1], [2, 3], [0, 1]])
('reset starting point: ', 0.25846465009175423, 2.022957344963033, 0.7256448603046223)
('solution: ', array([  1.53386196,   1.34573577, -36.11619727]))
('guessed vol: ', -0.00271290273511397)
('volume: ', 0.00271290273511397, ' is out of bounds.')
('reset starting point: ', 0.6348564123360981, 2.115773664695843, 0.9787658720454527)
('solution: ', array([ 9.66874251e+14,  2.31613621e+00, -1.00314441e+17]))
('guessed vol: ', -3.54608119708924e-48)
('volume: ', 3.54608119708924e-48, ' is out of bounds.')
('reset starting point: ', 0.37665569554741785, 2.8579034149027676, 0.8247330475548135)
('solution: ', array([  1.50644879,   1.32363216, -37.18289341]))
('guessed vol: ', -0.00277518403904308)
('volume: ', 0.00277518403904308, ' is out of bounds.')
('range ', 1, 3, 1, ' does not work')
('try bound: ', [[0, 1], [2, 3], [1, 2]])
('reset starting point: ', 0.8284174853358136, 2.0537493237808966, 1.6159517037564912)
('solution: ', array([ 6.00288285e+14,  2.37751593e+00, -5.26961651e+16]))
('guessed vol: ', -2.13770984878837e-47)
('volume: ', 2.13770984878837e-47, ' is out of bounds.')
('reset starting point: ', 0.18335813252127187, 2.14110918098146, 1.6088301202476378)
('solution: ', array([ 4.24754487e+14,  2.75875098e+00, -2.04921030e+16]))
('guessed vol: ', -2.80036038165096e-46)
('volume: ', 2.80036038165096e-46, ' is out of bounds.')
('reset starting point: ', 0.01930730622746335, 2.1630089835037056, 1.3223219935103734)
('solution: ', array([ 0.92686763,  2.83405149, 70.52169382]))
('guessed vol: ', 0.0227919472664616)
('volume: ', 0.0227919472664616, ' is out of bounds.')
('range ', 1, 3, 2, ' does not work')
('try bound: ', [[0, 1], [2, 3], [2, 3]])
('reset starting point: ', 0.16830990898180354, 2.484455912088303, 2.5543495641439247)
('solution: ', array([ 2.10581118,  1.86229951, -2.33473707]))
('guessed vol: ', -0.00313778870558192)
('volume: ', 0.00313778870558192, ' is out of bounds.')
('reset starting point: ', 0.7539410783213192, 2.1367379069372054, 2.554764744617616)
('solution: ', array([ 9.87478091e+14,  2.42255088e+00, -7.81203129e+16]))
('guessed vol: ', -6.07748004944491e-48)
('volume: ', 6.07748004944491e-48, ' is out of bounds.')
('reset starting point: ', 0.3730446213887616, 2.4646731030935376, 2.0997284464253885)
('solution: ', array([ 5.38720848e+14,  2.30722108e+00, -5.74369566e+16]))
('guessed vol: ', -1.93318356875155e-47)
('volume: ', 1.93318356875155e-47, ' is out of bounds.')
('range ', 1, 3, 3, ' does not work')
('try bound: ', [[1, 2], [0, 1], [0, 1]])
('reset starting point: ', 1.5961154958210066, 0.37322266253849057, 0.6658021183311974)
('solution: ', array([ 4.73682587e+14,  2.63584746e+00, -2.62483226e+16]))
('guessed vol: ', -1.33607276055053e-46)
('volume: ', 1.33607276055053e-46, ' is out of bounds.')
('reset starting point: ', 1.2848518913085862, 0.7334176959450001, 0.3673985704901902)
('solution: ', array([ 1.02683628e+15,  2.63568607e+00, -5.69121967e+16]))
('guessed vol: ', -1.31080755237944e-47)
('volume: ', 1.31080755237944e-47, ' is out of bounds.')
('reset starting point: ', 1.8452774283671918, 0.3053330472072674, 0.08336599765281016)
('solution: ', array([ 7.89436488e+14,  2.42534231e+00, -6.20783332e+16]))
('guessed vol: ', -1.20605114559188e-47)
('volume: ', 1.20605114559188e-47, ' is out of bounds.')
('range ', 2, 1, 1, ' does not work')
('try bound: ', [[1, 2], [0, 1], [1, 2]])
('reset starting point: ', 1.2279194731634826, 0.7696344436228505, 1.0160139044376018)
('solution: ', array([ 6.90698116e+14,  2.50666767e+00, -4.64225877e+16]))
('guessed vol: ', -2.61234682064576e-47)
('volume: ', 2.61234682064576e-47, ' is out of bounds.')
('reset starting point: ', 1.8083491336896027, 0.5228295679301007, 1.4278584730626944)
('solution: ', array([ 6.91456662e+14,  2.44527435e+00, -5.21551938e+16]))
('guessed vol: ', -1.97677596910550e-47)
('volume: ', 1.97677596910550e-47, ' is out of bounds.')
('reset starting point: ', 1.4901874164340079, 0.3494100099141976, 1.7931401029048457)
('solution: ', array([ 1.21547721e+15,  2.88818449e+00, -5.24284266e+16]))
('guessed vol: ', -1.77929263734215e-47)
('volume: ', 1.77929263734215e-47, ' is out of bounds.')
('range ', 2, 1, 2, ' does not work')
('try bound: ', [[1, 2], [0, 1], [2, 3]])
('reset starting point: ', 1.3106899131469465, 0.46230111972137733, 2.458852335648168)
('solution: ', array([ 2.09922795e+15,  2.83318191e+00, -9.46173135e+16]))
('guessed vol: ', -2.92559883235876e-48)
('volume: ', 2.92559883235876e-48, ' is out of bounds.')
('reset starting point: ', 1.5939751245289522, 0.9964682118367143, 2.047736628259577)
('solution: ', array([ 3.38948975e+14,  2.47752299e+00, -2.40086590e+16]))
('guessed vol: ', -1.94688742890143e-46)
('volume: ', 1.94688742890143e-46, ' is out of bounds.')
('reset starting point: ', 1.8921984385440598, 0.1044749369532878, 2.4174381901732933)
('solution: ', array([ 1.77219775e+14,  2.28621279e+00, -2.02198244e+16]))
('guessed vol: ', -4.69742859380137e-46)
('volume: ', 4.69742859380137e-46, ' is out of bounds.')
('range ', 2, 1, 3, ' does not work')
('try bound: ', [[1, 2], [1, 2], [0, 1]])
('reset starting point: ', 1.0781225975770912, 1.0926659345288576, 0.5889405480924761)
('solution: ', array([ 3.70459650e+14,  2.61252714e+00, -2.11691017e+16]))
('guessed vol: ', -2.56738177821408e-46)
('volume: ', 2.56738177821408e-46, ' is out of bounds.')
('reset starting point: ', 1.9941827294299737, 1.2798417814512493, 0.6937501251582154)
('solution: ', array([ 6.10763926e+14,  2.61037242e+00, -3.50028732e+16]))
('guessed vol: ', -5.68411215607256e-47)
('volume: ', 5.68411215607256e-47, ' is out of bounds.')
('reset starting point: ', 1.64962048559658, 1.5546079186861377, 0.22326379972832566)
('solution: ', array([ 1.16155993e+15,  2.78090267e+00, -5.48551783e+16]))
('guessed vol: ', -1.46881695573945e-47)
('volume: ', 1.46881695573945e-47, ' is out of bounds.')
('range ', 2, 2, 1, ' does not work')
('try bound: ', [[1, 2], [1, 2], [1, 2]])
('reset starting point: ', 1.5787493012856544, 1.2191140687058908, 1.2169555845873115)
('solution: ', array([ 5.76928271e+14,  2.46776065e+00, -4.16271868e+16]))
('guessed vol: ', -3.77801495787642e-47)
('volume: ', 3.77801495787642e-47, ' is out of bounds.')
('reset starting point: ', 1.4505340112357687, 1.8873449594520197, 1.606033702094972)
('solution: ', array([ 6.43506434e+14,  2.32534098e+00, -6.49691001e+16]))
('guessed vol: ', -1.27590996990060e-47)
('volume: ', 1.27590996990060e-47, ' is out of bounds.')
('reset starting point: ', 1.1718516968296964, 1.0750818709455279, 1.105195745201224)
('solution: ', array([ 1.11681044e+15,  2.39546841e+00, -9.39019257e+16]))
('guessed vol: ', -3.65696588593371e-48)
('volume: ', 3.65696588593371e-48, ' is out of bounds.')
('range ', 2, 2, 2, ' does not work')
('try bound: ', [[1, 2], [1, 2], [2, 3]])
('reset starting point: ', 1.699014264347157, 1.2910624765660494, 2.0261891912413086)
('solution: ', array([ 7.53219299e+14,  2.51270095e+00, -5.01012548e+16]))
('guessed vol: ', -2.06640011327898e-47)
('volume: ', 2.06640011327898e-47, ' is out of bounds.')
('reset starting point: ', 1.7561319792920043, 1.0131148059612798, 2.284272068746564)
('solution: ', array([ 7.26489997e+14,  2.59759029e+00, -4.23755194e+16]))
('guessed vol: ', -3.22149954475272e-47)
('volume: ', 3.22149954475272e-47, ' is out of bounds.')
('reset starting point: ', 1.8925397047163512, 1.8920140046826002, 2.7106526713058336)
('solution: ', array([ 3.76153344e+15,  2.38783615e+00, -3.22031493e+17]))
('guessed vol: ', -9.18993985569464e-50)
('volume: ', 9.18993985569464e-50, ' is out of bounds.')
('range ', 2, 2, 3, ' does not work')
('try bound: ', [[1, 2], [2, 3], [0, 1]])
('reset starting point: ', 1.8317623297412586, 2.1755866427344057, 0.5769705048008507)
('solution: ', array([2.07657117, 1.92844231, 4.10983415]))
('guessed vol: ', -0.00379876105641997)
('volume: ', 0.00379876105641997, ' is out of bounds.')
('reset starting point: ', 1.7509308306337004, 2.2614532611323925, 0.5411022987268385)
('solution: ', array([ 2.24016932,  2.01803492, 11.0044429 ]))
('guessed vol: ', -0.00407294695352780)
('volume: ', 0.00407294695352780, ' is out of bounds.')
('reset starting point: ', 1.191468042556775, 2.7437829384506394, 0.23557040310039812)
/usr/lib64/python2.7/site-packages/scipy/optimize/minpack.py:161: RuntimeWarning: The iteration is not making good progress, as measured by the 
  improvement from the last five Jacobian evaluations.
  warnings.warn(msg, RuntimeWarning)
('solution: ', array([1.99585681, 1.88934055, 1.90445532]))
('guessed vol: ', -0.00381539895887071)
('volume: ', 0.00381539895887071, ' is out of bounds.')
('range ', 2, 3, 1, ' does not work')
('try bound: ', [[1, 2], [2, 3], [1, 2]])
('reset starting point: ', 1.213783867437133, 2.7905287596702943, 1.6518344131644243)
('solution: ', array([ 2.09207967e+15,  2.24912917e+00, -2.72891831e+17]))
('guessed vol: ', -2.15209070806933e-49)
('volume: ', 2.15209070806933e-49, ' is out of bounds.')
('reset starting point: ', 1.1665222524064935, 2.231127952461307, 1.9410895041519511)
('solution: ', array([ 3.83594852e+15,  2.34725728e+00, -3.64141816e+17]))
('guessed vol: ', -6.89006548058526e-50)
('volume: ', 6.89006548058526e-50, ' is out of bounds.')
('reset starting point: ', 1.885276207282796, 2.5115469536980606, 1.2785422557533086)
('solution: ', array([ 2.33438575e+13,  2.70494693e+00, -1.19130856e+15]))
('guessed vol: ', -1.41584029181598e-42)
('volume: ', 1.41584029181598e-42, ' is out of bounds.')
('range ', 2, 3, 2, ' does not work')
('try bound: ', [[1, 2], [2, 3], [2, 3]])
('reset starting point: ', 1.839958863047524, 2.6870197602609656, 2.565781817575206)
('solution: ', array([ 8.38640426e+14,  2.63296204e+00, -4.66448877e+16]))
('guessed vol: ', -2.38282234253516e-47)
('volume: ', 2.38282234253516e-47, ' is out of bounds.')
('reset starting point: ', 1.4798903381140083, 2.84563193286433, 2.73422025424584)
('solution: ', array([ 8.67401190e+14,  2.62220989e+00, -4.89277332e+16]))
('guessed vol: ', -2.07186158340489e-47)
('volume: ', 2.07186158340489e-47, ' is out of bounds.')
('reset starting point: ', 1.8751371565473756, 2.5938041881214713, 2.821832892570888)
('solution: ', array([ 7.84704826e+14,  2.62295802e+00, -4.42192874e+16]))
('guessed vol: ', -2.80593324516147e-47)
('volume: ', 2.80593324516147e-47, ' is out of bounds.')
('range ', 2, 3, 3, ' does not work')
('try bound: ', [[2, 3], [0, 1], [0, 1]])
('reset starting point: ', 2.7081693186436784, 0.74788868703578, 0.43510888264890046)
('solution: ', array([ 1.79352343e+15,  2.48325158e+00, -1.25697492e+17]))
('guessed vol: ', -1.34798171073737e-48)
('volume: ', 1.34798171073737e-48, ' is out of bounds.')
('reset starting point: ', 2.270003951905535, 0.6890872434420775, 0.20238965464706815)
('solution: ', array([ 1.60196853e+16,  2.12599195e+00, -4.08489842e+18]))
('guessed vol: ', -1.21145533075643e-52)
('volume: ', 1.21145533075643e-52, ' is out of bounds.')
('reset starting point: ', 2.6164460131134075, 0.8517987016174066, 0.17805786601362406)
('solution: ', array([ 5.36766248,  3.28516292, -0.13000653]))
('guessed vol: ', -0.000968527998801598)
('volume: ', 0.000968527998801598, ' is out of bounds.')
('range ', 3, 1, 1, ' does not work')
('try bound: ', [[2, 3], [0, 1], [1, 2]])
('reset starting point: ', 2.7848909895288454, 0.22647238315647988, 1.8149516421614307)
('solution: ', array([ 4.34106945e+14,  2.82628501e+00, -1.96814700e+16]))
('guessed vol: ', -3.23922896397931e-46)
('volume: ', 3.23922896397931e-46, ' is out of bounds.')
('reset starting point: ', 2.3134724152811215, 0.4017546988465557, 1.2742729399158919)
('solution: ', array([ 4.02271538e+14,  2.77882150e+00, -1.90348022e+16]))
('guessed vol: ', -3.51310664860129e-46)
('volume: ', 3.51310664860129e-46, ' is out of bounds.')
('reset starting point: ', 2.4176277884424504, 0.18014081512836966, 1.7311481399830386)
('solution: ', array([ 3.32868445e+14,  2.68700672e+00, -1.73341005e+16]))
('guessed vol: ', -4.59803093742103e-46)
('volume: ', 4.59803093742103e-46, ' is out of bounds.')
('range ', 3, 1, 2, ' does not work')
('try bound: ', [[2, 3], [0, 1], [2, 3]])
('reset starting point: ', 2.346660785551485, 0.49732354174565885, 2.655764411227791)
('solution: ', array([ 1.03325421e+15,  2.74718237e+00, -5.04279946e+16]))
('guessed vol: ', -1.87460528420425e-47)
('volume: ', 1.87460528420425e-47, ' is out of bounds.')
('reset starting point: ', 2.297662326806674, 0.9094040845492728, 2.688445725401491)
('solution: ', array([ 8.06212593e+14,  2.64476430e+00, -4.41713025e+16]))
('guessed vol: ', -2.79690678558363e-47)
('volume: ', 2.79690678558363e-47, ' is out of bounds.')
('reset starting point: ', 2.735712397838101, 0.8338984805584326, 2.372599042763369)
('solution: ', array([ 2.44559393e+14,  2.42014512e+00, -1.94486641e+16]))
('guessed vol: ', -3.95315304904931e-46)
('volume: ', 3.95315304904931e-46, ' is out of bounds.')
('range ', 3, 1, 3, ' does not work')
('try bound: ', [[2, 3], [1, 2], [0, 1]])
('reset starting point: ', 2.7461331128963504, 1.6023229798480552, 0.6418876546157416)
('solution: ', array([ 2.95073666e+14,  2.73847882e+00, -1.45294715e+16]))
('guessed vol: ', -7.82599278640519e-46)
('volume: ', 7.82599278640519e-46, ' is out of bounds.')
('reset starting point: ', 2.798902404763654, 1.378401850579308, 0.8815050976961071)
('solution: ', array([ 1.32593133e+15,  2.72712985e+00, -6.60654359e+16]))
('guessed vol: ', -8.31257835221269e-48)
('volume: ', 8.31257835221269e-48, ' is out of bounds.')
('reset starting point: ', 2.905865749835144, 1.8593535184887864, 0.8059121869889984)
('solution: ', array([ 2.40307078e+14,  2.73119571e+00, -1.19224749e+16]))
('guessed vol: ', -1.41500883789860e-45)
('volume: ', 1.41500883789860e-45, ' is out of bounds.')
('range ', 3, 2, 1, ' does not work')
('try bound: ', [[2, 3], [1, 2], [1, 2]])
('reset starting point: ', 2.062472161535451, 1.5640181248917182, 1.9474649061269003)
('solution: ', array([ 8.06880888e+14,  2.45194528e+00, -6.00485551e+16]))
('guessed vol: ', -1.28377896502868e-47)
('volume: ', 1.28377896502868e-47, ' is out of bounds.')
('reset starting point: ', 2.7639663446978564, 1.082204126897007, 1.4974667071579009)
('solution: ', array([ 6.37089913e+38,  5.65640244e+37, -1.91379515e+39]))
('guessed vol: ', 3.85390429379211e-155)
('volume: ', 3.85390429379211e-155, ' is out of bounds.')
('reset starting point: ', 2.3977144847522585, 1.080489904374864, 1.8586237900294214)
('solution: ', array([ 4.91070919e+14,  2.57142414e+00, -2.97450630e+16]))
('guessed vol: ', -9.44541817237084e-47)
('volume: ', 9.44541817237084e-47, ' is out of bounds.')
('range ', 3, 2, 2, ' does not work')
('try bound: ', [[2, 3], [1, 2], [2, 3]])
('reset starting point: ', 2.886777618674439, 1.207328408162124, 2.9713163086576007)
('solution: ', array([ 7.15770123e+14,  2.44995275e+00, -5.34810553e+16]))
('guessed vol: ', -1.82194181691827e-47)
('volume: ', 1.82194181691827e-47, ' is out of bounds.')
('reset starting point: ', 2.7504875557835176, 1.9695875403374572, 2.856898466713182)
('solution: ', array([ 7.65023076e+14,  2.61976948e+00, -4.32928519e+16]))
('guessed vol: ', -2.99333616260180e-47)
('volume: ', 2.99333616260180e-47, ' is out of bounds.')
('reset starting point: ', 2.606346037650952, 1.204155312394286, 2.772415636878973)
('solution: ', array([1.13001052e+38, 2.84717713e+38, 2.27823253e+40]))
('guessed vol: ', 1.27044331554809e-156)
('volume: ', 1.27044331554809e-156, ' is out of bounds.')
('range ', 3, 2, 3, ' does not work')
('try bound: ', [[2, 3], [2, 3], [0, 1]])
('reset starting point: ', 2.0222378355092436, 2.689762065227066, 0.8305070274591534)
('solution: ', array([ 3.17004376e+14,  2.73946198e+00, -1.55935728e+16]))
('guessed vol: ', -6.33165476539889e-46)
('volume: ', 6.33165476539889e-46, ' is out of bounds.')
('reset starting point: ', 2.9763186055062807, 2.2425376505602435, 0.1947387091485635)
('solution: ', array([5.37835932, 3.29048727, 0.12895686]))
('guessed vol: ', -0.000979978203860771)
('volume: ', 0.000979978203860771, ' is out of bounds.')
('reset starting point: ', 2.911291744905242, 2.5318047332674416, 0.17566293645838538)
('solution: ', array([5.37835932, 3.29048727, 0.12895686]))
('guessed vol: ', -0.000979978203860771)
('volume: ', 0.000979978203860771, ' is out of bounds.')
('range ', 3, 3, 1, ' does not work')
('try bound: ', [[2, 3], [2, 3], [1, 2]])
('reset starting point: ', 2.4556732932254226, 2.4386352164925524, 1.79250770612528)
('solution: ', array([ 2.36757735e+14,  2.71278802e+00, -1.19790978e+16]))
('guessed vol: ', -1.39288750899779e-45)
('volume: ', 1.39288750899779e-45, ' is out of bounds.')
('reset starting point: ', 2.5634470350589535, 2.1499945723555696, 1.5005746248100824)
('solution: ', array([ 1.59756494e+15,  2.75710067e+00, -7.71996277e+16]))
('guessed vol: ', -5.23557291616765e-48)
('volume: ', 5.23557291616765e-48, ' is out of bounds.')
('reset starting point: ', 2.731994169081081, 2.268837573528789, 1.3176613620982427)
('solution: ', array([ 6.79662908e+14,  2.75033727e+00, -3.30657272e+16]))
('guessed vol: ', -6.65355486018023e-47)
('volume: ', 6.65355486018023e-47, ' is out of bounds.')
('range ', 3, 3, 2, ' does not work')
('try bound: ', [[2, 3], [2, 3], [2, 3]])
('reset starting point: ', 2.3599231738266435, 2.1619342262768737, 2.025967165733944)
('solution: ', array([ 2.48410400e+14,  2.76214116e+00, -1.19445910e+16]))
('guessed vol: ', -1.41517642264558e-45)
('volume: ', 1.41517642264558e-45, ' is out of bounds.')
('reset starting point: ', 2.3039656398767043, 2.4995364989153352, 2.0304905044404475)
('solution: ', array([ 9.58605934e+14,  2.76021961e+00, -4.61807038e+16]))
('guessed vol: ', -2.44760580275923e-47)
('volume: ', 2.44760580275923e-47, ' is out of bounds.')
('reset starting point: ', 2.709227593883742, 2.711388434045553, 2.4770117521646764)
('solution: ', array([ 5.63935605e+14,  2.53850961e+00, -3.59403734e+16]))
('guessed vol: ', -5.47674194409223e-47)
('volume: ', 5.47674194409223e-47, ' is out of bounds.')
('range ', 3, 3, 3, ' does not work')
Done.
('vol_list: ', [])
('sol_list: ', [])
('dist_list: ', [])
('try bound: ', [[0, 1], [0, 1], [3, 4]])
('reset starting point: ', 0.47737268179596093, 0.6523643313793331, 3.3030583976219394)
('solution: ', array([ 4.57803792e+14,  2.60479428e+00, -2.64376690e+16]))
('guessed vol: ', -1.32227676566850e-46)
('volume: ', 1.32227676566850e-46, ' is out of bounds.')
('reset starting point: ', 0.5473973471917135, 0.4992670433326811, 3.8672228741692067)
('solution: ', array([ 4.31166192e+14,  2.75000339e+00, -2.09833499e+16]))
('guessed vol: ', -2.60336378344375e-46)
('volume: ', 2.60336378344375e-46, ' is out of bounds.')
('reset starting point: ', 0.18004456201630936, 0.2128378123771888, 3.1448958519423647)
('solution: ', array([ 3.07036394e+14,  2.73725208e+00, -1.51376428e+16]))
('guessed vol: ', -6.91886904545278e-46)
('volume: ', 6.91886904545278e-46, ' is out of bounds.')
('range ', 1, 1, 4, ' does not work')
('try bound: ', [[0, 1], [1, 2], [3, 4]])
('reset starting point: ', 0.6137781151899631, 1.2436276875947974, 3.1085009720728998)
('solution: ', array([ 1.20885624e+15,  2.26858542e+00, -1.46623881e+17]))
('guessed vol: ', -1.29997793230789e-48)
('volume: ', 1.29997793230789e-48, ' is out of bounds.')
('reset starting point: ', 0.46256837622508795, 1.3190500989225886, 3.4199306222658916)
('solution: ', array([ 1.35893447e+15,  2.55699495e+00, -8.41277044e+16]))
('guessed vol: ', -4.21346827242538e-48)
('volume: ', 4.21346827242538e-48, ' is out of bounds.')
('reset starting point: ', 0.47013769161890995, 1.2832849029280484, 3.152515150665179)
('solution: ', array([ 1.41860521e+14,  2.69371485e+00, -7.33109382e+15]))
('guessed vol: ', -6.07616944957390e-45)
('volume: ', 6.07616944957390e-45, ' is out of bounds.')
('range ', 1, 2, 4, ' does not work')
('try bound: ', [[0, 1], [2, 3], [3, 4]])
('reset starting point: ', 0.8461644664457691, 2.8469660713432123, 3.322164880028075)
('solution: ', array([ 1.97145561e+15,  2.51292387e+00, -1.31083695e+17]))
('guessed vol: ', -1.15352003262289e-48)
('volume: ', 1.15352003262289e-48, ' is out of bounds.')
('reset starting point: ', 0.8288540823618623, 2.109668738354471, 3.1670286498349265)
('solution: ', array([  1.53386196,   1.34573577, -36.11619727]))
('guessed vol: ', -0.00271290273511397)
('volume: ', 0.00271290273511397, ' is out of bounds.')
('reset starting point: ', 0.31717517404132334, 2.9255822586637112, 3.7526718394689937)
('solution: ', array([ 1.29554015e+15,  2.43941359e+00, -9.89010657e+16]))
('guessed vol: ', -2.92243073038460e-48)
('volume: ', 2.92243073038460e-48, ' is out of bounds.')
('range ', 1, 3, 4, ' does not work')
('try bound: ', [[0, 1], [3, 4], [0, 1]])
('reset starting point: ', 0.1512224111868472, 3.295976547263452, 0.5080510781105709)
('solution: ', array([ 6.47134640e+14,  2.54180054e+00, -4.10262202e+16]))
('guessed vol: ', -3.67275375828385e-47)
('volume: ', 3.67275375828385e-47, ' is out of bounds.')
('reset starting point: ', 0.3154899192710461, 3.479192393656696, 0.09590935889039853)
('solution: ', array([ 1.00091532e+15,  2.77116550e+00, -4.77085852e+16]))
('guessed vol: ', -2.22620236409595e-47)
('volume: ', 2.22620236409595e-47, ' is out of bounds.')
('reset starting point: ', 0.6314578253403266, 3.316482120286516, 0.2512291088924534)
('solution: ', array([1.93495801, 1.93665669, 1.37712812]))
('guessed vol: ', -0.00380563944669749)
('volume: ', 0.00380563944669749, ' is out of bounds.')
('range ', 1, 4, 1, ' does not work')
('try bound: ', [[0, 1], [3, 4], [1, 2]])
('reset starting point: ', 0.0680161083327867, 3.277223430294246, 1.2735022367811508)
('solution: ', array([ 9.01260202e+14,  2.28238002e+00, -1.04169012e+17]))
('guessed vol: ', -3.47444089730753e-48)
('volume: ', 3.47444089730753e-48, ' is out of bounds.')
('reset starting point: ', 0.11155431360155033, 3.6743277961181837, 1.8810542776210233)
('solution: ', array([ 1.07966782e+16,  2.09004937e+00, -3.84449200e+18]))
('guessed vol: ', -2.01754870511964e-52)
('volume: ', 2.01754870511964e-52, ' is out of bounds.')
('reset starting point: ', 0.7444600893314998, 3.748505405477397, 1.891918101301223)
('solution: ', array([ 1.91290104e+15,  2.30092202e+00, -2.08022667e+17]))
('guessed vol: ', -4.13854666608178e-49)
('volume: ', 4.13854666608178e-49, ' is out of bounds.')
('range ', 1, 4, 2, ' does not work')
('try bound: ', [[0, 1], [3, 4], [2, 3]])
('reset starting point: ', 0.5277056981353307, 3.9777181412512097, 2.8680218373546005)
('solution: ', array([ 9.72212387e+14,  2.60565811e+00, -5.60775546e+16]))
('guessed vol: ', -1.38504134170196e-47)
('volume: ', 1.38504134170196e-47, ' is out of bounds.')
('reset starting point: ', 0.4197410695115724, 3.550428849890457, 2.8946919286239274)
('solution: ', array([ 8.39391799e+14,  2.56194783e+00, -5.15725433e+16]))
('guessed vol: ', -1.82296419678068e-47)
('volume: ', 1.82296419678068e-47, ' is out of bounds.')
('reset starting point: ', 0.7098958049942562, 3.118082390618849, 2.0583379978987892)
('solution: ', array([ 1.87843778e+15,  2.39493377e+00, -1.58137627e+17]))
('guessed vol: ', -7.66377015984494e-49)
('volume: ', 7.66377015984494e-49, ' is out of bounds.')
('range ', 1, 4, 3, ' does not work')
('try bound: ', [[0, 1], [3, 4], [3, 4]])
('reset starting point: ', 0.5097207461371073, 3.278815814929743, 3.626443108552656)
('solution: ', array([ 1.18725669e+15,  2.78452182e+00, -5.58786542e+16]))
('guessed vol: ', -1.39121496354116e-47)
('volume: ', 1.39121496354116e-47, ' is out of bounds.')
('reset starting point: ', 0.6249820289531969, 3.1852080206207396, 3.294659108117612)
('solution: ', array([ 3.05741209e+15,  2.20026915e+00, -4.93426943e+17]))
('guessed vol: ', -4.43033407227154e-50)
('volume: ', 4.43033407227154e-50, ' is out of bounds.')
('reset starting point: ', 0.04882515482431271, 3.787569693036672, 3.1691833324154053)
('solution: ', array([ 0.92686763,  2.83405149, 70.52169379]))
('guessed vol: ', 0.0227919472664616)
('volume: ', 0.0227919472664616, ' is out of bounds.')
('range ', 1, 4, 4, ' does not work')
('try bound: ', [[1, 2], [0, 1], [3, 4]])
('reset starting point: ', 1.0268528436736786, 0.24228673688879054, 3.3089565423272784)
('solution: ', array([ 2.38956581e+15,  2.83553825e+00, -1.07489770e+17]))
('guessed vol: ', -1.99783548124186e-48)
('volume: ', 1.99783548124186e-48, ' is out of bounds.')
('reset starting point: ', 1.9242747839896581, 0.7927543612127058, 3.6724711626807918)
('solution: ', array([ 6.84975218e+14,  2.54314583e+00, -4.33323571e+16]))
('guessed vol: ', -3.11386447349427e-47)
('volume: ', 3.11386447349427e-47, ' is out of bounds.')
('reset starting point: ', 1.6795229079952527, 0.5966549251276143, 3.5909279510203085)
('solution: ', array([ 9.71439732e+14,  2.60939260e+00, -5.57474725e+16]))
('guessed vol: ', -1.40757753134908e-47)
('volume: ', 1.40757753134908e-47, ' is out of bounds.')
('range ', 2, 1, 4, ' does not work')
('try bound: ', [[1, 2], [1, 2], [3, 4]])
('reset starting point: ', 1.3489404467676933, 1.627862076390314, 3.367533284218333)
('solution: ', array([ 1.32011075e+15,  2.39078838e+00, -1.12225333e+17]))
('guessed vol: ', -2.15993852724428e-48)
('volume: ', 2.15993852724428e-48, ' is out of bounds.')
('reset starting point: ', 1.7610767509391851, 1.117243253784913, 3.633841851405359)
('solution: ', array([ 2.17933467e+14,  2.60719922e+00, -1.25439417e+16]))
('guessed vol: ', -1.23663880804761e-45)
('volume: ', 1.23663880804761e-45, ' is out of bounds.')
('reset starting point: ', 1.9850492802603674, 1.9896948367794909, 3.1784120670592424)
('solution: ', array([-4.32987038e+38, -2.63701398e+38, -3.13568925e+39]))
('guessed vol: ', -5.52010998540591e-156)
('volume: ', 5.52010998540591e-156, ' is out of bounds.')
('range ', 2, 2, 4, ' does not work')
('try bound: ', [[1, 2], [2, 3], [3, 4]])
('reset starting point: ', 1.695567814702994, 2.7585086646295474, 3.152870785491361)
('solution: ', array([ 6.76868081e+14,  2.55056155e+00, -4.23225083e+16]))
('guessed vol: ', -3.32410875906928e-47)
('volume: ', 3.32410875906928e-47, ' is out of bounds.')
('reset starting point: ', 1.3200019324986416, 2.501441016281394, 3.910295669977507)
('solution: ', array([ 2.97972106e+14,  2.57647945e+00, -1.79144366e+16]))
('guessed vol: ', -4.31090635625758e-46)
('volume: ', 4.31090635625758e-46, ' is out of bounds.')
('reset starting point: ', 1.9455389700502859, 2.90569478630573, 3.9262375227284387)
('solution: ', array([ 7.35253950e+14,  2.46256860e+00, -5.35849229e+16]))
('guessed vol: ', -1.78242237627448e-47)
('volume: ', 1.78242237627448e-47, ' is out of bounds.')
('range ', 2, 3, 4, ' does not work')
('try bound: ', [[1, 2], [3, 4], [0, 1]])
('reset starting point: ', 1.6728440231926203, 3.6264420225843206, 0.9751776358145973)
('solution: ', array([ 6.03048802e+14,  2.56604450e+00, -3.68227714e+16]))
('guessed vol: ', -4.99516051475517e-47)
('volume: ', 4.99516051475517e-47, ' is out of bounds.')
('reset starting point: ', 1.5410636343744968, 3.2138733938770767, 0.445782812288531)
('solution: ', array([5.37835932, 3.29048727, 0.12895686]))
('guessed vol: ', -0.000979978203860771)
('volume: ', 0.000979978203860771, ' is out of bounds.')
('reset starting point: ', 1.9665949765356643, 3.4592992671428884, 0.9028771767882731)
('solution: ', array([ 1.96991114e+15,  2.64338675e+00, -1.08116400e+17]))
('guessed vol: ', -1.90797957582886e-48)
('volume: ', 1.90797957582886e-48, ' is out of bounds.')
('range ', 2, 4, 1, ' does not work')
('try bound: ', [[1, 2], [3, 4], [1, 2]])
('reset starting point: ', 1.0805391829873838, 3.442238247025488, 1.0016477021090722)
('solution: ', array([ 1.57595839e+15,  2.24135255e+00, -2.11993117e+17]))
('guessed vol: ', -4.72044229475465e-49)
('volume: ', 4.72044229475465e-49, ' is out of bounds.')
('reset starting point: ', 1.272212201774054, 3.477566506808609, 1.843025285900132)
('solution: ', array([ 8.15916473e+14,  2.52338548e+00, -5.33017740e+16]))
('guessed vol: ', -1.69983636965768e-47)
('volume: ', 1.69983636965768e-47, ' is out of bounds.')
('reset starting point: ', 1.6074191030920952, 3.82631239345073, 1.5056081646946136)
('solution: ', array([ 1.02486304e+15,  2.54338807e+00, -6.48091387e+16]))
('guessed vol: ', -9.30570284820336e-48)
('volume: ', 9.30570284820336e-48, ' is out of bounds.')
('range ', 2, 4, 2, ' does not work')
('try bound: ', [[1, 2], [3, 4], [2, 3]])
('reset starting point: ', 1.5236115726811494, 3.2644463980191407, 2.0195697300096103)
('solution: ', array([ 5.49471537e+14,  2.39742542e+00, -4.59894793e+16]))
('guessed vol: ', -3.10241590799212e-47)
('volume: ', 3.10241590799212e-47, ' is out of bounds.')
('reset starting point: ', 1.0563204909293913, 3.5952004525931027, 2.696339994409124)
('solution: ', array([ 4.03639004e+14,  2.42007264e+00, -3.21045913e+16]))
('guessed vol: ', -8.78941441589560e-47)
('volume: ', 8.78941441589560e-47, ' is out of bounds.')
('reset starting point: ', 1.3849181145423481, 3.1708237265983703, 2.9668986920395355)
('solution: ', array([ 1.93943731e+15,  2.35592000e+00, -1.79892905e+17]))
('guessed vol: ', -5.60970309677114e-49)
('volume: ', 5.60970309677114e-49, ' is out of bounds.')
('range ', 2, 4, 3, ' does not work')
('try bound: ', [[1, 2], [3, 4], [3, 4]])
('reset starting point: ', 1.5764114346986695, 3.8940148370267527, 3.6064312905519507)
('solution: ', array([ 5.17224249e+14,  2.56386311e+00, -3.16863303e+16]))
('guessed vol: ', -7.85023442408814e-47)
('volume: ', 7.85023442408814e-47, ' is out of bounds.')
('reset starting point: ', 1.4239939536300046, 3.309175275901507, 3.0920748464755317)
('solution: ', array([ 2.42892947e+15,  2.40751294e+00, -1.98650523e+17]))
('guessed vol: ', -3.78488584186923e-49)
('volume: ', 3.78488584186923e-49, ' is out of bounds.')
('reset starting point: ', 1.3628238920439952, 3.519872702022179, 3.9062048383027115)
('solution: ', array([ 2.84477933e+15,  2.56319255e+00, -1.74454595e+17]))
('guessed vol: ', -4.70584590067706e-49)
('volume: ', 4.70584590067706e-49, ' is out of bounds.')
('range ', 2, 4, 4, ' does not work')
('try bound: ', [[2, 3], [0, 1], [3, 4]])
('reset starting point: ', 2.9228032539844033, 0.9426911835224301, 3.1253621346013185)
('solution: ', array([ 7.04719081e+14,  2.64348630e+00, -3.86728683e+16]))
('guessed vol: ', -4.16886991624344e-47)
('volume: ', 4.16886991624344e-47, ' is out of bounds.')
('reset starting point: ', 2.971309420346574, 0.8965447162213197, 3.546235543109044)
('solution: ', array([ 4.93302480e+14,  2.89849453e+00, -2.11148689e+16]))
('guessed vol: ', -2.74474588950163e-46)
('volume: ', 2.74474588950163e-46, ' is out of bounds.')
('reset starting point: ', 2.879287128256819, 0.8216050241330239, 3.618621168634483)
('solution: ', array([ 8.03651208e+14,  2.78334641e+00, -3.78657572e+16]))
('guessed vol: ', -4.46913610103252e-47)
('volume: ', 4.46913610103252e-47, ' is out of bounds.')
('range ', 3, 1, 4, ' does not work')
('try bound: ', [[2, 3], [1, 2], [3, 4]])
('reset starting point: ', 2.3465504312171896, 1.2457961458515374, 3.5386413379639476)
('solution: ', array([ 1.53916553e+15,  2.61174932e+00, -8.80448901e+16]))
('guessed vol: ', -3.56960276374571e-48)
('volume: ', 3.56960276374571e-48, ' is out of bounds.')
('reset starting point: ', 2.614402560762679, 1.0265593862432436, 3.204154754403806)
('solution: ', array([ 4.70153429e+14,  2.65188354e+00, -2.55310196e+16]))
('guessed vol: ', -1.44603532970321e-46)
('volume: ', 1.44603532970321e-46, ' is out of bounds.')
('reset starting point: ', 2.427705023964384, 1.6183514979648188, 3.7005465056003137)
('solution: ', array([ 9.00320872e+14,  2.32021791e+00, -9.22772109e+16]))
('guessed vol: ', -4.50934083152561e-48)
('volume: ', 4.50934083152561e-48, ' is out of bounds.')
('range ', 3, 2, 4, ' does not work')
('try bound: ', [[2, 3], [2, 3], [3, 4]])
('reset starting point: ', 2.0489345134630454, 2.947401576679093, 3.6123000536258982)
('solution: ', array([ 5.89937357e+14,  2.46279080e+00, -4.29757798e+16]))
('guessed vol: ', -3.45420529291506e-47)
('volume: ', 3.45420529291506e-47, ' is out of bounds.')
('reset starting point: ', 2.4066811092688254, 2.374243817259389, 3.319401943281715)
('solution: ', array([ 2.39743310e+14,  2.55078919e+00, -1.49850996e+16]))
('guessed vol: ', -7.48756314119040e-46)
('volume: ', 7.48756314119040e-46, ' is out of bounds.')
('reset starting point: ', 2.786479790067689, 2.757700405220743, 3.2149845055855995)
('solution: ', array([ 1.20048742e+15,  2.48801221e+00, -8.34053378e+16]))
('guessed vol: ', -4.59028880928598e-48)
('volume: ', 4.59028880928598e-48, ' is out of bounds.')
('range ', 3, 3, 4, ' does not work')
('try bound: ', [[2, 3], [3, 4], [0, 1]])
('reset starting point: ', 2.2499195223496793, 3.339423677297777, 0.4375368130724514)
('solution: ', array([ 2.51513975e+14,  2.72887837e+00, -1.25088210e+16]))
('guessed vol: ', -1.22487523011299e-45)
('volume: ', 1.22487523011299e-45, ' is out of bounds.')
('reset starting point: ', 2.9892719037502036, 3.3099603883718833, 0.6205341052182258)
('solution: ', array([ 3.05265986e+13,  2.70316586e+00, -1.56094079e+15]))
('guessed vol: ', -6.29390579555454e-43)
('volume: ', 6.29390579555454e-43, ' is out of bounds.')
('reset starting point: ', 2.459973355972783, 3.7979261014066115, 0.7815439046991769)
('solution: ', array([ 2.33888885e+14,  2.67997499e+00, -1.22792494e+16]))
('guessed vol: ', -1.29418431508269e-45)
('volume: ', 1.29418431508269e-45, ' is out of bounds.')
('range ', 3, 4, 1, ' does not work')
('try bound: ', [[2, 3], [3, 4], [1, 2]])
('reset starting point: ', 2.380053221070779, 3.7329497258934774, 1.5051571584374872)
('solution: ', array([ 9.28630074e+14,  2.60291417e+00, -5.37666241e+16]))
('guessed vol: ', -1.57329928005547e-47)
('volume: ', 1.57329928005547e-47, ' is out of bounds.')
('reset starting point: ', 2.4215093596210018, 3.4758438889977805, 1.1356309563704372)
('solution: ', array([ 1.90594727e+14,  2.65051203e+00, -1.03676127e+16]))
('guessed vol: ', -2.16011656936853e-45)
('volume: ', 2.16011656936853e-45, ' is out of bounds.')
('reset starting point: ', 2.640628490699124, 3.7781872758290063, 1.3217141640168826)
('solution: ', array([ 5.99713292e+13,  2.71614050e+00, -3.02334020e+15]))
('guessed vol: ', -8.66571480142751e-44)
('volume: ', 8.66571480142751e-44, ' is out of bounds.')
('range ', 3, 4, 2, ' does not work')
('try bound: ', [[2, 3], [3, 4], [2, 3]])
('reset starting point: ', 2.3091809650619517, 3.818970466236802, 2.5635679922048067)
('solution: ', array([ 4.68673612e+14,  2.56857004e+00, -2.85094650e+16]))
('guessed vol: ', -1.07460993451387e-46)
('volume: ', 1.07460993451387e-46, ' is out of bounds.')
('reset starting point: ', 2.4639712976318946, 3.767591174822088, 2.7572712179392824)
('solution: ', array([ 2.87869752e+14,  2.60765950e+00, -1.65589436e+16]))
('guessed vol: ', -5.37480742892105e-46)
('volume: ', 5.37480742892105e-46, ' is out of bounds.')
('reset starting point: ', 2.9243647709751435, 3.5080316671969802, 2.4722710770182967)
('solution: ', array([ 1.80822266e+15,  2.54692318e+00, -1.13709208e+17]))
('guessed vol: ', -1.71845442220766e-48)
('volume: ', 1.71845442220766e-48, ' is out of bounds.')
('range ', 3, 4, 3, ' does not work')
('try bound: ', [[2, 3], [3, 4], [3, 4]])
('reset starting point: ', 2.655008460602703, 3.4847928715151415, 3.9394207283133937)
('solution: ', array([ 2.89099829e+14,  2.49949931e+00, -1.96761770e+16]))
('guessed vol: ', -3.45493628126752e-46)
('volume: ', 3.45493628126752e-46, ' is out of bounds.')
('reset starting point: ', 2.1442177194644887, 3.1328786700561393, 3.4181719208033647)
('solution: ', array([ 3.66509215e+15,  2.33453581e+00, -3.60392977e+17]))
('guessed vol: ', -7.31382893287996e-50)
('volume: ', 7.31382893287996e-50, ' is out of bounds.')
('reset starting point: ', 2.3922184402764985, 3.6821923512350043, 3.2273123222654325)
('solution: ', array([ 8.23544958e+14,  2.54497034e+00, -5.19480259e+16]))
('guessed vol: ', -1.80484548706338e-47)
('volume: ', 1.80484548706338e-47, ' is out of bounds.')
('range ', 3, 4, 4, ' does not work')
('try bound: ', [[3, 4], [0, 1], [0, 1]])
('reset starting point: ', 3.252167407210686, 0.07325575275727658, 0.698608412274947)
('solution: ', array([  1.50644879,   1.32363216, -37.18289341]))
('guessed vol: ', -0.00277518403904308)
('volume: ', 0.00277518403904308, ' is out of bounds.')
('reset starting point: ', 3.0517945683499414, 0.9657282332500724, 0.11647737557295978)
('solution: ', array([ 4.38330056e+15,  2.34117667e+00, -4.23086961e+17]))
('guessed vol: ', -4.45244457276372e-50)
('volume: ', 4.45244457276372e-50, ' is out of bounds.')
('reset starting point: ', 3.6818332556805724, 0.6226631063369372, 0.4774722071648574)
('solution: ', array([5.37835933, 3.29048727, 0.1289567 ]))
('guessed vol: ', -0.000979978203860775)
('volume: ', 0.000979978203860775, ' is out of bounds.')
('range ', 4, 1, 1, ' does not work')
('try bound: ', [[3, 4], [0, 1], [1, 2]])
('reset starting point: ', 3.6925684666470397, 0.19578913140882992, 1.2963903923361446)
('solution: ', array([ 1.38941285e+15,  2.58179227e+00, -8.28879080e+16]))
('guessed vol: ', -4.33922166423355e-48)
('volume: ', 4.33922166423355e-48, ' is out of bounds.')
('reset starting point: ', 3.67927046565729, 0.7713269590082436, 1.5993883262066344)
('solution: ', array([ 1.18609621e+15,  2.36283578e+00, -1.08049633e+17]))
('guessed vol: ', -2.55220406396490e-48)
('volume: ', 2.55220406396490e-48, ' is out of bounds.')
('reset starting point: ', 3.759994555823802, 0.8754742263678169, 1.6724963352886113)
('solution: ', array([ 5.84957423e+14,  2.45637782e+00, -4.31513528e+16]))
('guessed vol: ', -3.43976861707388e-47)
('volume: ', 3.43976861707388e-47, ' is out of bounds.')
('range ', 4, 1, 2, ' does not work')
('try bound: ', [[3, 4], [0, 1], [2, 3]])
('reset starting point: ', 3.2759440825787713, 0.7639465881586834, 2.2478054505288827)
('solution: ', array([  1.50644879,   1.32363216, -37.18289341]))
('guessed vol: ', -0.00277518403904308)
('volume: ', 0.00277518403904308, ' is out of bounds.')
('reset starting point: ', 3.2833470262839044, 0.09660856192872502, 2.8119718191094276)
('solution: ', array([ 1.74684054e+15,  2.37673313e+00, -1.53642710e+17]))
('guessed vol: ', -8.63763068082981e-49)
('volume: ', 8.63763068082981e-49, ' is out of bounds.')
('reset starting point: ', 3.621521839060613, 0.9511245854874906, 2.144852099501511)
('solution: ', array([ 8.44005851e+14,  2.54074301e+00, -5.35975601e+16]))
('guessed vol: ', -1.64850367098445e-47)
('volume: ', 1.64850367098445e-47, ' is out of bounds.')
('range ', 4, 1, 3, ' does not work')
('try bound: ', [[3, 4], [0, 1], [3, 4]])
('reset starting point: ', 3.5598590038791933, 0.07192945119691008, 3.22974034891483)
('solution: ', array([-8.91073427e+28,  1.20678948e+00,  9.25497775e+01]))
('guessed vol: ', -3.20691173045814e-60)
('volume: ', 3.20691173045814e-60, ' is out of bounds.')
('reset starting point: ', 3.898541248210198, 0.24656329852301395, 3.0182561870923967)
('solution: ', array([ 2.35155819e+14,  2.70657149e+00, -1.19792349e+16]))
('guessed vol: ', -1.39255285546261e-45)
('volume: ', 1.39255285546261e-45, ' is out of bounds.')
('reset starting point: ', 3.2462472754017426, 0.3055988107912042, 3.2827370170139543)
('solution: ', array([ 1.47953354e+15,  2.50522411e+00, -9.96910010e+16]))
('guessed vol: ', -2.64151530632313e-48)
('volume: ', 2.64151530632313e-48, ' is out of bounds.')
('range ', 4, 1, 4, ' does not work')
('try bound: ', [[3, 4], [1, 2], [0, 1]])
('reset starting point: ', 3.7012958511408884, 1.210041157679272, 0.18318135926381574)
('solution: ', array([5.37835932, 3.29048727, 0.12895686]))
('guessed vol: ', -0.000979978203860771)
('volume: ', 0.000979978203860771, ' is out of bounds.')
('reset starting point: ', 3.2200459630338782, 1.9179126944447664, 0.7471644378275399)
('solution: ', array([5.37835932, 3.29048727, 0.12895686]))
('guessed vol: ', -0.000979978203860771)
('volume: ', 0.000979978203860771, ' is out of bounds.')
('reset starting point: ', 3.8575892089763206, 1.309251718973125, 0.3652316579546242)
('solution: ', array([5.37835932, 3.29048727, 0.12895686]))
('guessed vol: ', -0.000979978203860771)
('volume: ', 0.000979978203860771, ' is out of bounds.')
('range ', 4, 2, 1, ' does not work')
('try bound: ', [[3, 4], [1, 2], [1, 2]])
('reset starting point: ', 3.314896354647174, 1.72154410148849, 1.299586888355689)
('solution: ', array([ 7.60359823e+15,  3.01803187e+00, -3.00931071e+17]))
('guessed vol: ', -1.06594201380969e-49)
('volume: ', 1.06594201380969e-49, ' is out of bounds.')
('reset starting point: ', 3.595372477097939, 1.032788375419659, 1.4679101509393742)
('solution: ', array([ 1.13155843e+15,  2.53079176e+00, -7.30235731e+16]))
('guessed vol: ', -6.56973078566364e-48)
('volume: ', 6.56973078566364e-48, ' is out of bounds.')
('reset starting point: ', 3.994432115670885, 1.6709310244945468, 1.916720029440774)
('solution: ', array([ 4.03004182e+14,  2.76737713e+00, -1.92795203e+16]))
('guessed vol: ', -3.36989495521388e-46)
('volume: ', 3.36989495521388e-46, ' is out of bounds.')
('range ', 4, 2, 2, ' does not work')
('try bound: ', [[3, 4], [1, 2], [2, 3]])
('reset starting point: ', 3.7658736649125992, 1.4267162772770194, 2.3961203372248825)
('solution: ', array([ 4.99135634e+14,  2.75312009e+00, -2.42154976e+16]))
('guessed vol: ', -1.69493910662767e-46)
('volume: ', 1.69493910662767e-46, ' is out of bounds.')
('reset starting point: ', 3.601892108716297, 1.001988147286341, 2.8227615396016574)
('solution: ', array([ 3.20716290e+14,  2.93203788e+00, -1.34026284e+16]))
('guessed vol: ', -1.10324173918175e-45)
('volume: ', 1.10324173918175e-45, ' is out of bounds.')
('reset starting point: ', 3.063862974824163, 1.4290901614117866, 2.2391399964003007)
('solution: ', array([ 2.95043018e+15,  2.89223683e+00, -1.26876794e+17]))
('guessed vol: ', -1.25917386843373e-48)
('volume: ', 1.25917386843373e-48, ' is out of bounds.')
('range ', 4, 2, 3, ' does not work')
('try bound: ', [[3, 4], [1, 2], [3, 4]])
('reset starting point: ', 3.437594588763871, 1.2688530018133846, 3.5437268465784832)
('solution: ', array([ 1.49454379e+14,  2.62300521e+00, -8.42145210e+15]))
('guessed vol: ', -4.06204272161732e-45)
('volume: ', 4.06204272161732e-45, ' is out of bounds.')
('reset starting point: ', 3.662506183879729, 1.0625284376897945, 3.427485737304075)
('solution: ', array([ 6.59085051e+14,  2.84592314e+00, -2.93924785e+16]))
('guessed vol: ', -9.82688688294564e-47)
('volume: ', 9.82688688294564e-47, ' is out of bounds.')
('reset starting point: ', 3.5396041507169866, 1.9039008898260898, 3.1188593025643305)
('solution: ', array([ 4.59567251e+14,  2.68278541e+00, -2.40487549e+16]))
('guessed vol: ', -1.72237826979462e-46)
('volume: ', 1.72237826979462e-46, ' is out of bounds.')
('range ', 4, 2, 4, ' does not work')
('try bound: ', [[3, 4], [2, 3], [0, 1]])
('reset starting point: ', 3.404262555267622, 2.7790501051520176, 0.9692287248244685)
('solution: ', array([ 3.63398279e+14,  2.73000250e+00, -1.80519862e+16]))
('guessed vol: ', -4.07588370720132e-46)
('volume: ', 4.07588370720132e-46, ' is out of bounds.')
('reset starting point: ', 3.679925029041853, 2.204666329946091, 0.9211629926591263)
('solution: ', array([ 3.21925508e+14,  2.84929163e+00, -1.43169263e+16]))
('guessed vol: ', -8.51945684178925e-46)
('volume: ', 8.51945684178925e-46, ' is out of bounds.')
('reset starting point: ', 3.7299684558001545, 2.4785730670592545, 0.8765617716100733)
('solution: ', array([ 9.06180984e+14,  2.74983682e+00, -4.41080388e+16]))
('guessed vol: ', -2.80279837511002e-47)
('volume: ', 2.80279837511002e-47, ' is out of bounds.')
('range ', 4, 3, 1, ' does not work')
('try bound: ', [[3, 4], [2, 3], [1, 2]])
('reset starting point: ', 3.617138862152428, 2.4513482739707637, 1.1349671278505538)
('solution: ', array([ 8.24575855e+14,  2.80615189e+00, -3.80492019e+16]))
('guessed vol: ', -4.44231731763746e-47)
('volume: ', 4.44231731763746e-47, ' is out of bounds.')
('reset starting point: ', 3.130784622707208, 2.3719402882076372, 1.2938652327429336)
('solution: ', array([ 2.06279037e+15,  2.84854623e+00, -9.17940219e+16]))
('guessed vol: ', -3.23095822662059e-48)
('volume: ', 3.23095822662059e-48, ' is out of bounds.')
('reset starting point: ', 3.363209636765305, 2.7401143271397888, 1.8084734372818754)
('solution: ', array([ 2.71040257e+14,  2.62893038e+00, -1.51542614e+16]))
('guessed vol: ', -6.95733633643369e-46)
('volume: ', 6.95733633643369e-46, ' is out of bounds.')
('range ', 4, 3, 2, ' does not work')
('try bound: ', [[3, 4], [2, 3], [2, 3]])
('reset starting point: ', 3.1695861731575645, 2.257296836509734, 2.4540432418344222)
('solution: ', array([ 1.01911626e+15,  2.55672769e+00, -6.31164697e+16]))
('guessed vol: ', -9.97946203115871e-48)
('volume: ', 9.97946203115871e-48, ' is out of bounds.')
('reset starting point: ', 3.792415264509402, 2.966536042001679, 2.3042337642774884)
('solution: ', array([ 3.59154152e+15,  2.46806799e+00, -2.58988501e+17]))
('guessed vol: ', -1.56817108182558e-49)
('volume: ', 1.56817108182558e-49, ' is out of bounds.')
('reset starting point: ', 3.0430085626772585, 2.658670254603181, 2.0887968700251616)
('solution: ', array([ 9.73900928e+14,  2.61007905e+00, -5.58365174e+16]))
('guessed vol: ', -1.40045993207676e-47)
('volume: ', 1.40045993207676e-47, ' is out of bounds.')
('range ', 4, 3, 3, ' does not work')
('try bound: ', [[3, 4], [2, 3], [3, 4]])
('reset starting point: ', 3.0836210390881202, 2.993297951679454, 3.999671119135886)
('solution: ', array([ 1.58159648e+15,  2.38837684e+00, -1.35228425e+17]))
('guessed vol: ', -1.23988449945236e-48)
('volume: ', 1.23988449945236e-48, ' is out of bounds.')
('reset starting point: ', 3.4190622696983897, 2.4587334528623823, 3.436245265100997)
('solution: ', array([ 8.40313561e+14,  2.47578838e+00, -5.97152852e+16]))
('guessed vol: ', -1.26779193931455e-47)
('volume: ', 1.26779193931455e-47, ' is out of bounds.')
('reset starting point: ', 3.8335596021361384, 2.8382781793098877, 3.6329835730392204)
('solution: ', array([ 1.32163406e+15,  2.55071209e+00, -8.26183629e+16]))
('guessed vol: ', -4.46800188766107e-48)
('volume: ', 4.46800188766107e-48, ' is out of bounds.')
('range ', 4, 3, 4, ' does not work')
('try bound: ', [[3, 4], [3, 4], [0, 1]])
('reset starting point: ', 3.4301653413350177, 3.673422841575124, 0.45198816121754914)
('solution: ', array([ 2.30236259e+14,  2.69840368e+00, -1.18355258e+16]))
('guessed vol: ', -1.44385986117163e-45)
('volume: ', 1.44385986117163e-45, ' is out of bounds.')
('reset starting point: ', 3.654223269016799, 3.0163574333077694, 0.8549004788682572)
('solution: ', array([ 2.60872893e+14,  2.71251635e+00, -1.32031374e+16]))
('guessed vol: ', -1.04028320785163e-45)
('volume: ', 1.04028320785163e-45, ' is out of bounds.')
('reset starting point: ', 3.360615743668652, 3.8462776636261795, 0.06586117315793927)
('solution: ', array([5.37835932, 3.29048727, 0.12895686]))
('guessed vol: ', -0.000979978203860771)
('volume: ', 0.000979978203860771, ' is out of bounds.')
('range ', 4, 4, 1, ' does not work')
('try bound: ', [[3, 4], [3, 4], [1, 2]])
('reset starting point: ', 3.94740212657768, 3.2834838053295745, 1.9430069745800447)
('solution: ', array([ 5.64427779e+14,  2.61986223e+00, -3.19371708e+16]))
('guessed vol: ', -7.45590159120693e-47)
('volume: ', 7.45590159120693e-47, ' is out of bounds.')
('reset starting point: ', 3.795762021593086, 3.1596477148287425, 1.4724733665451268)
('solution: ', array([ 5.91077365e+14,  2.58024359e+00, -3.53412254e+16]))
('guessed vol: ', -5.60287559907797e-47)
('volume: ', 5.60287559907797e-47, ' is out of bounds.')
('reset starting point: ', 3.3666321108371124, 3.8999892656205635, 1.8375097138712788)
('solution: ', array([ 1.45408404e+14,  2.73815436e+00, -7.16232374e+15]))
('guessed vol: ', -6.53289823637640e-45)
('volume: ', 6.53289823637640e-45, ' is out of bounds.')
('range ', 4, 4, 2, ' does not work')
('try bound: ', [[3, 4], [3, 4], [2, 3]])
('reset starting point: ', 3.1701003233693297, 3.3855110031074327, 2.9622410287342733)
('solution: ', array([ 1.30985661e+15,  2.55371594e+00, -8.15007099e+16]))
('guessed vol: ', -4.64457227562439e-48)
('volume: ', 4.64457227562439e-48, ' is out of bounds.')
('reset starting point: ', 3.8221889220174767, 3.234538026809177, 2.4827377602952367)
('solution: ', array([ 7.81232745e+14,  2.58342619e+00, -4.64957087e+16]))
('guessed vol: ', -2.45618809036744e-47)
('volume: ', 2.45618809036744e-47, ' is out of bounds.')
('reset starting point: ', 3.1927544088835673, 3.2441429759078058, 2.9361664840986155)
('solution: ', array([ 1.95632737e+15,  2.52698137e+00, -1.27042060e+17]))
('guessed vol: ', -1.25159581426963e-48)
('volume: ', 1.25159581426963e-48, ' is out of bounds.')
('range ', 4, 4, 3, ' does not work')
('try bound: ', [[3, 4], [3, 4], [3, 4]])
('reset starting point: ', 3.366527958625992, 3.9289011841869015, 3.3437244936916635)
('solution: ', array([ 3.33254827e+14,  2.73016879e+00, -1.65517121e+16]))
('guessed vol: ', -5.28781722836409e-46)
('volume: ', 5.28781722836409e-46, ' is out of bounds.')
('reset starting point: ', 3.434557452710534, 3.955013492764978, 3.508886935917989)
('solution: ', array([ 1.00265663e+15,  2.87932582e+00, -4.35414900e+16]))
('guessed vol: ', -3.08689393668438e-47)
('volume: ', 3.08689393668438e-47, ' is out of bounds.')
('reset starting point: ', 3.2544699620500124, 3.844936671183792, 3.9525345019363614)
('solution: ', array([ 5.38349582e+14,  2.62637898e+00, -3.02005041e+16]))
('guessed vol: ', -8.79762738498938e-47)
('volume: ', 8.79762738498938e-47, ' is out of bounds.')
('range ', 4, 4, 4, ' does not work')
Done.
('vol_list: ', [])
('sol_list: ', [])
('dist_list: ', [])
('try bound: ', [[0, 1], [0, 1], [4, 5]])
('reset starting point: ', 0.9714146015105726, 0.5899016445713418, 4.368840554999924)
('solution: ', array([ 6.12079530e+14,  2.74823027e+00, -2.98409734e+16]))
('guessed vol: ', -9.04839256468061e-47)
('volume: ', 9.04839256468061e-47, ' is out of bounds.')
('reset starting point: ', 0.8578130027811138, 0.2514261052249408, 4.30817012342045)
('solution: ', array([ 1.56280639e+15,  2.78635405e+00, -7.34284118e+16]))
('guessed vol: ', -6.13489301848414e-48)
('volume: ', 6.13489301848414e-48, ' is out of bounds.')
('reset starting point: ', 0.18351370607730144, 0.7661022184851376, 4.3951012215312835)
('solution: ', array([ 1.09936890e+15,  2.95790904e+00, -4.51503847e+16]))
('guessed vol: ', -2.95607208682408e-47)
('volume: ', 2.95607208682408e-47, ' is out of bounds.')
('range ', 1, 1, 5, ' does not work')
('try bound: ', [[0, 1], [1, 2], [4, 5]])
('reset starting point: ', 0.3866637749182782, 1.0230709784567789, 4.31954662713785)
('solution: ', array([ 6.79577970e+14,  2.51568333e+00, -4.49738261e+16]))
('guessed vol: ', -2.84904682466618e-47)
('volume: ', 2.84904682466618e-47, ' is out of bounds.')
('reset starting point: ', 0.7481551109502066, 1.097109803513626, 4.0748388178527595)
('solution: ', array([  1.53386196,   1.34573577, -36.11619725]))
('guessed vol: ', -0.00271290273511397)
('volume: ', 0.00271290273511397, ' is out of bounds.')
('reset starting point: ', 0.508847100061299, 1.5200245423330867, 4.800964718596042)
('solution: ', array([ 6.99365284e+14,  2.56962426e+00, -4.24755144e+16]))
('guessed vol: ', -3.24729809513636e-47)
('volume: ', 3.24729809513636e-47, ' is out of bounds.')
('range ', 1, 2, 5, ' does not work')
('try bound: ', [[0, 1], [2, 3], [4, 5]])
('reset starting point: ', 0.8789603851494533, 2.263798880057389, 4.796296801182207)
('solution: ', array([ 7.96746009e+14,  2.36338634e+00, -7.24781024e+16]))
('guessed vol: ', -8.44656617969762e-48)
('volume: ', 8.44656617969762e-48, ' is out of bounds.')
('reset starting point: ', 0.7348920583397924, 2.8920782820960307, 4.757546226990232)
('solution: ', array([ 3.55569219e+15,  2.21901877e+00, -5.25738772e+17]))
('guessed vol: ', -3.37553304336554e-50)
('volume: ', 3.37553304336554e-50, ' is out of bounds.')
('reset starting point: ', 0.6891211652706091, 2.843969820147829, 4.455196699168419)
('solution: ', array([ 2.21316239e+15,  2.52783841e+00, -1.43517653e+17]))
('guessed vol: ', -8.67520018536684e-49)
('volume: ', 8.67520018536684e-49, ' is out of bounds.')
('range ', 1, 3, 5, ' does not work')
('try bound: ', [[0, 1], [3, 4], [4, 5]])
('reset starting point: ', 0.561150397566722, 3.098787678732727, 4.902210266821204)
('solution: ', array([ 4.82004384e+14,  2.58851497e+00, -2.84779120e+16]))
('guessed vol: ', -1.06613809644597e-46)
('volume: ', 1.06613809644597e-46, ' is out of bounds.')
('reset starting point: ', 0.7858188179651965, 3.128945822344373, 4.24416679785279)
('solution: ', array([  1.50644879,   1.32363216, -37.18289341]))
('guessed vol: ', -0.00277518403904308)
('volume: ', 0.00277518403904308, ' is out of bounds.')
('reset starting point: ', 0.6079482792869668, 3.6458201477282444, 4.728519252621822)
('solution: ', array([ 5.15267517e+14,  2.40666211e+00, -4.22224130e+16]))
('guessed vol: ', -3.94729066020904e-47)
('volume: ', 3.94729066020904e-47, ' is out of bounds.')
('range ', 1, 4, 5, ' does not work')
('try bound: ', [[0, 1], [4, 5], [0, 1]])
('reset starting point: ', 0.6465372991040924, 4.55186971015662, 0.26758783739571035)
('solution: ', array([ 6.34458975e+37,  7.78196850e+38, -2.68766929e+40]))
('guessed vol: ', -5.17157605928976e-158)
('volume: ', 5.17157605928976e-158, ' is out of bounds.')
('reset starting point: ', 0.30673570803925776, 4.931457111032409, 0.4211608084508235)
('solution: ', array([ 4.01150960e+37,  1.03179809e+39, -9.07088260e+39]))
('guessed vol: ', -3.14751021610650e-157)
('volume: ', 3.14751021610650e-157, ' is out of bounds.')
('reset starting point: ', 0.8999271406959034, 4.6748372401976725, 0.7985773875668678)
('solution: ', array([ 9.92033921e+35,  1.56492688e+37, -6.73632877e+38]))
('guessed vol: ', -1.89640469084443e-151)
('volume: ', 1.89640469084443e-151, ' is out of bounds.')
('range ', 1, 5, 1, ' does not work')
('try bound: ', [[0, 1], [4, 5], [1, 2]])
('reset starting point: ', 0.5090280613832983, 4.686500366259319, 1.8618946000497112)
('solution: ', array([ 1.73515024e+37,  2.41055444e+38, -4.16538743e+39]))
('guessed vol: ', -2.57671578506845e-155)
('volume: ', 2.57671578506845e-155, ' is out of bounds.')
('reset starting point: ', 0.004217641745308365, 4.4828386731114565, 1.1212775411359721)
('solution: ', array([2.00000678e+00, 3.35686996e+24, 9.59998915e+01]))
('guessed vol: ', -2.77317048185213e-51)
('volume: ', 2.77317048185213e-51, ' is out of bounds.')
('reset starting point: ', 0.33264767649975946, 4.225588767929664, 1.5870207320566074)
('solution: ', array([ 3.76724845e+36,  6.98367596e+37, -2.94599073e+39]))
('guessed vol: ', -5.03137028719879e-154)
('volume: ', 5.03137028719879e-154, ' is out of bounds.')
('range ', 1, 5, 2, ' does not work')
('try bound: ', [[0, 1], [4, 5], [2, 3]])
('reset starting point: ', 0.50702742464562, 4.910203224136689, 2.1333946003024664)
('solution: ', array([ 4.11997325e+37,  7.23689912e+38, -9.35079141e+39]))
('guessed vol: ', -5.85508186905393e-157)
('volume: ', 5.85508186905393e-157, ' is out of bounds.')
('reset starting point: ', 0.7934362275544597, 4.954577708000432, 2.868252284443107)
('solution: ', array([ 1.28597285e+37,  1.81013111e+38, -3.68772477e+39]))
('guessed vol: ', -5.73167914967826e-155)
('volume: ', 5.73167914967826e-155, ' is out of bounds.')
('reset starting point: ', 0.9961729642665592, 4.32731611358499, 2.1585112196043044)
('solution: ', array([ 7.72188101e+36,  1.85901354e+38, -2.54573101e+40]))
('guessed vol: ', -4.89136633315546e-157)
('volume: ', 4.89136633315546e-157, ' is out of bounds.')
('range ', 1, 5, 3, ' does not work')
('try bound: ', [[0, 1], [4, 5], [3, 4]])
('reset starting point: ', 0.4551858711494987, 4.79800611048957, 3.304067238761521)
('solution: ', array([ 9.46319252e+37,  1.17264873e+39, -1.27650738e+40]))
('guessed vol: ', -1.14910339660947e-157)
('volume: ', 1.14910339660947e-157, ' is out of bounds.')
('reset starting point: ', 0.02260468435061902, 4.48999526000168, 3.583312787870088)
('solution: ', array([2.00000678e+00, 1.78571199e+23, 9.59998915e+01]))
('guessed vol: ', -9.79992555414414e-49)
('volume: ', 9.79992555414414e-49, ' is out of bounds.')
('reset starting point: ', 0.9723076509109047, 4.990843819733914, 3.426212930510885)
('solution: ', array([ 7.06363459e+36,  1.03944270e+38, -2.64382610e+39]))
('guessed vol: ', -3.26141898216122e-154)
('volume: ', 3.26141898216122e-154, ' is out of bounds.')
('range ', 1, 5, 4, ' does not work')
('try bound: ', [[0, 1], [4, 5], [4, 5]])
('reset starting point: ', 0.660729496366793, 4.289057016161944, 4.911222999621018)
('solution: ', array([ 1.72222809e+36,  1.54697410e+37, -1.11055387e+39]))
('guessed vol: ', -5.57898571084196e-152)
('volume: ', 5.57898571084196e-152, ' is out of bounds.')
('reset starting point: ', 0.02450088460724975, 4.0411754951527135, 4.38649022661772)
('solution: ', array([2.00000678e+00, 7.28316480e+24, 9.59998915e+01]))
('guessed vol: ', -5.89122119209206e-52)
('volume: ', 5.89122119209206e-52, ' is out of bounds.')
('reset starting point: ', 0.08966797918160485, 4.671385036719267, 4.085442572699056)
('solution: ', array([1.75666242e+00, 8.73289156e+20, 8.77469212e+01]))
('guessed vol: ', -4.22144408936666e-44)
('volume: ', 4.22144408936666e-44, ' is out of bounds.')
('range ', 1, 5, 5, ' does not work')
('try bound: ', [[1, 2], [0, 1], [4, 5]])
('reset starting point: ', 1.684700787877675, 0.33822759251568646, 4.8880971236840045)
('solution: ', array([2.48283554, 1.16746263, 0.97652968]))
('guessed vol: ', -0.00618773574381199)
('volume: ', 0.00618773574381199, ' is out of bounds.')
('reset starting point: ', 1.6401021005117875, 0.02301530483986114, 4.168365332433152)
('solution: ', array([ 2.32231264,  0.94158516, 54.48180556]))
('guessed vol: ', 0.0382113183615747)
('volume: ', 0.0382113183615747, ' is out of bounds.')
('reset starting point: ', 1.7147367442846821, 0.6268271165141177, 4.027246885328465)
('solution: ', array([ 6.64984317e+14,  2.47448425e+00, -4.73718357e+16]))
('guessed vol: ', -2.54329055572090e-47)
('volume: ', 2.54329055572090e-47, ' is out of bounds.')
('range ', 2, 1, 5, ' does not work')
('try bound: ', [[1, 2], [1, 2], [4, 5]])
('reset starting point: ', 1.8266976854234553, 1.3186764043474022, 4.88554509225759)
('solution: ', array([ 6.54553865e+14,  2.57325002e+00, -3.95403327e+16]))
('guessed vol: ', -4.01673552701980e-47)
('volume: ', 4.01673552701980e-47, ' is out of bounds.')
('reset starting point: ', 1.470557423511309, 1.3087408276014467, 4.3409278030530745)
('solution: ', array([ 4.74542861e+14,  2.47392195e+00, -3.38410949e+16]))
('guessed vol: ', -6.98081353865298e-47)
('volume: ', 6.98081353865298e-47, ' is out of bounds.')
('reset starting point: ', 1.993616287589869, 1.9545600474161864, 4.732751877432755)
('solution: ', array([ 3.68272557e+15,  2.43308288e+00, -2.84871798e+17]))
('guessed vol: ', -1.23394830332954e-49)
('volume: ', 1.23394830332954e-49, ' is out of bounds.')
('range ', 2, 2, 5, ' does not work')
('try bound: ', [[1, 2], [2, 3], [4, 5]])
('reset starting point: ', 1.8462003929720106, 2.34993316954394, 4.479407895024024)
('solution: ', array([ 2.54209158e+15,  2.36240936e+00, -2.31831671e+17]))
('guessed vol: ', -2.58608765289738e-49)
('volume: ', 2.58608765289738e-49, ' is out of bounds.')
('reset starting point: ', 1.2556236094308542, 2.1928221847308023, 4.4034898776090685)
('solution: ', array([ 1.16401951e+15,  2.34781237e+00, -1.10332903e+17]))
('guessed vol: ', -2.47396716391945e-48)
('volume: ', 2.47396716391945e-48, ' is out of bounds.')
('reset starting point: ', 1.235760034935205, 2.941218152569252, 4.638655150954749)
('solution: ', array([ 4.42445429e+15,  2.09907053e+00, -1.43261516e+18]))
('guessed vol: ', -3.55000884188739e-51)
('volume: ', 3.55000884188739e-51, ' is out of bounds.')
('range ', 2, 3, 5, ' does not work')
('try bound: ', [[1, 2], [3, 4], [4, 5]])
('reset starting point: ', 1.1154555452253916, 3.2009385919872964, 4.844072391622218)
