('solution: ', array([ 1.92545182e+14,  2.67805297e+00, -1.01314149e+16]))
('guessed vol: ', -2.30452680367083e-45)
('volume: ', 2.30452680367083e-45, ' is out of bounds.')
('reset starting point: ', 0.4888328614547943, 0.834563335666328, 0.38375257437814536)
('solution: ', array([ 1.27452714e+15,  2.21882031e+00, -1.88616341e+17]))
('guessed vol: ', -7.31594443413040e-49)
('volume: ', 7.31594443413040e-49, ' is out of bounds.')
('reset starting point: ', 0.7545788676110111, 0.1877769758886103, 0.25058851460657416)
/usr/lib64/python2.7/site-packages/scipy/optimize/minpack.py:161: RuntimeWarning: The iteration is not making good progress, as measured by the 
  improvement from the last ten iterations.
  warnings.warn(msg, RuntimeWarning)
('solution: ', array([ 4.46191142e+14,  2.82144853e+00, -2.03138171e+16]))
('guessed vol: ', -2.93917565230922e-46)
('volume: ', 2.93917565230922e-46, ' is out of bounds.')
('range ', 1, 1, 1, ' does not work')
('try bound: ', [[0, 1], [0, 1], [1, 2]])
('reset starting point: ', 0.6633991796356444, 0.15329917764095324, 1.121782458230103)
^[[A^[[A^[[A^[[A^[[A^[[A^[[A^[[A^[[A^[[A^[[A^[[A^[[B^[[B^[[B^[[B^[[B^[[B^[[B^[[B^[[B^[[B^[[B^[[B^[[B^[[B^[[B^[[B^[[B^[[B^[[B^[[B^[[B('solution: ', array([ 5.71040171e+13,  2.66834649e+00, -3.03942576e+15]))
('guessed vol: ', -8.54535026595281e-44)
('volume: ', 8.54535026595281e-44, ' is out of bounds.')
('reset starting point: ', 0.3520239582681296, 0.025619366747374195, 1.7144190552296739)
('solution: ', array([ 2.32231264,  0.94158516, 54.48180556]))
('guessed vol: ', 0.0382113183615747)
('volume: ', 0.0382113183615747, ' is out of bounds.')
('reset starting point: ', 0.8369724869839087, 0.6606937037624556, 1.3552545863935115)
('solution: ', array([ 8.32658427e+14,  2.49006575e+00, -5.76348561e+16]))
('guessed vol: ', -1.38809011293893e-47)
('volume: ', 1.38809011293893e-47, ' is out of bounds.')
('range ', 1, 1, 2, ' does not work')
('try bound: ', [[0, 1], [0, 1], [2, 3]])
('reset starting point: ', 0.42601699333340837, 0.7955659482446985, 2.3213056976703217)
('solution: ', array([ 7.28359098e+14,  2.60180330e+00, -4.22360487e+16]))
('guessed vol: ', -3.24724231905440e-47)
('volume: ', 3.24724231905440e-47, ' is out of bounds.')
('reset starting point: ', 0.4959106182369367, 0.07319619870648353, 2.018918197480535)
('solution: ', array([ 4.04201702e+14,  2.66244121e+00, -2.16675165e+16]))
('guessed vol: ', -2.36089186566625e-46)
('volume: ', 2.36089186566625e-46, ' is out of bounds.')
('reset starting point: ', 0.7144714709621751, 0.2761331800860246, 2.125014014667684)
('solution: ', array([ 2.53967657e+14,  2.57212663e+00, -1.53672495e+16]))
('guessed vol: ', -6.84691748539995e-46)
('volume: ', 6.84691748539995e-46, ' is out of bounds.')
('range ', 1, 1, 3, ' does not work')
('try bound: ', [[0, 1], [1, 2], [0, 1]])
('reset starting point: ', 0.22490231085503243, 1.6926370672915125, 0.22418114225502572)
('solution: ', array([ 1.77199412e+15,  2.43927969e+00, -1.35310827e+17]))
('guessed vol: ', -1.14138100951030e-48)
('volume: ', 1.14138100951030e-48, ' is out of bounds.')
('reset starting point: ', 0.768050511671869, 1.9333051613608117, 0.029415070732575765)
('solution: ', array([5.37835932, 3.29048727, 0.12895686]))
('guessed vol: ', -0.000979978203860771)
('volume: ', 0.000979978203860771, ' is out of bounds.')
('reset starting point: ', 0.7060302756815332, 1.0085778786271078, 0.1128708341298923)
('solution: ', array([5.37835932, 3.29048727, 0.12895686]))
('guessed vol: ', -0.000979978203860771)
('volume: ', 0.000979978203860771, ' is out of bounds.')
('range ', 1, 2, 1, ' does not work')
('try bound: ', [[0, 1], [1, 2], [1, 2]])
('reset starting point: ', 0.23957046052085273, 1.6112309448898392, 1.7774033005394192)
('solution: ', array([ 2.48261742e+15,  2.31743003e+00, -2.56576170e+17]))
('guessed vol: ', -2.11238247102110e-49)
('volume: ', 2.11238247102110e-49, ' is out of bounds.')
('reset starting point: ', 0.018838897587750925, 1.854687295993767, 1.7475978348662444)
('solution: ', array([ 0.92686763,  2.8340515 , 70.52169381]))
('guessed vol: ', 0.0227919472664616)
('volume: ', 0.0227919472664616, ' is out of bounds.')
('reset starting point: ', 0.4025521827569184, 1.8962896156886768, 1.671358447500928)
('solution: ', array([ 1.28728290e+15,  2.16453656e+00, -2.52052486e+17]))
('guessed vol: ', -3.99320953311115e-49)
('volume: ', 3.99320953311115e-49, ' is out of bounds.')
('range ', 1, 2, 2, ' does not work')
('try bound: ', [[0, 1], [1, 2], [2, 3]])
('reset starting point: ', 0.9138769983271732, 1.9526020658299514, 2.516090152946772)
('solution: ', array([ 7.21081041e+14,  2.34590317e+00, -6.87036393e+16]))
('guessed vol: ', -1.02892708239769e-47)
('volume: ', 1.02892708239769e-47, ' is out of bounds.')
('reset starting point: ', 0.18099855892928374, 1.0626925727837304, 2.8208144682201612)
('solution: ', array([ 3.63117919e+14,  2.46627372e+00, -2.62749969e+16]))
('guessed vol: ', -1.50502813989744e-46)
('volume: ', 1.50502813989744e-46, ' is out of bounds.')
('reset starting point: ', 0.2414078218777258, 1.7298765629438635, 2.490479510911856)
('solution: ', array([ 2.35297433e+15,  2.07262782e+00, -1.03809353e+18]))
('guessed vol: ', -1.26700495356075e-50)
('volume: ', 1.26700495356075e-50, ' is out of bounds.')
('range ', 1, 2, 3, ' does not work')
('try bound: ', [[0, 1], [2, 3], [0, 1]])
('reset starting point: ', 0.4590474293771011, 2.4416352447831478, 0.9267926828152282)
('solution: ', array([ 8.22739154e+14,  2.29339600e+00, -9.16652998e+16]))
('guessed vol: ', -4.93879786429827e-48)
('volume: ', 4.93879786429827e-48, ' is out of bounds.')
('reset starting point: ', 0.7575317144390034, 2.4498944098261983, 0.6861382380586513)
('solution: ', array([ 6.48183140e+14,  2.52819561e+00, -4.20082183e+16]))
('guessed vol: ', -3.45830676857039e-47)
('volume: ', 3.45830676857039e-47, ' is out of bounds.')
('reset starting point: ', 0.07824414423235382, 2.983748266649444, 0.42730686516907423)
('solution: ', array([ 1.00688212e+15,  2.22632784e+00, -1.44183952e+17]))
('guessed vol: ', -1.58876200580239e-48)
('volume: ', 1.58876200580239e-48, ' is out of bounds.')
('range ', 1, 3, 1, ' does not work')
('try bound: ', [[0, 1], [2, 3], [1, 2]])
('reset starting point: ', 0.07429805005821533, 2.3298294494615104, 1.0793423351864662)
('solution: ', array([ 1.05544422e+15,  2.58894653e+00, -6.23196292e+16]))
('guessed vol: ', -1.01710856951158e-47)
('volume: ', 1.01710856951158e-47, ' is out of bounds.')
('reset starting point: ', 0.10153513393790992, 2.5855240631557135, 1.981769971384723)
('solution: ', array([  1.50644879,   1.32363216, -37.1828934 ]))
('guessed vol: ', -0.00277518403904308)
('volume: ', 0.00277518403904308, ' is out of bounds.')
('reset starting point: ', 0.9596763280391486, 2.3186159892417524, 1.6293619413861158)
/usr/lib64/python2.7/site-packages/scipy/optimize/minpack.py:161: RuntimeWarning: The number of calls to function has reached maxfev = 800.
  warnings.warn(msg, RuntimeWarning)
('solution: ', array([-6.87262460e+38,  1.94075997e+38,  3.82880642e+40]))
('guessed vol: ', 4.97234306353761e-157)
('volume: ', 4.97234306353761e-157, ' is out of bounds.')
('range ', 1, 3, 2, ' does not work')
('try bound: ', [[0, 1], [2, 3], [2, 3]])
('reset starting point: ', 0.8895634308080578, 2.4943246324447363, 2.6969158414254)
('solution: ', array([ 5.48808971e+14,  2.60713174e+00, -3.15915853e+16]))
('guessed vol: ', -7.74181988520383e-47)
('volume: ', 7.74181988520383e-47, ' is out of bounds.')
('reset starting point: ', 0.07815735721029649, 2.084272250738724, 2.3159873432075804)
('solution: ', array([ 9.89907397e+35,  2.37263372e+40, -6.12765173e+37]))
('guessed vol: ', -9.98006508210125e-156)
('volume: ', 9.98006508210125e-156, ' is out of bounds.')
('reset starting point: ', 0.062411900365144324, 2.5245988488347058, 2.5057060666162236)
('solution: ', array([ 0.92686763,  2.83405149, 70.52169379]))
('guessed vol: ', 0.0227919472664616)
('volume: ', 0.0227919472664616, ' is out of bounds.')
('range ', 1, 3, 3, ' does not work')
('try bound: ', [[1, 2], [0, 1], [0, 1]])
('reset starting point: ', 1.5346181937691075, 0.34494544640713276, 0.5795367093250345)
('solution: ', array([ 3.03721876e+14,  2.73899897e+00, -1.49473111e+16]))
('guessed vol: ', -7.18842875442761e-46)
('volume: ', 7.18842875442761e-46, ' is out of bounds.')
('reset starting point: ', 1.417173652005348, 0.31426625836855215, 0.5898501412700051)
('solution: ', array([ 6.60213888e+14,  2.54755534e+00, -4.14759726e+16]))
('guessed vol: ', -3.53944911153313e-47)
('volume: ', 3.53944911153313e-47, ' is out of bounds.')
('reset starting point: ', 1.4420685350387528, 0.8572318960465993, 0.4390325933716297)
('solution: ', array([ 4.94040021e+14,  2.59850193e+00, -2.87802243e+16]))
('guessed vol: ', -1.02786482736929e-46)
('volume: ', 1.02786482736929e-46, ' is out of bounds.')
('range ', 2, 1, 1, ' does not work')
('try bound: ', [[1, 2], [0, 1], [1, 2]])
('reset starting point: ', 1.2371239947624662, 0.1427418143073137, 1.1495222977322561)
('solution: ', array([ 3.03363455e+15,  2.50833343e+00, -2.03306528e+17]))
('guessed vol: ', -3.10510837214109e-49)
('volume: ', 3.10510837214109e-49, ' is out of bounds.')
('reset starting point: ', 1.4817193830638251, 0.5037746230711936, 1.4684690693347333)
('solution: ', array([ 4.75074953e+14,  2.63169864e+00, -2.64667369e+16]))
('guessed vol: ', -1.30487656226422e-46)
('volume: ', 1.30487656226422e-46, ' is out of bounds.')
('reset starting point: ', 1.7194591520405755, 0.9815274661092339, 1.5049820798317186)
('solution: ', array([ 6.31513067e+14,  2.61595824e+00, -3.59199829e+16]))
('guessed vol: ', -5.24820089048710e-47)
('volume: ', 5.24820089048710e-47, ' is out of bounds.')
('range ', 2, 1, 2, ' does not work')
('try bound: ', [[1, 2], [0, 1], [2, 3]])
('reset starting point: ', 1.4407860258207537, 0.1691927221764239, 2.821296856797353)
('solution: ', array([ 3.85001269e+15,  2.30358776e+00, -4.15165330e+17]))
('guessed vol: ', -5.16876187419356e-50)
('volume: ', 5.16876187419356e-50, ' is out of bounds.')
('reset starting point: ', 1.9390603826691952, 0.4075238518327773, 2.73556736309282)
('solution: ', array([ 8.36435645e+14,  2.33345472e+00, -8.24998987e+16]))
('guessed vol: ', -6.11231010201292e-48)
('volume: ', 6.11231010201292e-48, ' is out of bounds.')
('reset starting point: ', 1.3400171754249377, 0.9307173645289271, 2.209517529192952)
('solution: ', array([ 1.06178622e+14,  2.69483462e+00, -5.48017613e+15]))
('guessed vol: ', -1.45457934916452e-44)
('volume: ', 1.45457934916452e-44, ' is out of bounds.')
('range ', 2, 1, 3, ' does not work')
('try bound: ', [[1, 2], [1, 2], [0, 1]])
('reset starting point: ', 1.3248099431307168, 1.870914638558126, 0.8593450874921789)
('solution: ', array([ 2.02661068e+14,  2.70784506e+00, -1.03094484e+16]))
('guessed vol: ', -2.18476785333053e-45)
('volume: ', 2.18476785333053e-45, ' is out of bounds.')
('reset starting point: ', 1.0473925814910823, 1.8718290737005028, 0.36191524157496924)
('solution: ', array([ 1.62870924e+15,  2.54427245e+00, -1.02850160e+17]))
('guessed vol: ', -2.32678796352401e-48)
('volume: ', 2.32678796352401e-48, ' is out of bounds.')
('reset starting point: ', 1.9279606300839305, 1.7747647950298235, 0.34063992334429394)
('solution: ', array([ 1.36755393e+14,  2.72071456e+00, -6.86048420e+15]))
('guessed vol: ', -7.41888616877371e-45)
('volume: ', 7.41888616877371e-45, ' is out of bounds.')
('range ', 2, 2, 1, ' does not work')
('try bound: ', [[1, 2], [1, 2], [1, 2]])
('reset starting point: ', 1.2581335499981061, 1.5673629249510477, 1.1989831773417494)
('solution: ', array([ 3.68717134e+14,  2.41112150e+00, -2.99121198e+16]))
('guessed vol: ', -1.10214001452409e-46)
('volume: ', 1.10214001452409e-46, ' is out of bounds.')
('reset starting point: ', 1.157057648112453, 1.654755356392506, 1.2634631080096344)
('solution: ', array([ 2.10581118,  1.86229951, -2.33473707]))
('guessed vol: ', -0.00313778870558192)
('volume: ', 0.00313778870558192, ' is out of bounds.')
('reset starting point: ', 1.9669470257771842, 1.4785806432402582, 1.859414989167614)
('solution: ', array([ 1.60923719e+15,  2.48302528e+00, -1.12828967e+17]))
('guessed vol: ', -1.86427571724834e-48)
('volume: ', 1.86427571724834e-48, ' is out of bounds.')
('range ', 2, 2, 2, ' does not work')
('try bound: ', [[1, 2], [1, 2], [2, 3]])
('reset starting point: ', 1.9544942899661715, 1.9024817005785437, 2.5715741548794173)
('solution: ', array([ 1.45773230e+15,  2.18499803e+00, -2.54308399e+17]))
('guessed vol: ', -3.48268762381092e-49)
('volume: ', 3.48268762381092e-49, ' is out of bounds.')
('reset starting point: ', 1.2488611528060296, 1.6850832009982395, 2.6540303172428654)
('solution: ', array([ 2.76971738e+15,  2.38459611e+00, -2.38973813e+17]))
('guessed vol: ', -2.26209967984260e-49)
('volume: ', 2.26209967984260e-49, ' is out of bounds.')
('reset starting point: ', 1.2252192523502945, 1.8713982195042413, 2.3732482005928306)
('solution: ', array([ 2.11943621e+15,  2.38398771e+00, -1.83136039e+17]))
('guessed vol: ', -5.03182400256838e-49)
('volume: ', 5.03182400256838e-49, ' is out of bounds.')
('range ', 2, 2, 3, ' does not work')
('try bound: ', [[1, 2], [2, 3], [0, 1]])
('reset starting point: ', 1.5703063407825284, 2.3126011550946757, 0.9754049109064784)
('solution: ', array([ 2.97556790e+14,  2.66369321e+00, -1.59266063e+16]))
('guessed vol: ', -5.94351861595050e-46)
('volume: ', 5.94351861595050e-46, ' is out of bounds.')
('reset starting point: ', 1.5793254185467789, 2.5333215440852594, 0.6313976040579308)
('solution: ', array([5.37835932, 3.29048727, 0.12895686]))
('guessed vol: ', -0.000979978203860771)
('volume: ', 0.000979978203860771, ' is out of bounds.')
('reset starting point: ', 1.2177391204084418, 2.0814700675795867, 0.16159356199185892)
('solution: ', array([1.21773912, 2.08147007, 0.16159356]))
('guessed vol: ', -0.00706457800280103)
('volume: ', 0.00706457800280103, ' is out of bounds.')
('range ', 2, 3, 1, ' does not work')
('try bound: ', [[1, 2], [2, 3], [1, 2]])
('reset starting point: ', 1.004385250642771, 2.4012428437656554, 1.4511106309780413)
('solution: ', array([ 4.83632092e+14,  2.29128189e+00, -5.42584284e+16]))
('guessed vol: ', -2.39573150681581e-47)
('volume: ', 2.39573150681581e-47, ' is out of bounds.')
('reset starting point: ', 1.6582676583363225, 2.733750683467475, 1.4384998368338124)
('solution: ', array([ 4.41189980e+14,  2.65949119e+00, -2.37352202e+16]))
('guessed vol: ', -1.79699959177334e-46)
('volume: ', 1.79699959177334e-46, ' is out of bounds.')
('reset starting point: ', 1.6318759689626803, 2.1372117613567845, 1.4515497003648679)
('solution: ', array([ 3.43939619e+14,  2.74355230e+00, -1.68479057e+16]))
('guessed vol: ', -5.02349354167119e-46)
('volume: ', 5.02349354167119e-46, ' is out of bounds.')
('range ', 2, 3, 2, ' does not work')
('try bound: ', [[1, 2], [2, 3], [2, 3]])
('reset starting point: ', 1.3158092407014625, 2.523420775844694, 2.8671251762665255)
('solution: ', array([ 4.55155292e+37,  8.67743096e+38, -1.09615437e+40]))
('guessed vol: ', -2.98415566975612e-157)
('volume: ', 2.98415566975612e-157, ' is out of bounds.')
('reset starting point: ', 1.8545845591134715, 2.084295560131734, 2.5163287466004203)
('solution: ', array([ 5.81017170e+37,  5.90511417e+38, -2.22810187e+40]))
('guessed vol: ', -1.26365453473336e-157)
('volume: ', 1.26365453473336e-157, ' is out of bounds.')
('reset starting point: ', 1.816104812766306, 2.365015398796037, 2.66908432525545)
('solution: ', array([ 5.20132717e+15,  2.32402112e+00, -5.27160566e+17]))
('guessed vol: ', -2.39609929574957e-50)
('volume: ', 2.39609929574957e-50, ' is out of bounds.')
('range ', 2, 3, 3, ' does not work')
('try bound: ', [[2, 3], [0, 1], [0, 1]])
('reset starting point: ', 2.997903047525546, 0.1510172330047671, 0.6976746797925885)
('solution: ', array([ 6.91604330e+14,  2.39800768e+00, -5.78074160e+16]))
('guessed vol: ', -1.56059593777847e-47)
('volume: ', 1.56059593777847e-47, ' is out of bounds.')
('reset starting point: ', 2.6182073277763025, 0.995719742721362, 0.5614725632959611)
('solution: ', array([ 4.78142212e+14,  2.57376751e+00, -2.88615527e+16]))
('guessed vol: ', -1.03253026142353e-46)
('volume: ', 1.03253026142353e-46, ' is out of bounds.')
('reset starting point: ', 2.1613071910766486, 0.21010267085599388, 0.2788037770955878)
('solution: ', array([ 2.43385603e+15,  2.88686044e+00, -1.05087146e+17]))
('guessed vol: ', -2.20742059836516e-48)
('volume: ', 2.20742059836516e-48, ' is out of bounds.')
('range ', 3, 1, 1, ' does not work')
('try bound: ', [[2, 3], [0, 1], [1, 2]])
('reset starting point: ', 2.6418370079571947, 0.022613387370275073, 1.7972592283941644)
('solution: ', array([ 2.32231264,  0.94158516, 54.48180556]))
('guessed vol: ', 0.0382113183615747)
('volume: ', 0.0382113183615747, ' is out of bounds.')
('reset starting point: ', 2.6121977757576285, 0.23803007427565925, 1.3083328507574583)
('solution: ', array([ 2.10581118,  1.86229951, -2.33473707]))
('guessed vol: ', -0.00313778870558192)
('volume: ', 0.00313778870558192, ' is out of bounds.')
('reset starting point: ', 2.751210087051703, 0.8015894203927384, 1.0483406978567782)
/usr/lib64/python2.7/site-packages/scipy/optimize/minpack.py:161: RuntimeWarning: The iteration is not making good progress, as measured by the 
  improvement from the last five Jacobian evaluations.
  warnings.warn(msg, RuntimeWarning)
('solution: ', array([-689.08957619,    2.06346993, -650.29495948]))
('guessed vol: ', -7.56423403677952e-11)
('volume: ', 7.56423403677952e-11, ' is out of bounds.')
('range ', 3, 1, 2, ' does not work')
('try bound: ', [[2, 3], [0, 1], [2, 3]])
('reset starting point: ', 2.3694471279633706, 0.0761225281211283, 2.0964656348016235)
('solution: ', array([ 3.98570157e+15,  2.21851754e+00, -5.90639008e+17]))
('guessed vol: ', -2.38553492114193e-50)
('volume: ', 2.38553492114193e-50, ' is out of bounds.')
('reset starting point: ', 2.643521497973832, 0.7586250847991521, 2.238883326367761)
('solution: ', array([ 2.52294934e+15,  2.46677936e+00, -1.82381758e+17]))
('guessed vol: ', -4.49741793557846e-49)
('volume: ', 4.49741793557846e-49, ' is out of bounds.')
('reset starting point: ', 2.29535698632262, 0.2701387303673276, 2.2967582455293485)
('solution: ', array([  1.50644879,   1.32363216, -37.18289341]))
('guessed vol: ', -0.00277518403904308)
('volume: ', 0.00277518403904308, ' is out of bounds.')
('range ', 3, 1, 3, ' does not work')
('try bound: ', [[2, 3], [1, 2], [0, 1]])
('reset starting point: ', 2.525250584685037, 1.5520815741859009, 0.8066890241552482)
('solution: ', array([ 6.79161336e+14,  2.60886733e+00, -3.90025674e+16]))
('guessed vol: ', -4.11114188284015e-47)
('volume: ', 4.11114188284015e-47, ' is out of bounds.')
('reset starting point: ', 2.5188818741240757, 1.115022708860769, 0.2921366200163237)
('solution: ', array([ 4.17718328e+14,  2.61366439e+00, -2.38329534e+16]))
('guessed vol: ', -1.79833077229550e-46)
('volume: ', 1.79833077229550e-46, ' is out of bounds.')
('reset starting point: ', 2.6388410306201022, 1.960159160141436, 0.4275897097608873)
('solution: ', array([ 1.71876256e+14,  2.73828161e+00, -8.46493086e+15]))
('guessed vol: ', -3.95736188260511e-45)
('volume: ', 3.95736188260511e-45, ' is out of bounds.')
('range ', 3, 2, 1, ' does not work')
('try bound: ', [[2, 3], [1, 2], [1, 2]])
('reset starting point: ', 2.1524340883990343, 1.9856976968077644, 1.6671906480975784)
('solution: ', array([ 2.10581118,  1.86229951, -2.33473707]))
('guessed vol: ', -0.00313778870558192)
('volume: ', 0.00313778870558192, ' is out of bounds.')
('reset starting point: ', 2.4240800888813743, 1.736530461374864, 1.5322002691187948)
('solution: ', array([ 5.02322658e+13,  2.69504563e+00, -2.59201043e+15]))
('guessed vol: ', -1.37470059107222e-43)
('volume: ', 1.37470059107222e-43, ' is out of bounds.')
('reset starting point: ', 2.904408831355287, 1.1306505508252815, 1.042430308777245)
('solution: ', array([ 5.44413613e+14,  2.76802931e+00, -2.60280396e+16]))
('guessed vol: ', -1.36979712252044e-46)
('volume: ', 1.36979712252044e-46, ' is out of bounds.')
('range ', 3, 2, 2, ' does not work')
('try bound: ', [[2, 3], [1, 2], [2, 3]])
('reset starting point: ', 2.267977898507571, 1.5583704779784038, 2.5273122912950785)
('solution: ', array([ 7.54043391e+14,  2.47453725e+00, -5.37108227e+16]))
('guessed vol: ', -1.74479580448506e-47)
('volume: ', 1.74479580448506e-47, ' is out of bounds.')
('reset starting point: ', 2.139405557394938, 1.1341774096878119, 2.5145415773905655)
('solution: ', array([ 8.04931000e+14,  2.51399467e+00, -5.34227974e+16]))
('guessed vol: ', -1.70241417033323e-47)
('volume: ', 1.70241417033323e-47, ' is out of bounds.')
('reset starting point: ', 2.5180822569029866, 1.9703338567348732, 2.7964240033086165)
('solution: ', array([ 3.76067603e+13,  2.71551849e+00, -1.89714678e+15]))
('guessed vol: ', -3.50708930014346e-43)
('volume: ', 3.50708930014346e-43, ' is out of bounds.')
('range ', 3, 2, 3, ' does not work')
('try bound: ', [[2, 3], [2, 3], [0, 1]])
('reset starting point: ', 2.7387504699770706, 2.475590396993309, 0.5532287696458222)
('solution: ', array([ 4.55291706e+14,  2.67560110e+00, -2.40257600e+16]))
('guessed vol: ', -1.72851583270179e-46)
('volume: ', 1.72851583270179e-46, ' is out of bounds.')
('reset starting point: ', 2.2297182221674183, 2.0682290857610726, 0.8883389913868768)
('solution: ', array([ 2.50140024e+14,  2.76180997e+00, -1.20316616e+16]))
('guessed vol: ', -1.38456216542564e-45)
('volume: ', 1.38456216542564e-45, ' is out of bounds.')
('reset starting point: ', 2.5160042951503367, 2.376142027861551, 0.3776806617564581)
('solution: ', array([5.37835932, 3.29048727, 0.12895686]))
('guessed vol: ', -0.000979978203860771)
('volume: ', 0.000979978203860771, ' is out of bounds.')
('range ', 3, 3, 1, ' does not work')
('try bound: ', [[2, 3], [2, 3], [1, 2]])
('reset starting point: ', 2.3242530850025975, 2.8676031606267096, 1.9361698959628275)
('solution: ', array([ 8.24152028e+14,  2.63732921e+00, -4.55823354e+16]))
('guessed vol: ', -2.55012801826946e-47)
('volume: ', 2.55012801826946e-47, ' is out of bounds.')
('reset starting point: ', 2.2205054859832702, 2.6597180100790023, 1.2769677000534476)
('solution: ', array([ 9.38575545e+13,  2.69359455e+00, -4.85104837e+15]))
('guessed vol: ', -2.09715808212605e-44)
('volume: ', 2.09715808212605e-44, ' is out of bounds.')
('reset starting point: ', 2.939173201990097, 2.5376403854070038, 1.4629601610492204)
('solution: ', array([ 2.06711057e+15,  2.81219740e+00, -9.48739014e+16]))
('guessed vol: ', -2.87294460275465e-48)
('volume: ', 2.87294460275465e-48, ' is out of bounds.')
('range ', 3, 3, 2, ' does not work')
('try bound: ', [[2, 3], [2, 3], [2, 3]])
('reset starting point: ', 2.398325690127448, 2.233731358317286, 2.342966805152895)
('solution: ', array([ 9.56740542e+13,  2.69191759e+00, -4.95434916e+15]))
('guessed vol: ', -1.96881838156766e-44)
('volume: ', 1.96881838156766e-44, ' is out of bounds.')
('reset starting point: ', 2.7299347550334723, 2.6892291260500594, 2.9309219844654333)
('solution: ', array([ 3.91381153e+14,  2.50016671e+00, -2.66060914e+16]))
('guessed vol: ', -1.39646468531808e-46)
('volume: ', 1.39646468531808e-46, ' is out of bounds.')
('reset starting point: ', 2.617764623576361, 2.4023937205104233, 2.402348983209205)
('solution: ', array([ 5.91441779e+14,  2.65161413e+00, -3.21281414e+16]))
('guessed vol: ', -7.25691176046104e-47)
('volume: ', 7.25691176046104e-47, ' is out of bounds.')
('range ', 3, 3, 3, ' does not work')
Done.
('vol_list: ', [])
('sol_list: ', [])
('dist_list: ', [])
('try bound: ', [[0, 1], [0, 1], [3, 4]])
('reset starting point: ', 0.9730023145653317, 0.8031337913328535, 3.3202900579094514)
('solution: ', array([ 1.45358321e+15,  2.47896118e+00, -1.02685406e+17]))
('guessed vol: ', -2.48434398316327e-48)
('volume: ', 2.48434398316327e-48, ' is out of bounds.')
('reset starting point: ', 0.9846654950102051, 0.6670697793711731, 3.3005399988752075)
('solution: ', array([ 7.45260919e+14,  2.41758233e+00, -5.96001958e+16]))
('guessed vol: ', -1.37909096992937e-47)
('volume: ', 1.37909096992937e-47, ' is out of bounds.')
('reset starting point: ', 0.11736122104575875, 0.932209354198012, 3.818611299634664)
('solution: ', array([ 0.92686763,  2.83405149, 70.52169379]))
('guessed vol: ', 0.0227919472664616)
('volume: ', 0.0227919472664616, ' is out of bounds.')
('range ', 1, 1, 4, ' does not work')
('try bound: ', [[0, 1], [1, 2], [3, 4]])
('reset starting point: ', 0.7408190748167324, 1.7591560081316633, 3.9994461213066304)
('solution: ', array([ 1.19489846e+15,  2.38403070e+00, -1.03237934e+17]))
('guessed vol: ', -2.80863122042438e-48)
('volume: ', 2.80863122042438e-48, ' is out of bounds.')
('reset starting point: ', 0.2281342706782702, 1.9122800626581071, 3.352271713547416)
('solution: ', array([ 1.07885817e+16,  2.16513291e+00, -2.10489935e+18]))
('guessed vol: ', -6.83305989205064e-52)
('volume: ', 6.83305989205064e-52, ' is out of bounds.')
('reset starting point: ', 0.41673552423565074, 1.613074805663785, 3.0098854733051006)
('solution: ', array([ 2.83373540e+14,  2.66940106e+00, -1.50638926e+16]))
('guessed vol: ', -7.01824588112344e-46)
('volume: ', 7.01824588112344e-46, ' is out of bounds.')
('range ', 1, 2, 4, ' does not work')
('try bound: ', [[0, 1], [2, 3], [3, 4]])
('reset starting point: ', 0.7245015881468667, 2.170679930219165, 3.9479778582065483)
('solution: ', array([ 4.49321885e+15,  2.35374460e+00, -4.19175538e+17]))
('guessed vol: ', -4.45436325519019e-50)
('volume: ', 4.45436325519019e-50, ' is out of bounds.')
('reset starting point: ', 0.4073757056021894, 2.7327526817667844, 3.214016233300449)
('solution: ', array([ 1.71805289e+14,  2.75208386e+00, -8.34374410e+15]))
('guessed vol: ', -4.14245769127839e-45)
('volume: ', 4.14245769127839e-45, ' is out of bounds.')
('reset starting point: ', 0.29415101362943896, 2.4685115035008693, 3.1990556314401095)
('solution: ', array([ 1.47141871e+15,  2.31100711e+00, -1.55057509e+17]))
('guessed vol: ', -9.72896726900306e-49)
('volume: ', 9.72896726900306e-49, ' is out of bounds.')
('range ', 1, 3, 4, ' does not work')
('try bound: ', [[0, 1], [3, 4], [0, 1]])
('reset starting point: ', 0.8562040143759723, 3.5929530058442163, 0.7331952484783393)
('solution: ', array([ 6.50946777e+14,  2.75292037e+00, -3.15868912e+16]))
('guessed vol: ', -7.63652037366113e-47)
('volume: ', 7.63652037366113e-47, ' is out of bounds.')
('reset starting point: ', 0.5206039906055183, 3.4475519161204895, 0.9542291924180529)
('solution: ', array([ 8.41054445e+14,  2.55453927e+00, -5.22647006e+16]))
('guessed vol: ', -1.76018308208622e-47)
('volume: ', 1.76018308208622e-47, ' is out of bounds.')
('reset starting point: ', 0.6946527884511396, 3.8553763359917443, 0.18900241798870732)
('solution: ', array([ 3.00666572e+14,  2.63401430e+00, -1.67002729e+16]))
('guessed vol: ', -5.19034957434464e-46)
('volume: ', 5.19034957434464e-46, ' is out of bounds.')
('range ', 1, 4, 1, ' does not work')
('try bound: ', [[0, 1], [3, 4], [1, 2]])
('reset starting point: ', 0.1369672439795222, 3.0970543863227653, 1.8798508558984985)
('solution: ', array([ 2.38355165e+15,  2.22871789e+00, -3.37844827e+17]))
('guessed vol: ', -1.22339878957631e-49)
('volume: ', 1.22339878957631e-49, ' is out of bounds.')
('reset starting point: ', 0.8503042089303526, 3.748919633949704, 1.9753007312709414)
('solution: ', array([ 1.53627495e+15,  2.34511797e+00, -1.46687928e+17]))
('guessed vol: ', -1.05898988861190e-48)
('volume: ', 1.05898988861190e-48, ' is out of bounds.')
('reset starting point: ', 0.3883512645467393, 3.1551733137557973, 1.9956972574701455)
('solution: ', array([ 2.78873427e+15,  2.32336251e+00, -2.83187715e+17]))
('guessed vol: ', -1.54813445426945e-49)
('volume: ', 1.54813445426945e-49, ' is out of bounds.')
('range ', 1, 4, 2, ' does not work')
('try bound: ', [[0, 1], [3, 4], [2, 3]])
('reset starting point: ', 0.9397702708827451, 3.830681746290652, 2.7640102983711143)
('solution: ', array([ 1.90254235e+15,  2.39881039e+00, -1.58727425e+17]))
('guessed vol: ', -7.52815305050517e-49)
('volume: ', 7.52815305050517e-49, ' is out of bounds.')
('reset starting point: ', 0.1005357089261264, 3.0701826203200353, 2.435931397746111)
('solution: ', array([ 5.16653007e+14,  2.27310084e+00, -6.16664853e+16]))
('guessed vol: ', -1.72275903800629e-47)
('volume: ', 1.72275903800629e-47, ' is out of bounds.')
('reset starting point: ', 0.5625361286497284, 3.193099312238164, 2.8715501605316778)
('solution: ', array([ 9.10469032e+14,  2.39582105e+00, -7.64895796e+16]))
('guessed vol: ', -6.76194852693918e-48)
('volume: ', 6.76194852693918e-48, ' is out of bounds.')
('range ', 1, 4, 3, ' does not work')
('try bound: ', [[0, 1], [3, 4], [3, 4]])
('reset starting point: ', 0.5190966476842864, 3.948026827382692, 3.960878372160377)
('solution: ', array([ 1.54557818e+15,  2.52157063e+00, -1.01275112e+17]))
('guessed vol: ', -2.48201830557791e-48)
('volume: ', 2.48201830557791e-48, ' is out of bounds.')
('reset starting point: ', 0.40935370815951544, 3.655495274577502, 3.664502809805734)
('solution: ', array([ 1.36167590e+15,  2.30136617e+00, -1.47869898e+17]))
('guessed vol: ', -1.15084337878110e-48)
('volume: ', 1.15084337878110e-48, ' is out of bounds.')
('reset starting point: ', 0.9421719907722024, 3.7861772030524667, 3.8327723071320134)
('solution: ', array([ 1.64686981e+15,  2.46156072e+00, -1.20258511e+17]))
('guessed vol: ', -1.57882008049892e-48)
('volume: ', 1.57882008049892e-48, ' is out of bounds.')
('range ', 1, 4, 4, ' does not work')
('try bound: ', [[1, 2], [0, 1], [3, 4]])
('reset starting point: ', 1.806438295163261, 0.39544014893486656, 3.5729398596314694)
('solution: ', array([  1.50644879,   1.32363216, -37.18289341]))
('guessed vol: ', -0.00277518403904308)
('volume: ', 0.00277518403904308, ' is out of bounds.')
('reset starting point: ', 1.217657192712374, 0.5221436099523095, 3.268987649996042)
('solution: ', array([ 1.17238869e+15,  2.52543813e+00, -7.63284384e+16]))
('guessed vol: ', -5.77846492505972e-48)
('volume: ', 5.77846492505972e-48, ' is out of bounds.')
('reset starting point: ', 1.449775531512456, 0.10846273590415789, 3.7092174227360566)
('solution: ', array([ 2.32231264,  0.94158516, 54.48180556]))
('guessed vol: ', 0.0382113183615747)
('volume: ', 0.0382113183615747, ' is out of bounds.')
('range ', 2, 1, 4, ' does not work')
('try bound: ', [[1, 2], [1, 2], [3, 4]])
('reset starting point: ', 1.1761637756322152, 1.381183695521694, 3.8543787456130048)
('solution: ', array([ 7.31799762e+14,  2.44306955e+00, -5.54469898e+16]))
('guessed vol: ', -1.65013434033879e-47)
('volume: ', 1.65013434033879e-47, ' is out of bounds.')
('reset starting point: ', 1.660850875692463, 1.1907896723790472, 3.560848399475848)
('solution: ', array([ 6.25535857e+14,  2.61374179e+00, -3.56862729e+16]))
('guessed vol: ', -5.35656582359292e-47)
('volume: ', 5.35656582359292e-47, ' is out of bounds.')
('reset starting point: ', 1.766919213852912, 1.325792806708358, 3.4038980561069163)
('solution: ', array([ 1.00127213e+15,  2.51991501e+00, -6.57914304e+16]))
('guessed vol: ', -9.06637454015870e-48)
('volume: ', 9.06637454015870e-48, ' is out of bounds.')
('range ', 2, 2, 4, ' does not work')
('try bound: ', [[1, 2], [2, 3], [3, 4]])
('reset starting point: ', 1.856385305369272, 2.819376508934026, 3.2153684976164376)
('solution: ', array([ 4.73930471e+14,  2.44640293e+00, -3.56657993e+16]))
('guessed vol: ', -6.17210103269615e-47)
('volume: ', 6.17210103269615e-47, ' is out of bounds.')
('reset starting point: ', 1.4198102820476457, 2.882322619507294, 3.387101852555769)
('solution: ', array([ 9.86296771e+14,  2.53647477e+00, -6.30642648e+16]))
('guessed vol: ', -1.01533465311798e-47)
('volume: ', 1.01533465311798e-47, ' is out of bounds.')
('reset starting point: ', 1.8633206617043019, 2.7099536639504516, 3.112755939810884)
('solution: ', array([ 1.74187841e+15,  2.51345096e+00, -1.15714706e+17]))
('guessed vol: ', -1.67608255104918e-48)
('volume: ', 1.67608255104918e-48, ' is out of bounds.')
('range ', 2, 3, 4, ' does not work')
('try bound: ', [[1, 2], [3, 4], [0, 1]])
('reset starting point: ', 1.5025082182590017, 3.615720645766416, 0.38388032679923034)
('solution: ', array([5.37835932, 3.29048727, 0.12895685]))
('guessed vol: ', -0.000979978203860771)
('volume: ', 0.000979978203860771, ' is out of bounds.')
('reset starting point: ', 1.6277554707129416, 3.72806398607867, 0.6320184293351935)
('solution: ', array([ 6.29711454e+14,  2.61558298e+00, -3.58355611e+16]))
('guessed vol: ', -5.28613595867655e-47)
('volume: ', 5.28613595867655e-47, ' is out of bounds.')
('reset starting point: ', 1.4728094260115148, 3.970831899720935, 0.8372746424882422)
('solution: ', array([ 5.46494511e+14,  2.64159340e+00, -3.00618827e+16]))
('guessed vol: ', -8.87974671544000e-47)
('volume: ', 8.87974671544000e-47, ' is out of bounds.')
('range ', 2, 4, 1, ' does not work')
('try bound: ', [[1, 2], [3, 4], [1, 2]])
('reset starting point: ', 1.0273450185545996, 3.6357164638425177, 1.687043143922208)
('solution: ', array([ 3.77545179e+15,  2.34340019e+00, -3.62190186e+17]))
('guessed vol: ', -7.06183949355967e-50)
('volume: ', 7.06183949355967e-50, ' is out of bounds.')
('reset starting point: ', 1.5191816280546266, 3.7265675608574984, 1.868027927094618)
('solution: ', array([ 1.10638785e+15,  2.38377666e+00, -9.56494905e+16]))
('guessed vol: ', -3.53319172580079e-48)
('volume: ', 3.53319172580079e-48, ' is out of bounds.')
('reset starting point: ', 1.75539871705404, 3.4455695858510316, 1.560439410045554)
('solution: ', array([ 7.99685919e+14,  2.55587095e+00, -4.95919511e+16]))
('guessed vol: ', -2.05851492109218e-47)
('volume: ', 2.05851492109218e-47, ' is out of bounds.')
('range ', 2, 4, 2, ' does not work')
('try bound: ', [[1, 2], [3, 4], [2, 3]])
('reset starting point: ', 1.83883001778308, 3.980972205372394, 2.766296757581851)
('solution: ', array([ 2.34419061e+14,  2.75130844e+00, -1.13934293e+16]))
('guessed vol: ', -1.62670586034395e-45)
('volume: ', 1.62670586034395e-45, ' is out of bounds.')
('reset starting point: ', 1.062500820427462, 3.869535398156727, 2.0585541051838234)
('solution: ', array([ 4.34448655e+14,  2.51114422e+00, -2.89750291e+16]))
('guessed vol: ', -1.06982826775990e-46)
('volume: ', 1.06982826775990e-46, ' is out of bounds.')
('reset starting point: ', 1.373206706137118, 3.1973124490859446, 2.506005142373643)
('solution: ', array([ 2.17295013e+15,  2.37435202e+00, -1.92253623e+17]))
('guessed vol: ', -4.42876747692309e-49)
('volume: ', 4.42876747692309e-49, ' is out of bounds.')
('range ', 2, 4, 3, ' does not work')
('try bound: ', [[1, 2], [3, 4], [3, 4]])
('reset starting point: ', 1.9226543994900909, 3.1495447927610583, 3.756789736591033)
('solution: ', array([ 1.44093766e+15,  2.36962135e+00, -1.29010112e+17]))
('guessed vol: ', -1.47920385362529e-48)
('volume: ', 1.47920385362529e-48, ' is out of bounds.')
('reset starting point: ', 1.4468166819583286, 3.846359817868228, 3.255995507456723)
('solution: ', array([ 5.25828024e+14,  2.57400793e+00, -3.17286851e+16]))
('guessed vol: ', -7.77041757246392e-47)
('volume: ', 7.77041757246392e-47, ' is out of bounds.')
('reset starting point: ', 1.9615301231503928, 3.0620051040746707, 3.2941339411901747)
('solution: ', array([ 2.12328542e+15,  2.46296579e+00, -1.54624659e+17]))
('guessed vol: ', -7.41463115611957e-49)
('volume: ', 7.41463115611957e-49, ' is out of bounds.')
('range ', 2, 4, 4, ' does not work')
('try bound: ', [[2, 3], [0, 1], [3, 4]])
('reset starting point: ', 2.057943688097031, 0.12162064559935126, 3.88030041227918)
('solution: ', array([-7.14946575e+07,  2.05023825e+00, -6.01114679e+02]))
('guessed vol: ', 5.50337023513595e-21)
('volume: ', 5.50337023513595e-21, ' is out of bounds.')
('reset starting point: ', 2.1858429768349503, 0.009007641090864604, 3.1425223133807814)
('solution: ', array([ 1.1270251 ,  0.33171349, 55.21806227]))
('guessed vol: ', 0.0373975545984605)
('volume: ', 0.0373975545984605, ' is out of bounds.')
('reset starting point: ', 2.4066801575858654, 0.34095194721662403, 3.652752571346934)
('solution: ', array([ 6.00618412e+14,  2.76374163e+00, -2.88350410e+16]))
('guessed vol: ', -1.00631794079716e-46)
('volume: ', 1.00631794079716e-46, ' is out of bounds.')
('range ', 3, 1, 4, ' does not work')
('try bound: ', [[2, 3], [1, 2], [3, 4]])
('reset starting point: ', 2.0727529110498373, 1.28014766406565, 3.2841613263600586)
('solution: ', array([ 1.72797993e+14,  2.72531813e+00, -8.62626877e+15]))
('guessed vol: ', -3.73344809183544e-45)
('volume: ', 3.73344809183544e-45, ' is out of bounds.')
('reset starting point: ', 2.7772657876125333, 1.635390765427606, 3.948280202936693)
('solution: ', array([ 2.10025461e+14,  2.72648835e+00, -1.04717462e+16]))
('guessed vol: ', -2.08724052269301e-45)
('volume: ', 2.08724052269301e-45, ' is out of bounds.')
('reset starting point: ', 2.2054470311523757, 1.9500457653779946, 3.128863935882263)
('solution: ', array([ 1.19726090e+15,  2.31728822e+00, -1.23788373e+17]))
('guessed vol: ', -1.88164156265515e-48)
('volume: ', 1.88164156265515e-48, ' is out of bounds.')
('range ', 3, 2, 4, ' does not work')
('try bound: ', [[2, 3], [2, 3], [3, 4]])
('reset starting point: ', 2.7353766710546585, 2.9856333078196764, 3.794915543306045)
('solution: ', array([ 1.34362943e+15,  2.36652729e+00, -1.21246609e+17]))
('guessed vol: ', -1.79287860426419e-48)
('volume: ', 1.79287860426419e-48, ' is out of bounds.')
('reset starting point: ', 2.444666304086514, 2.567269384943415, 3.567867384589259)
('solution: ', array([ 1.30913979e+15,  2.46748840e+00, -9.45078541e+16]))
('guessed vol: ', -3.22948363864623e-48)
('volume: ', 3.22948363864623e-48, ' is out of bounds.')
('reset starting point: ', 2.0390522089635956, 2.176641835053018, 3.9552780690024343)
('solution: ', array([ 4.34854632e+14,  2.32862041e+00, -4.34879647e+16]))
('guessed vol: ', -4.22094445765012e-47)
('volume: ', 4.22094445765012e-47, ' is out of bounds.')
('range ', 3, 3, 4, ' does not work')
('try bound: ', [[2, 3], [3, 4], [0, 1]])
('reset starting point: ', 2.8015847973885983, 3.260862931747922, 0.39799527929337786)
('solution: ', array([5.37835932, 3.29048727, 0.12895686]))
('guessed vol: ', -0.000979978203860771)
('volume: ', 0.000979978203860771, ' is out of bounds.')
('reset starting point: ', 2.2546494722668746, 3.8177768056529207, 0.3639782075045661)
('solution: ', array([ 5.36766248,  3.28516292, -0.13000653]))
('guessed vol: ', -0.000968527998801598)
('volume: ', 0.000968527998801598, ' is out of bounds.')
('reset starting point: ', 2.3616860870612832, 3.3086295895759137, 0.37031173745454693)
('solution: ', array([ 1.39445168e+15,  2.57154633e+00, -8.44491548e+16]))
('guessed vol: ', -4.12713003369036e-48)
('volume: ', 4.12713003369036e-48, ' is out of bounds.')
('range ', 3, 4, 1, ' does not work')
('try bound: ', [[2, 3], [3, 4], [1, 2]])
('reset starting point: ', 2.89315470916259, 3.275212335189992, 1.428794776436149)
('solution: ', array([ 7.75121469e+14,  2.63132987e+00, -4.32031737e+16]))
('guessed vol: ', -3.00035726757267e-47)
('volume: ', 3.00035726757267e-47, ' is out of bounds.')
('reset starting point: ', 2.0131273370336964, 3.5307182714906515, 1.8986433404876553)
('solution: ', array([ 3.64591166e+14,  2.59563941e+00, -2.13245343e+16]))
('guessed vol: ', -2.53026248764491e-46)
('volume: ', 2.53026248764491e-46, ' is out of bounds.')
('reset starting point: ', 2.6755133232894504, 3.301462880834436, 1.6279938407111212)
('solution: ', array([ 1.50404315e+15,  2.57649973e+00, -9.04221659e+16]))
('guessed vol: ', -3.35234171450061e-48)
('volume: ', 3.35234171450061e-48, ' is out of bounds.')
('range ', 3, 4, 2, ' does not work')
('try bound: ', [[2, 3], [3, 4], [2, 3]])
('reset starting point: ', 2.6884892818638337, 3.152419743458544, 2.3147898743549558)
('solution: ', array([ 1.15232916e+15,  2.42597792e+00, -9.04913572e+16]))
('guessed vol: ', -3.89001737799118e-48)
('volume: ', 3.89001737799118e-48, ' is out of bounds.')
('reset starting point: ', 2.1439640185274014, 3.828916770592014, 2.3697096788837504)
('solution: ', array([ 6.52914617e+14,  2.54671226e+00, -4.10718566e+16]))
('guessed vol: ', -3.64719258493308e-47)
('volume: ', 3.64719258493308e-47, ' is out of bounds.')
('reset starting point: ', 2.538153369449529, 3.867698896748474, 2.081735137789412)
('solution: ', array([ 1.70962111e+14,  2.64934509e+00, -9.31319217e+15]))
('guessed vol: ', -2.98078996103052e-45)
('volume: ', 2.98078996103052e-45, ' is out of bounds.')
('range ', 3, 4, 3, ' does not work')
('try bound: ', [[2, 3], [3, 4], [3, 4]])
('reset starting point: ', 2.451204948315341, 3.0497475892930153, 3.781383718943612)
('solution: ', array([ 8.45801896e+14,  2.35908572e+00, -7.78035387e+16]))
('guessed vol: ', -6.88846129923396e-48)
('volume: ', 6.88846129923396e-48, ' is out of bounds.')
('reset starting point: ', 2.8735516016086056, 3.9761281860136624, 3.0660575595736113)
('solution: ', array([ 1.19427347e+15,  2.99931929e+00, -4.77904673e+16]))
('guessed vol: ', -2.60398782598261e-47)
('volume: ', 2.60398782598261e-47, ' is out of bounds.')
('reset starting point: ', 2.743015590463761, 3.6101970527441196, 3.146853682512761)
('solution: ', array([ 1.66734944e+15,  2.55284988e+00, -1.03883701e+17]))
('guessed vol: ', -2.24413411629230e-48)
('volume: ', 2.24413411629230e-48, ' is out of bounds.')
('range ', 3, 4, 4, ' does not work')
('try bound: ', [[3, 4], [0, 1], [0, 1]])
('reset starting point: ', 3.362048465248703, 0.16385688365067375, 0.7362841220848236)
('solution: ', array([ 4.89913144e+14,  2.54395276e+00, -3.09528397e+16]))
('guessed vol: ', -8.53834053994738e-47)
('volume: ', 8.53834053994738e-47, ' is out of bounds.')
('reset starting point: ', 3.593075437730582, 0.7120395654913823, 0.2060035761253809)
('solution: ', array([5.37835932, 3.29048727, 0.12895686]))
('guessed vol: ', -0.000979978203860771)
('volume: ', 0.000979978203860771, ' is out of bounds.')
('reset starting point: ', 3.9077075466092785, 0.2824097005010878, 0.9389911179858982)
('solution: ', array([5.37835932, 3.29048727, 0.12895686]))
('guessed vol: ', -0.000979978203860771)
('volume: ', 0.000979978203860771, ' is out of bounds.')
('range ', 4, 1, 1, ' does not work')
('try bound: ', [[3, 4], [0, 1], [1, 2]])
('reset starting point: ', 3.6035071271640553, 0.728789035836432, 1.8569624225029124)
('solution: ', array([ 2.50691531e+14,  2.60689734e+00, -1.44354158e+16]))
('guessed vol: ', -8.11544780290958e-46)
('volume: ', 8.11544780290958e-46, ' is out of bounds.')
('reset starting point: ', 3.6789824008859675, 0.4735651590483745, 1.8167874909878048)
('solution: ', array([ 3.64571240e+14,  2.59176054e+00, -2.14404388e+16]))
('guessed vol: ', -2.49416247260527e-46)
('volume: ', 2.49416247260527e-46, ' is out of bounds.')
('reset starting point: ', 3.6238139727927203, 0.6784842773756949, 1.2529754240638182)
('solution: ', array([ 7.20607547e+14,  2.49385886e+00, -4.95393993e+16]))
('guessed vol: ', -2.17720536878067e-47)
('volume: ', 2.17720536878067e-47, ' is out of bounds.')
('range ', 4, 1, 2, ' does not work')
('try bound: ', [[3, 4], [0, 1], [2, 3]])
('reset starting point: ', 3.53106618255579, 0.25167202660579413, 2.917915696076351)
('solution: ', array([ 2.84079995e+14,  2.67949388e+00, -1.49226728e+16]))
('guessed vol: ', -7.21092921854895e-46)
('volume: ', 7.21092921854895e-46, ' is out of bounds.')
('reset starting point: ', 3.6236181290815277, 0.009688835065897572, 2.6118384350439188)
('solution: ', array([-1.67058638e+21,  1.20678948e+00,  9.25497775e+01]))
('guessed vol: ', -9.12380765284476e-45)
('volume: ', 9.12380765284476e-45, ' is out of bounds.')
('reset starting point: ', 3.28410053472505, 0.8532292931731743, 2.392303736859589)
('solution: ', array([ 2.17933953e+14,  2.74238370e+00, -1.06882360e+16]))
('guessed vol: ', -1.96716067386541e-45)
('volume: ', 1.96716067386541e-45, ' is out of bounds.')
('range ', 4, 1, 3, ' does not work')
('try bound: ', [[3, 4], [0, 1], [3, 4]])
('reset starting point: ', 3.5286761640497377, 0.3462448567654536, 3.5739374406934123)
('solution: ', array([ 6.09545498e+14,  2.66870005e+00, -3.24300404e+16]))
('guessed vol: ', -7.03461337879988e-47)
('volume: ', 7.03461337879988e-47, ' is out of bounds.')
('reset starting point: ', 3.1121658013649536, 0.15154347853507855, 3.6615193878172407)
('solution: ', array([ 2.52152156e+15,  2.30052965e+00, -2.74550617e+17]))
('guessed vol: ', -1.80209077766732e-49)
('volume: ', 1.80209077766732e-49, ' is out of bounds.')
('reset starting point: ', 3.1347717510723836, 0.29751639599649793, 3.3431815409692898)
('solution: ', array([ 7.62611882e+14,  2.52163338e+00, -4.99654414e+16]))
('guessed vol: ', -2.06671366223342e-47)
('volume: ', 2.06671366223342e-47, ' is out of bounds.')
('range ', 4, 1, 4, ' does not work')
('try bound: ', [[3, 4], [1, 2], [0, 1]])
('reset starting point: ', 3.832006886649242, 1.6039578000583306, 0.38025457263821205)
('solution: ', array([5.37835932, 3.29048727, 0.12895686]))
('guessed vol: ', -0.000979978203860771)
('volume: ', 0.000979978203860771, ' is out of bounds.')
('reset starting point: ', 3.278995869012145, 1.8730252390473703, 0.5220767359106536)
('solution: ', array([ 1.80602504e+14,  2.73741066e+00, -8.90268709e+15]))
('guessed vol: ', -3.40139140309422e-45)
('volume: ', 3.40139140309422e-45, ' is out of bounds.')
('reset starting point: ', 3.9567078023112954, 1.010547706552002, 0.11130659083970762)
('solution: ', array([5.37835932, 3.29048727, 0.12895686]))
('guessed vol: ', -0.000979978203860771)
('volume: ', 0.000979978203860771, ' is out of bounds.')
('range ', 4, 2, 1, ' does not work')
('try bound: ', [[3, 4], [1, 2], [1, 2]])
('reset starting point: ', 3.3665702290522135, 1.5035148314287823, 1.344678492536426)
('solution: ', array([ 2.62857152e+15,  3.08262922e+00, -1.00460603e+17]))
('guessed vol: ', -3.12055584945259e-48)
('volume: ', 3.12055584945259e-48, ' is out of bounds.')
('reset starting point: ', 3.80144450639263, 1.3911081744203515, 1.021487495097674)
('solution: ', array([ 1.50478990e+15,  3.04298527e+00, -5.87244925e+16]))
('guessed vol: ', -1.47975630374596e-47)
('volume: ', 1.47975630374596e-47, ' is out of bounds.')
('reset starting point: ', 3.8383788768220963, 1.4921953914747053, 1.113861414535838)
('solution: ', array([ 9.38472970e+14,  2.99379639e+00, -3.76798077e+16]))
('guessed vol: ', -5.28018238393550e-47)
('volume: ', 5.28018238393550e-47, ' is out of bounds.')
('range ', 4, 2, 2, ' does not work')
('try bound: ', [[3, 4], [1, 2], [2, 3]])
('reset starting point: ', 3.0325573864214785, 1.7327679854250067, 2.705319823755778)
('solution: ', array([ 4.81394396e+14,  2.65534726e+00, -2.60298867e+16]))
('guessed vol: ', -1.36349704369342e-46)
('volume: ', 1.36349704369342e-46, ' is out of bounds.')
('reset starting point: ', 3.8411744242629977, 1.6960373081797933, 2.521062340673504)
('solution: ', array([ 5.33248161e+14,  2.72329430e+00, -2.66775380e+16]))
('guessed vol: ', -1.26200127756886e-46)
('volume: ', 1.26200127756886e-46, ' is out of bounds.')
('reset starting point: ', 3.721930763226022, 1.4702196492110975, 2.061871355079897)
('solution: ', array([ 1.34959674e+15,  2.76014464e+00, -6.50214230e+16]))
('guessed vol: ', -8.76891741432968e-48)
('volume: ', 8.76891741432968e-48, ' is out of bounds.')
('range ', 4, 2, 3, ' does not work')
('try bound: ', [[3, 4], [1, 2], [3, 4]])
('reset starting point: ', 3.0654426826336656, 1.8601189739883774, 3.2639791180116853)
('solution: ', array([ 9.41238736e+14,  2.61751628e+00, -5.34252999e+16]))
('guessed vol: ', -1.59412734188928e-47)
('volume: ', 1.59412734188928e-47, ' is out of bounds.')
('reset starting point: ', 3.448854973005055, 1.281887985576701, 3.616549751963288)
('solution: ', array([ 4.57589822e+14,  2.64023953e+00, -2.52146681e+16]))
('guessed vol: ', -1.50537610014862e-46)
('volume: ', 1.50537610014862e-46, ' is out of bounds.')
('reset starting point: ', 3.882017169018238, 1.4288994641903383, 3.4528132769845734)
('solution: ', array([ 5.82903427e+14,  2.77390806e+00, -2.77111388e+16]))
('guessed vol: ', -1.13692433646347e-46)
('volume: ', 1.13692433646347e-46, ' is out of bounds.')
('range ', 4, 2, 4, ' does not work')
('try bound: ', [[3, 4], [2, 3], [0, 1]])
('reset starting point: ', 3.7811689976072342, 2.237888509163076, 0.9580890943741129)
('solution: ', array([ 1.42206722e+15,  2.87356790e+00, -6.20304666e+16]))
('guessed vol: ', -1.06345321437607e-47)
('volume: ', 1.06345321437607e-47, ' is out of bounds.')
('reset starting point: ', 3.1022827294535875, 2.7867746417831434, 0.08582664323358302)
('solution: ', array([5.37835932, 3.29048727, 0.12895686]))
('guessed vol: ', -0.000979978203860771)
('volume: ', 0.000979978203860771, ' is out of bounds.')
('reset starting point: ', 3.1758221039730725, 2.5430887754414355, 0.9674709084869015)
('solution: ', array([ 9.21209068e+14,  2.74715088e+00, -4.49610596e+16]))
('guessed vol: ', -2.64492144255924e-47)
('volume: ', 2.64492144255924e-47, ' is out of bounds.')
('range ', 4, 3, 1, ' does not work')
('try bound: ', [[3, 4], [2, 3], [1, 2]])
('reset starting point: ', 3.57771014536243, 2.949101292434376, 1.9866972377769048)
('solution: ', array([ 6.28319232e+14,  2.56690924e+00, -3.83159745e+16]))
('guessed vol: ', -4.43123226971486e-47)
('volume: ', 4.43123226971486e-47, ' is out of bounds.')
('reset starting point: ', 3.846339585259603, 2.0246418889654123, 1.1728288676221297)
('solution: ', array([ 1.82268187e+15,  2.84736030e+00, -8.11881190e+16]))
('guessed vol: ', -4.66661383179343e-48)
('volume: ', 4.66661383179343e-48, ' is out of bounds.')
('reset starting point: ', 3.793219320423708, 2.447413685636888, 1.3429012031108647)
('solution: ', array([ 3.71861321e+14,  2.77708314e+00, -1.76248507e+16]))
('guessed vol: ', -4.42311649895827e-46)
('volume: ', 4.42311649895827e-46, ' is out of bounds.')
('range ', 4, 3, 2, ' does not work')
('try bound: ', [[3, 4], [2, 3], [2, 3]])
('reset starting point: ', 3.8216361953764135, 2.5321245085460173, 2.761926095744672)
('solution: ', array([ 8.63377836e+14,  2.57111538e+00, -5.23203799e+16]))
('guessed vol: ', -1.73593596131444e-47)
('volume: ', 1.73593596131444e-47, ' is out of bounds.')
('reset starting point: ', 3.666270273361139, 2.8051089509386102, 2.802017361912709)
('solution: ', array([ 1.62565166e+15,  2.46513042e+00, -1.17890553e+17]))
('guessed vol: ', -1.66854522570729e-48)
('volume: ', 1.66854522570729e-48, ' is out of bounds.')
('reset starting point: ', 3.9723176785717187, 2.118536371795549, 2.119914769642894)
('solution: ', array([ 2.27310229e+14,  2.73569014e+00, -1.12250552e+16]))
('guessed vol: ', -1.69647559532930e-45)
('volume: ', 1.69647559532930e-45, ' is out of bounds.')
('range ', 4, 3, 3, ' does not work')
('try bound: ', [[3, 4], [2, 3], [3, 4]])
('reset starting point: ', 3.713523830477551, 2.8442956989874535, 3.5399189108213935)
('solution: ', array([ 5.12648129e+14,  2.46909656e+00, -3.68947756e+16]))
('guessed vol: ', -5.41759904000945e-47)
('volume: ', 5.41759904000945e-47, ' is out of bounds.')
('reset starting point: ', 3.631329786684903, 2.898739395171378, 3.371884904284089)
('solution: ', array([ 1.63653705e+15,  2.47691887e+00, -1.16051288e+17]))
('guessed vol: ', -1.72501631262923e-48)
('volume: ', 1.72501631262923e-48, ' is out of bounds.')
('reset starting point: ', 3.912965719716198, 2.8458261727493017, 3.7088775024824057)
('solution: ', array([ 1.48085953e+15,  2.56518472e+00, -9.05399519e+16]))
('guessed vol: ', -3.36211937546029e-48)
('volume: ', 3.36211937546029e-48, ' is out of bounds.')
('range ', 4, 3, 4, ' does not work')
('try bound: ', [[3, 4], [3, 4], [0, 1]])
('reset starting point: ', 3.020873707468175, 3.5907969091001526, 0.4543318442605183)
('solution: ', array([ 6.00079348e+14,  2.22694925e+00, -8.57011017e+16]))
('guessed vol: ', -7.54713272618249e-48)
('volume: ', 7.54713272618249e-48, ' is out of bounds.')
('reset starting point: ', 3.416896686580875, 3.2983265833680875, 0.3072785483212992)
('solution: ', array([5.37835932, 3.29048727, 0.12895686]))
('guessed vol: ', -0.000979978203860771)
('volume: ', 0.000979978203860771, ' is out of bounds.')
('reset starting point: ', 3.256603971328574, 3.878392059117816, 0.6820446095333675)
('solution: ', array([ 4.33685633e+14,  2.81310379e+00, -1.98889098e+16]))
('guessed vol: ', -3.11966469538884e-46)
('volume: ', 3.11966469538884e-46, ' is out of bounds.')
('range ', 4, 4, 1, ' does not work')
('try bound: ', [[3, 4], [3, 4], [1, 2]])
('reset starting point: ', 3.984137301559845, 3.966129014865471, 1.2638633038440035)
('solution: ', array([ 2.20115243e+15,  2.97155471e+00, -8.96074569e+16]))
('guessed vol: ', -3.83365482415826e-48)
('volume: ', 3.83365482415826e-48, ' is out of bounds.')
('reset starting point: ', 3.999021590742375, 3.413398434645997, 1.3285644104107122)
('solution: ', array([ 4.22184396e+14,  2.66991888e+00, -2.24291070e+16]))
('guessed vol: ', -2.12604996729902e-46)
('volume: ', 2.12604996729902e-46, ' is out of bounds.')
('reset starting point: ', 3.14374359267198, 3.142038570903302, 1.9260819718387618)
('solution: ', array([ 1.09197700e+15,  2.49140547e+00, -7.54016493e+16]))
('guessed vol: ', -6.19039356400040e-48)
('volume: ', 6.19039356400040e-48, ' is out of bounds.')
('range ', 4, 4, 2, ' does not work')
('try bound: ', [[3, 4], [3, 4], [2, 3]])
('reset starting point: ', 3.9656941786327513, 3.271950835550538, 2.7808031241194664)
('solution: ', array([ 5.54711756e+14,  2.59391373e+00, -3.25234100e+16]))
('guessed vol: ', -7.13801635855422e-47)
('volume: ', 7.13801635855422e-47, ' is out of bounds.')
('reset starting point: ', 3.410503769093615, 3.574508195692775, 2.6732804616990604)
('solution: ', array([ 1.71761498e+15,  2.54933171e+00, -1.07603860e+17]))
('guessed vol: ', -2.02435295407859e-48)
('volume: ', 2.02435295407859e-48, ' is out of bounds.')
('reset starting point: ', 3.369574074848814, 3.9305098864372554, 2.65234287264508)
('solution: ', array([ 6.14115123e+14,  2.77143577e+00, -2.92641703e+16]))
('guessed vol: ', -9.64669586616599e-47)
('volume: ', 9.64669586616599e-47, ' is out of bounds.')
('range ', 4, 4, 3, ' does not work')
('try bound: ', [[3, 4], [3, 4], [3, 4]])
('reset starting point: ', 3.499526895308563, 3.031994365794928, 3.800491223822532)
('solution: ', array([ 1.19343576e+15,  2.49520011e+00, -8.18481427e+16]))
('guessed vol: ', -4.82087114580281e-48)
('volume: ', 4.82087114580281e-48, ' is out of bounds.')
('reset starting point: ', 3.3460778575034, 3.555415948578114, 3.1055590444344263)
('solution: ', array([ 1.36472654e+15,  2.49707673e+00, -9.32831439e+16]))
('guessed vol: ', -3.25021111330646e-48)
('volume: ', 3.25021111330646e-48, ' is out of bounds.')
('reset starting point: ', 3.4749053411056323, 3.1361593560133443, 3.6118773364555894)
('solution: ', array([ 4.29075520e+14,  2.52653002e+00, -2.78845464e+16]))
('guessed vol: ', -1.18407865187186e-46)
('volume: ', 1.18407865187186e-46, ' is out of bounds.')
('range ', 4, 4, 4, ' does not work')
Done.
('vol_list: ', [])
('sol_list: ', [])
('dist_list: ', [])
('try bound: ', [[0, 1], [0, 1], [4, 5]])
('reset starting point: ', 0.06900067335022386, 0.5290297133557442, 4.818110650742971)
('solution: ', array([ 0.92686763,  2.83405149, 70.52169379]))
('guessed vol: ', 0.0227919472664616)
('volume: ', 0.0227919472664616, ' is out of bounds.')
('reset starting point: ', 0.7206744915261566, 0.5250482413411555, 4.136074419473832)
('solution: ', array([  1.50644879,   1.32363216, -37.18289341]))
('guessed vol: ', -0.00277518403904308)
('volume: ', 0.00277518403904308, ' is out of bounds.')
('reset starting point: ', 0.035411466185853446, 0.2564434802053822, 4.792914200100724)
('solution: ', array([ 0.92686763,  2.83405149, 70.52169379]))
('guessed vol: ', 0.0227919472664616)
('volume: ', 0.0227919472664616, ' is out of bounds.')
('range ', 1, 1, 5, ' does not work')
('try bound: ', [[0, 1], [1, 2], [4, 5]])
('reset starting point: ', 0.25960486732120236, 1.4360383769459406, 4.170438998127653)
('solution: ', array([ 1.66615685e+15,  2.23987152e+00, -2.25470543e+17]))
('guessed vol: ', -3.94495581044670e-49)
('volume: ', 3.94495581044670e-49, ' is out of bounds.')
('reset starting point: ', 0.20333288833761165, 1.9472237916523105, 4.8377744972509875)
('solution: ', array([ 0.93130632, -1.87302965, 15.8615976 ]))
('guessed vol: ', 0.000506875503600974)
('volume: ', 0.000506875503600974, ' is out of bounds.')
('reset starting point: ', 0.5953606714732547, 1.4091629631263163, 4.9577167980105665)
('solution: ', array([ 2.80688769e+14,  2.42480113e+00, -2.20980023e+16]))
('guessed vol: ', -2.67595944104344e-46)
('volume: ', 2.67595944104344e-46, ' is out of bounds.')
('range ', 1, 2, 5, ' does not work')
('try bound: ', [[0, 1], [2, 3], [4, 5]])
('reset starting point: ', 0.3627786863650446, 2.3054811249685327, 4.801200299077663)
('solution: ', array([ 2.61773296e+14,  2.76054555e+00, -1.26068513e+16]))
('guessed vol: ', -1.20319750969945e-45)
('volume: ', 1.20319750969945e-45, ' is out of bounds.')
('reset starting point: ', 0.41029840484231495, 2.7330022495404904, 4.662969341066842)
('solution: ', array([ 8.16732213e+14,  2.53840249e+00, -5.20603970e+16]))
('guessed vol: ', -1.80211972373160e-47)
('volume: ', 1.80211972373160e-47, ' is out of bounds.')
('reset starting point: ', 0.2278958662638615, 2.6373532883904427, 4.99493774056906)
('solution: ', array([ 1.09360478e+15,  2.17714321e+00, -1.99103814e+17]))
('guessed vol: ', -7.55727147807199e-49)
('volume: ', 7.55727147807199e-49, ' is out of bounds.')
('range ', 1, 3, 5, ' does not work')
('try bound: ', [[0, 1], [3, 4], [4, 5]])
('reset starting point: ', 0.6028544727058965, 3.4892901359365616, 4.553767078259821)
('solution: ', array([ 2.32541586e+14,  2.67420912e+00, -1.22913788e+16]))
('guessed vol: ', -1.29113590204974e-45)
('volume: ', 1.29113590204974e-45, ' is out of bounds.')
('reset starting point: ', 0.6717549858741487, 3.0285100666908535, 4.845872310721495)
('solution: ', array([  1.53386196,   1.34573577, -36.11619727]))
('guessed vol: ', -0.00271290273511397)
('volume: ', 0.00271290273511397, ' is out of bounds.')
('reset starting point: ', 0.6771321018320314, 3.7034420673104425, 4.106560542952933)
('solution: ', array([ 2.85262790e+15,  2.30095857e+00, -3.10179337e+17]))
('guessed vol: ', -1.24823987956618e-49)
('volume: ', 1.24823987956618e-49, ' is out of bounds.')
('range ', 1, 4, 5, ' does not work')
('try bound: ', [[0, 1], [4, 5], [0, 1]])
('reset starting point: ', 0.967673618448261, 4.891252354734682, 0.331094996697191)
('solution: ', array([ 6.56353036e+37,  5.98303467e+38, -1.77367848e+40]))
('guessed vol: ', -2.07104694204518e-157)
('volume: ', 2.07104694204518e-157, ' is out of bounds.')
('reset starting point: ', 0.45008996997703354, 4.857434020566258, 0.2663598372312015)
('solution: ', array([ 1.11247195e+37,  2.11889558e+38, -2.87808604e+39]))
('guessed vol: ', -7.24429538966674e-155)
('volume: ', 7.24429538966674e-155, ' is out of bounds.')
('reset starting point: ', 0.8118356095844904, 4.424603712315753, 0.34012272325978765)
('solution: ', array([ 5.23521546e+35,  7.11595864e+36, -5.26257157e+38]))
('guessed vol: ', -1.15983924995389e-150)
('volume: ', 1.15983924995389e-150, ' is out of bounds.')
('range ', 1, 5, 1, ' does not work')
('try bound: ', [[0, 1], [4, 5], [1, 2]])
('reset starting point: ', 0.8873114633097218, 4.770825715208675, 1.4750932060675157)
('solution: ', array([ 7.94703471e+37,  7.17785138e+38, -2.33637561e+40]))
('guessed vol: ', -8.09644350854235e-158)
('volume: ', 8.09644350854235e-158, ' is out of bounds.')
('reset starting point: ', 0.48037082263900166, 4.353121235231895, 1.3898573453354461)
('solution: ', array([ 2.02439260e+37,  2.62954268e+38, -9.62620729e+39]))
('guessed vol: ', -3.47179899242699e-156)
('volume: ', 3.47179899242699e-156, ' is out of bounds.')
('reset starting point: ', 0.37686291348647327, 4.26135684423712, 1.8780872558173938)
('solution: ', array([ 1.33943479e+36,  2.17371753e+37, -8.71451049e+38]))
('guessed vol: ', -6.03615681291340e-152)
('volume: ', 6.03615681291340e-152, ' is out of bounds.')
('range ', 1, 5, 2, ' does not work')
('try bound: ', [[0, 1], [4, 5], [2, 3]])
('reset starting point: ', 0.19782650471195462, 4.513619675250779, 2.941221668795851)
('solution: ', array([ 4.58852429e+36,  1.05416488e+38, -5.38313067e+38]))
('guessed vol: ', -7.95825519103494e-153)
('volume: ', 7.95825519103494e-153, ' is out of bounds.')
('reset starting point: ', 0.2905039980501093, 4.755772795683685, 2.2626578698878914)
('solution: ', array([ 8.24147652e+37,  1.44190268e+39, -1.07100840e+40]))
('guessed vol: ', -1.08897304667765e-157)
('volume: ', 1.08897304667765e-157, ' is out of bounds.')
('reset starting point: ', 0.15507049230282466, 4.723834876177942, 2.7355665851962843)
('solution: ', array([ 3.45825941e+36,  1.41771072e+38, -3.39777588e+38]))
('guessed vol: ', -1.05921929231196e-152)
('volume: ', 1.05921929231196e-152, ' is out of bounds.')
('range ', 1, 5, 3, ' does not work')
('try bound: ', [[0, 1], [4, 5], [3, 4]])
('reset starting point: ', 0.5569932838569785, 4.509319857190576, 3.0637612796504894)
('solution: ', array([ 1.58945472e+37,  2.40676886e+38, -6.29186806e+39]))
('guessed vol: ', -1.06893007156471e-155)
('volume: ', 1.06893007156471e-155, ' is out of bounds.')
('reset starting point: ', 0.6876085948702565, 4.561755290190393, 3.545285569649937)
('solution: ', array([ 2.74079859e+37,  2.68710786e+38, -7.34690408e+39]))
('guessed vol: ', -6.11402633161935e-156)
('volume: ', 6.11402633161935e-156, ' is out of bounds.')
('reset starting point: ', 0.8564470627829187, 4.949010565887262, 3.3126779263170576)
('solution: ', array([ 3.64111356e+37,  4.36998656e+38, -9.59570673e+39]))
('guessed vol: ', -1.42442536202875e-156)
('volume: ', 1.42442536202875e-156, ' is out of bounds.')
('range ', 1, 5, 4, ' does not work')
('try bound: ', [[0, 1], [4, 5], [4, 5]])
('reset starting point: ', 0.6888950129207215, 4.403734887383802, 4.886525769488767)
('solution: ', array([ 1.21752505e+37,  9.03146932e+37, -4.03273796e+39]))
('guessed vol: ', -1.53996721823953e-154)
('volume: ', 1.53996721823953e-154, ' is out of bounds.')
('reset starting point: ', 0.15261331752243545, 4.181133426329886, 4.447128595266924)
('solution: ', array([ 3.22662830e+35,  1.43490143e+37, -2.08852126e+37]))
('guessed vol: ', -2.43206831908120e-148)
('volume: ', 2.43206831908120e-148, ' is out of bounds.')
('reset starting point: ', 0.15109904108266692, 4.750083696963086, 4.1922676685821445)
('solution: ', array([ 3.13884680e+36,  3.53722001e+38, -2.03530305e+38]))
('guessed vol: ', -4.16884187366234e-153)
('volume: ', 4.16884187366234e-153, ' is out of bounds.')
('range ', 1, 5, 5, ' does not work')
('try bound: ', [[1, 2], [0, 1], [4, 5]])
('reset starting point: ', 1.359320048303866, 0.20688466439823594, 4.361258195442767)
('solution: ', array([ 1.09972289e+15,  2.62969815e+00, -6.14256647e+16]))
('guessed vol: ', -1.04445976425680e-47)
('volume: ', 1.04445976425680e-47, ' is out of bounds.')
('reset starting point: ', 1.155764341260055, 0.9434124972147184, 4.677969828987573)
('solution: ', array([ 2.68918763e+15,  2.50169233e+00, -1.82320606e+17]))
('guessed vol: ', -4.33320940988430e-49)
('volume: ', 4.33320940988430e-49, ' is out of bounds.')
('reset starting point: ', 1.9572080126444775, 0.021137761203121275, 4.210328979870337)
('solution: ', array([ 2.32231264,  0.94158516, 54.48180556]))
('guessed vol: ', 0.0382113183615747)
('volume: ', 0.0382113183615747, ' is out of bounds.')
('range ', 2, 1, 5, ' does not work')
('try bound: ', [[1, 2], [1, 2], [4, 5]])
('reset starting point: ', 1.0641227043616261, 1.9608378668610902, 4.659230462283366)
('solution: ', array([ 6.69620525e+14,  2.40927425e+00, -5.45482092e+16]))
('guessed vol: ', -1.82277594329042e-47)
('volume: ', 1.82277594329042e-47, ' is out of bounds.')
('reset starting point: ', 1.1956022260276733, 1.3329022277042655, 4.258190404127776)
('solution: ', array([ 1.93163226e+15,  2.04599933e+00, -1.34447445e+18]))
('guessed vol: ', -9.17930265225270e-51)
('volume: ', 9.17930265225270e-51, ' is out of bounds.')
('reset starting point: ', 1.8804178413613264, 1.8827517228110158, 4.888026694448188)
('solution: ', array([ 2.19027873e+14,  2.47597673e+00, -1.55593000e+16]))
('guessed vol: ', -7.16540210161163e-46)
('volume: ', 7.16540210161163e-46, ' is out of bounds.')
('range ', 2, 2, 5, ' does not work')
('try bound: ', [[1, 2], [2, 3], [4, 5]])
('reset starting point: ', 1.4050868183647776, 2.686730571974962, 4.652933708373933)
('solution: ', array([ 1.69499675e+15,  2.38551997e+00, -1.45920473e+17]))
('guessed vol: ', -9.91930907717173e-49)
('volume: ', 9.91930907717173e-49, ' is out of bounds.')
('reset starting point: ', 1.6206163417316246, 2.4698051887684067, 4.201147654923986)
('solution: ', array([ 1.76862463e+15,  2.37550944e+00, -1.56030967e+17]))
('guessed vol: ', -8.26629297482849e-49)
('volume: ', 8.26629297482849e-49, ' is out of bounds.')
('reset starting point: ', 1.2052989379814747, 2.994003787820327, 4.270166429991708)
('solution: ', array([ 2.50937811e+15,  2.26336810e+00, -3.10183948e+17]))
('guessed vol: ', -1.39638669692387e-49)
('volume: ', 1.39638669692387e-49, ' is out of bounds.')
('range ', 2, 3, 5, ' does not work')
('try bound: ', [[1, 2], [3, 4], [4, 5]])
('reset starting point: ', 1.6630059740252552, 3.4403643038027494, 4.456515122922894)
('solution: ', array([ 1.38318994e+15,  2.35648143e+00, -1.28108420e+17]))
('guessed vol: ', -1.55145186986736e-48)
('volume: ', 1.55145186986736e-48, ' is out of bounds.')
('reset starting point: ', 1.5239110951270822, 3.4153422094776484, 4.175746713026496)
('solution: ', array([ 5.91421967e+14,  2.37813562e+00, -5.18386134e+16]))
('guessed vol: ', -2.24293651069497e-47)
('volume: ', 2.24293651069497e-47, ' is out of bounds.')
('reset starting point: ', 1.5290386972275791, 3.6389391750049596, 4.19512501609436)
('solution: ', array([ 1.03770995e+15,  2.54865301e+00, -6.50788210e+16]))
('guessed vol: ', -9.15508064750513e-48)
('volume: ', 9.15508064750513e-48, ' is out of bounds.')
('range ', 2, 4, 5, ' does not work')
('try bound: ', [[1, 2], [4, 5], [0, 1]])
('reset starting point: ', 1.4554974579843936, 4.030019409640507, 0.05640821045626698)
('solution: ', array([ 2.22907407e+36,  6.03395566e+35, -1.59917222e+39]))
('guessed vol: ', -8.16308775980872e-151)
('volume: ', 8.16308775980872e-151, ' is out of bounds.')
('reset starting point: ', 1.775237977585919, 4.539980329487676, 0.8548949620364223)
('solution: ', array([ 7.03633805e+35,  9.75394883e+36, -1.42572023e+39]))
('guessed vol: ', -5.39587924859656e-152)
('volume: ', 5.39587924859656e-152, ' is out of bounds.')
('reset starting point: ', 1.5845438991960497, 4.004601826655113, 0.9084591795596408)
('solution: ', array([ 1.06429537e+16,  4.85398136e+00, -3.62331459e+17]))
('guessed vol: ', -6.47511865637148e-50)
('volume: ', 6.47511865637148e-50, ' is out of bounds.')
('range ', 2, 5, 1, ' does not work')
('try bound: ', [[1, 2], [4, 5], [1, 2]])
('reset starting point: ', 1.0742006722733404, 4.520253316559637, 1.6549343316027425)
('solution: ', array([ 3.80657688e+37,  1.97077352e+38, -1.49378856e+40]))
('guessed vol: ', -1.83100932358335e-156)
('volume: ', 1.83100932358335e-156, ' is out of bounds.')
('reset starting point: ', 1.4779842435572494, 4.357832911948446, 1.0714362283390022)
('solution: ', array([ 1.48082855e+37,  7.44824989e+36, -1.84109375e+39]))
('guessed vol: ', -3.78787028981964e-152)
('volume: ', 3.78787028981964e-152, ' is out of bounds.')
('reset starting point: ', 1.8855399959690713, 4.822938839883316, 1.004932633287297)
('solution: ', array([ 5.67132391e+36,  1.02147989e+38, -9.21589148e+39]))
('guessed vol: ', -1.63531997394153e-155)
('volume: ', 1.63531997394153e-155, ' is out of bounds.')
('range ', 2, 5, 2, ' does not work')
('try bound: ', [[1, 2], [4, 5], [2, 3]])
('reset starting point: ', 1.6970344153637318, 4.898100003559913, 2.9952553182557686)
